ERROR - 2022-03-28 07:10:20 --> Error connecting to the database: No connection could be made because the target machine actively refused it
CRITICAL - 2022-03-28 07:10:20 --> Unable to connect to the database.
Main connection [MySQLi]: No connection could be made because the target machine actively refused it
#0 C:\xampp\htdocs\ukom2\system\Database\BaseConnection.php(577): CodeIgniter\Database\BaseConnection->initialize()
#1 C:\xampp\htdocs\ukom2\system\Database\BaseBuilder.php(1455): CodeIgniter\Database\BaseConnection->query('SELECT *\nFROM `...', Array, false)
#2 C:\xampp\htdocs\ukom2\system\Model.php(210): CodeIgniter\Database\BaseBuilder->get()
#3 C:\xampp\htdocs\ukom2\system\BaseModel.php(622): CodeIgniter\Model->doFirst()
#4 C:\xampp\htdocs\ukom2\app\Validation\UsersRules.php(17): CodeIgniter\BaseModel->first()
#5 C:\xampp\htdocs\ukom2\system\Validation\Validation.php(292): App\Validation\UsersRules->validateUsername('admin', 'username', Array, NULL)
#6 C:\xampp\htdocs\ukom2\system\Validation\Validation.php(157): CodeIgniter\Validation\Validation->processRules('username', 'username', 'admin', Array, Array)
#7 C:\xampp\htdocs\ukom2\system\Controller.php(160): CodeIgniter\Validation\Validation->run()
#8 C:\xampp\htdocs\ukom2\app\Controllers\Login.php(42): CodeIgniter\Controller->validate(Array)
#9 C:\xampp\htdocs\ukom2\system\CodeIgniter.php(832): App\Controllers\Login->index()
#10 C:\xampp\htdocs\ukom2\system\CodeIgniter.php(419): CodeIgniter\CodeIgniter->runController(Object(App\Controllers\Login))
#11 C:\xampp\htdocs\ukom2\system\CodeIgniter.php(326): CodeIgniter\CodeIgniter->handleRequest(NULL, Object(Config\Cache), false)
#12 C:\xampp\htdocs\ukom2\public\index.php(37): CodeIgniter\CodeIgniter->run()
#13 C:\xampp\htdocs\ukom2\system\Commands\Server\rewrite.php(43): require_once('C:\\xampp\\htdocs...')
#14 {main}
CRITICAL - 2022-03-28 08:11:28 --> CodeIgniter\Router\RouteCollection::get(): Argument #3 ($options) must be of type ?array, string given, called in C:\xampp\htdocs\ukom2\app\Config\Routes.php on line 39
#0 C:\xampp\htdocs\ukom2\app\Config\Routes.php(39): CodeIgniter\Router\RouteCollection->get('/', Array, 'Masakan::index')
#1 C:\xampp\htdocs\ukom2\system\Router\RouteCollection.php(607): CodeIgniter\CodeIgniter->Config\{closure}(Object(CodeIgniter\Router\RouteCollection))
#2 C:\xampp\htdocs\ukom2\app\Config\Routes.php(44): CodeIgniter\Router\RouteCollection->group('masakan', Object(Closure))
#3 C:\xampp\htdocs\ukom2\system\Router\RouteCollection.php(607): CodeIgniter\CodeIgniter->Config\{closure}(Object(CodeIgniter\Router\RouteCollection))
#4 C:\xampp\htdocs\ukom2\app\Config\Routes.php(77): CodeIgniter\Router\RouteCollection->group('/', Array, Object(Closure))
#5 C:\xampp\htdocs\ukom2\system\CodeIgniter.php(713): require('C:\\xampp\\htdocs...')
#6 C:\xampp\htdocs\ukom2\system\CodeIgniter.php(368): CodeIgniter\CodeIgniter->tryToRouteIt(Object(CodeIgniter\Router\RouteCollection))
#7 C:\xampp\htdocs\ukom2\system\CodeIgniter.php(326): CodeIgniter\CodeIgniter->handleRequest(NULL, Object(Config\Cache), false)
#8 C:\xampp\htdocs\ukom2\public\index.php(37): CodeIgniter\CodeIgniter->run()
#9 C:\xampp\htdocs\ukom2\system\Commands\Server\rewrite.php(43): require_once('C:\\xampp\\htdocs...')
#10 {main}
