CRITICAL - 2022-03-27 00:36:44 --> Undefined variable $dd
#0 C:\xampp\htdocs\ukom2\app\Filters\Auth.php(51): CodeIgniter\Debug\Exceptions->errorHandler(2, 'Undefined varia...', 'C:\\xampp\\htdocs...', 51)
#1 C:\xampp\htdocs\ukom2\system\Filters\Filters.php(196): App\Filters\Auth->after(Object(CodeIgniter\HTTP\IncomingRequest), Object(CodeIgniter\HTTP\Response), NULL)
#2 C:\xampp\htdocs\ukom2\system\CodeIgniter.php(436): CodeIgniter\Filters\Filters->run('masakan', 'after')
#3 C:\xampp\htdocs\ukom2\system\CodeIgniter.php(326): CodeIgniter\CodeIgniter->handleRequest(NULL, Object(Config\Cache), false)
#4 C:\xampp\htdocs\ukom2\public\index.php(37): CodeIgniter\CodeIgniter->run()
#5 C:\xampp\htdocs\ukom2\system\Commands\Server\rewrite.php(43): require_once('C:\\xampp\\htdocs...')
#6 {main}
CRITICAL - 2022-03-27 00:46:11 --> Undefined property: App\Filters\Auth::$request
#0 C:\xampp\htdocs\ukom2\app\Filters\Auth.php(55): CodeIgniter\Debug\Exceptions->errorHandler(2, 'Undefined prope...', 'C:\\xampp\\htdocs...', 55)
#1 C:\xampp\htdocs\ukom2\system\Filters\Filters.php(196): App\Filters\Auth->after(Object(CodeIgniter\HTTP\IncomingRequest), Object(CodeIgniter\HTTP\Response), NULL)
#2 C:\xampp\htdocs\ukom2\system\CodeIgniter.php(436): CodeIgniter\Filters\Filters->run('transaksi', 'after')
#3 C:\xampp\htdocs\ukom2\system\CodeIgniter.php(326): CodeIgniter\CodeIgniter->handleRequest(NULL, Object(Config\Cache), false)
#4 C:\xampp\htdocs\ukom2\public\index.php(37): CodeIgniter\CodeIgniter->run()
#5 C:\xampp\htdocs\ukom2\system\Commands\Server\rewrite.php(43): require_once('C:\\xampp\\htdocs...')
#6 {main}
CRITICAL - 2022-03-27 00:47:46 --> Call to undefined method CodeIgniter\HTTP\IncomingRequest::agent()
#0 C:\xampp\htdocs\ukom2\system\Filters\Filters.php(196): App\Filters\Auth->after(Object(CodeIgniter\HTTP\IncomingRequest), Object(CodeIgniter\HTTP\Response), NULL)
#1 C:\xampp\htdocs\ukom2\system\CodeIgniter.php(436): CodeIgniter\Filters\Filters->run('transaksi', 'after')
#2 C:\xampp\htdocs\ukom2\system\CodeIgniter.php(326): CodeIgniter\CodeIgniter->handleRequest(NULL, Object(Config\Cache), false)
#3 C:\xampp\htdocs\ukom2\public\index.php(37): CodeIgniter\CodeIgniter->run()
#4 C:\xampp\htdocs\ukom2\system\Commands\Server\rewrite.php(43): require_once('C:\\xampp\\htdocs...')
#5 {main}
CRITICAL - 2022-03-27 00:48:38 --> Call to undefined method CodeIgniter\HTTP\IncomingRequest::getAgentString()
#0 C:\xampp\htdocs\ukom2\system\Filters\Filters.php(196): App\Filters\Auth->after(Object(CodeIgniter\HTTP\IncomingRequest), Object(CodeIgniter\HTTP\Response), NULL)
#1 C:\xampp\htdocs\ukom2\system\CodeIgniter.php(436): CodeIgniter\Filters\Filters->run('transaksi', 'after')
#2 C:\xampp\htdocs\ukom2\system\CodeIgniter.php(326): CodeIgniter\CodeIgniter->handleRequest(NULL, Object(Config\Cache), false)
#3 C:\xampp\htdocs\ukom2\public\index.php(37): CodeIgniter\CodeIgniter->run()
#4 C:\xampp\htdocs\ukom2\system\Commands\Server\rewrite.php(43): require_once('C:\\xampp\\htdocs...')
#5 {main}
CRITICAL - 2022-03-27 00:48:43 --> Call to undefined method CodeIgniter\HTTP\IncomingRequest::getAgentString()
#0 C:\xampp\htdocs\ukom2\system\Filters\Filters.php(196): App\Filters\Auth->after(Object(CodeIgniter\HTTP\IncomingRequest), Object(CodeIgniter\HTTP\Response), NULL)
#1 C:\xampp\htdocs\ukom2\system\CodeIgniter.php(436): CodeIgniter\Filters\Filters->run('transaksi', 'after')
#2 C:\xampp\htdocs\ukom2\system\CodeIgniter.php(326): CodeIgniter\CodeIgniter->handleRequest(NULL, Object(Config\Cache), false)
#3 C:\xampp\htdocs\ukom2\public\index.php(37): CodeIgniter\CodeIgniter->run()
#4 C:\xampp\htdocs\ukom2\system\Commands\Server\rewrite.php(43): require_once('C:\\xampp\\htdocs...')
#5 {main}
CRITICAL - 2022-03-27 00:48:47 --> Call to undefined method CodeIgniter\HTTP\IncomingRequest::getAgentString()
#0 C:\xampp\htdocs\ukom2\system\Filters\Filters.php(196): App\Filters\Auth->after(Object(CodeIgniter\HTTP\IncomingRequest), Object(CodeIgniter\HTTP\Response), NULL)
#1 C:\xampp\htdocs\ukom2\system\CodeIgniter.php(436): CodeIgniter\Filters\Filters->run('transaksi', 'after')
#2 C:\xampp\htdocs\ukom2\system\CodeIgniter.php(326): CodeIgniter\CodeIgniter->handleRequest(NULL, Object(Config\Cache), false)
#3 C:\xampp\htdocs\ukom2\public\index.php(37): CodeIgniter\CodeIgniter->run()
#4 C:\xampp\htdocs\ukom2\system\Commands\Server\rewrite.php(43): require_once('C:\\xampp\\htdocs...')
#5 {main}
CRITICAL - 2022-03-27 00:50:29 --> Undefined property: App\Filters\Auth::$request
#0 C:\xampp\htdocs\ukom2\app\Filters\Auth.php(52): CodeIgniter\Debug\Exceptions->errorHandler(2, 'Undefined prope...', 'C:\\xampp\\htdocs...', 52)
#1 C:\xampp\htdocs\ukom2\system\Filters\Filters.php(196): App\Filters\Auth->after(Object(CodeIgniter\HTTP\IncomingRequest), Object(CodeIgniter\HTTP\Response), NULL)
#2 C:\xampp\htdocs\ukom2\system\CodeIgniter.php(436): CodeIgniter\Filters\Filters->run('transaksi', 'after')
#3 C:\xampp\htdocs\ukom2\system\CodeIgniter.php(326): CodeIgniter\CodeIgniter->handleRequest(NULL, Object(Config\Cache), false)
#4 C:\xampp\htdocs\ukom2\public\index.php(37): CodeIgniter\CodeIgniter->run()
#5 C:\xampp\htdocs\ukom2\system\Commands\Server\rewrite.php(43): require_once('C:\\xampp\\htdocs...')
#6 {main}
ERROR - 2022-03-27 00:52:57 --> Cannot add or update a child row: a foreign key constraint fails (`ukom3`.`log_aktivitas`, CONSTRAINT `log_aktivitas_ibfk_1` FOREIGN KEY (`id_users`) REFERENCES `users` (`id_users`) ON DELETE CASCADE ON UPDATE CASCADE)
CRITICAL - 2022-03-27 00:52:57 --> Cannot add or update a child row: a foreign key constraint fails (`ukom3`.`log_aktivitas`, CONSTRAINT `log_aktivitas_ibfk_1` FOREIGN KEY (`id_users`) REFERENCES `users` (`id_users`) ON DELETE CASCADE ON UPDATE CASCADE)
#0 C:\xampp\htdocs\ukom2\system\Database\MySQLi\Connection.php(292): mysqli->query('INSERT INTO `lo...', 0)
#1 C:\xampp\htdocs\ukom2\system\Database\BaseConnection.php(670): CodeIgniter\Database\MySQLi\Connection->execute('INSERT INTO `lo...')
#2 C:\xampp\htdocs\ukom2\system\Database\BaseConnection.php(598): CodeIgniter\Database\BaseConnection->simpleQuery('INSERT INTO `lo...')
#3 C:\xampp\htdocs\ukom2\system\Database\BaseBuilder.php(1771): CodeIgniter\Database\BaseConnection->query('INSERT INTO `lo...', Array, false)
#4 C:\xampp\htdocs\ukom2\system\Model.php(239): CodeIgniter\Database\BaseBuilder->insert()
#5 C:\xampp\htdocs\ukom2\system\BaseModel.php(738): CodeIgniter\Model->doInsert(Array)
#6 C:\xampp\htdocs\ukom2\system\Model.php(625): CodeIgniter\BaseModel->insert(Array, false)
#7 C:\xampp\htdocs\ukom2\system\BaseModel.php(658): CodeIgniter\Model->insert(Array, false)
#8 C:\xampp\htdocs\ukom2\app\Filters\Auth.php(57): CodeIgniter\BaseModel->save(Array)
#9 C:\xampp\htdocs\ukom2\system\Filters\Filters.php(196): App\Filters\Auth->after(Object(CodeIgniter\HTTP\IncomingRequest), Object(CodeIgniter\HTTP\Response), NULL)
#10 C:\xampp\htdocs\ukom2\system\CodeIgniter.php(436): CodeIgniter\Filters\Filters->run('dashboard', 'after')
#11 C:\xampp\htdocs\ukom2\system\CodeIgniter.php(326): CodeIgniter\CodeIgniter->handleRequest(NULL, Object(Config\Cache), false)
#12 C:\xampp\htdocs\ukom2\public\index.php(37): CodeIgniter\CodeIgniter->run()
#13 C:\xampp\htdocs\ukom2\system\Commands\Server\rewrite.php(43): require_once('C:\\xampp\\htdocs...')
#14 {main}
ERROR - 2022-03-27 00:55:14 --> Cannot add or update a child row: a foreign key constraint fails (`ukom3`.`log_aktivitas`, CONSTRAINT `log_aktivitas_ibfk_1` FOREIGN KEY (`id_users`) REFERENCES `users` (`id_users`) ON DELETE CASCADE ON UPDATE CASCADE)
CRITICAL - 2022-03-27 00:55:14 --> Cannot add or update a child row: a foreign key constraint fails (`ukom3`.`log_aktivitas`, CONSTRAINT `log_aktivitas_ibfk_1` FOREIGN KEY (`id_users`) REFERENCES `users` (`id_users`) ON DELETE CASCADE ON UPDATE CASCADE)
#0 C:\xampp\htdocs\ukom2\system\Database\MySQLi\Connection.php(292): mysqli->query('INSERT INTO `lo...', 0)
#1 C:\xampp\htdocs\ukom2\system\Database\BaseConnection.php(670): CodeIgniter\Database\MySQLi\Connection->execute('INSERT INTO `lo...')
#2 C:\xampp\htdocs\ukom2\system\Database\BaseConnection.php(598): CodeIgniter\Database\BaseConnection->simpleQuery('INSERT INTO `lo...')
#3 C:\xampp\htdocs\ukom2\system\Database\BaseBuilder.php(1771): CodeIgniter\Database\BaseConnection->query('INSERT INTO `lo...', Array, false)
#4 C:\xampp\htdocs\ukom2\system\Model.php(239): CodeIgniter\Database\BaseBuilder->insert()
#5 C:\xampp\htdocs\ukom2\system\BaseModel.php(738): CodeIgniter\Model->doInsert(Array)
#6 C:\xampp\htdocs\ukom2\system\Model.php(625): CodeIgniter\BaseModel->insert(Array, false)
#7 C:\xampp\htdocs\ukom2\system\BaseModel.php(658): CodeIgniter\Model->insert(Array, false)
#8 C:\xampp\htdocs\ukom2\app\Filters\Auth.php(58): CodeIgniter\BaseModel->save(Array)
#9 C:\xampp\htdocs\ukom2\system\Filters\Filters.php(196): App\Filters\Auth->after(Object(CodeIgniter\HTTP\IncomingRequest), Object(CodeIgniter\HTTP\RedirectResponse), NULL)
#10 C:\xampp\htdocs\ukom2\system\CodeIgniter.php(436): CodeIgniter\Filters\Filters->run('logout', 'after')
#11 C:\xampp\htdocs\ukom2\system\CodeIgniter.php(326): CodeIgniter\CodeIgniter->handleRequest(NULL, Object(Config\Cache), false)
#12 C:\xampp\htdocs\ukom2\public\index.php(37): CodeIgniter\CodeIgniter->run()
#13 C:\xampp\htdocs\ukom2\system\Commands\Server\rewrite.php(43): require_once('C:\\xampp\\htdocs...')
#14 {main}
CRITICAL - 2022-03-27 01:03:11 --> Request URI segment is out of range: 2
#0 C:\xampp\htdocs\ukom2\system\HTTP\URI.php(529): CodeIgniter\HTTP\Exceptions\HTTPException::forURISegmentOutOfRange(2)
#1 C:\xampp\htdocs\ukom2\app\Filters\Auth.php(55): CodeIgniter\HTTP\URI->getSegment(2)
#2 C:\xampp\htdocs\ukom2\system\Filters\Filters.php(196): App\Filters\Auth->after(Object(CodeIgniter\HTTP\IncomingRequest), Object(CodeIgniter\HTTP\RedirectResponse), NULL)
#3 C:\xampp\htdocs\ukom2\system\CodeIgniter.php(436): CodeIgniter\Filters\Filters->run('logout', 'after')
#4 C:\xampp\htdocs\ukom2\system\CodeIgniter.php(326): CodeIgniter\CodeIgniter->handleRequest(NULL, Object(Config\Cache), false)
#5 C:\xampp\htdocs\ukom2\public\index.php(37): CodeIgniter\CodeIgniter->run()
#6 C:\xampp\htdocs\ukom2\system\Commands\Server\rewrite.php(43): require_once('C:\\xampp\\htdocs...')
#7 {main}
CRITICAL - 2022-03-27 01:22:26 --> syntax error, unexpected variable "$LogModel"
#0 C:\xampp\htdocs\ukom2\system\Autoloader\Autoloader.php(241): CodeIgniter\Autoloader\Autoloader->includeFile('C:\\xampp\\htdocs...')
#1 C:\xampp\htdocs\ukom2\system\Autoloader\Autoloader.php(219): CodeIgniter\Autoloader\Autoloader->loadInNamespace('App\\Filters\\Aut...')
#2 C:\xampp\htdocs\ukom2\system\Filters\Filters.php(166): CodeIgniter\Autoloader\Autoloader->loadClass('App\\Filters\\Aut...')
#3 C:\xampp\htdocs\ukom2\system\CodeIgniter.php(393): CodeIgniter\Filters\Filters->run('dashboard', 'before')
#4 C:\xampp\htdocs\ukom2\system\CodeIgniter.php(326): CodeIgniter\CodeIgniter->handleRequest(NULL, Object(Config\Cache), false)
#5 C:\xampp\htdocs\ukom2\public\index.php(37): CodeIgniter\CodeIgniter->run()
#6 C:\xampp\htdocs\ukom2\system\Commands\Server\rewrite.php(43): require_once('C:\\xampp\\htdocs...')
#7 {main}
CRITICAL - 2022-03-27 01:23:35 --> syntax error, unexpected variable "$LogModel"
#0 C:\xampp\htdocs\ukom2\system\Autoloader\Autoloader.php(241): CodeIgniter\Autoloader\Autoloader->includeFile('C:\\xampp\\htdocs...')
#1 C:\xampp\htdocs\ukom2\system\Autoloader\Autoloader.php(219): CodeIgniter\Autoloader\Autoloader->loadInNamespace('App\\Filters\\Aut...')
#2 C:\xampp\htdocs\ukom2\system\Filters\Filters.php(166): CodeIgniter\Autoloader\Autoloader->loadClass('App\\Filters\\Aut...')
#3 C:\xampp\htdocs\ukom2\system\CodeIgniter.php(393): CodeIgniter\Filters\Filters->run('dashboard', 'before')
#4 C:\xampp\htdocs\ukom2\system\CodeIgniter.php(326): CodeIgniter\CodeIgniter->handleRequest(NULL, Object(Config\Cache), false)
#5 C:\xampp\htdocs\ukom2\public\index.php(37): CodeIgniter\CodeIgniter->run()
#6 C:\xampp\htdocs\ukom2\system\Commands\Server\rewrite.php(43): require_once('C:\\xampp\\htdocs...')
#7 {main}
CRITICAL - 2022-03-27 02:01:17 --> isLoggedIn filter must have a matching alias defined.
#0 C:\xampp\htdocs\ukom2\system\Filters\Filters.php(493): CodeIgniter\Filters\Exceptions\FilterException::forNoAlias('isLoggedIn')
#1 C:\xampp\htdocs\ukom2\system\Filters\Filters.php(244): CodeIgniter\Filters\Filters->processAliasesToClass('after')
#2 C:\xampp\htdocs\ukom2\system\Filters\Filters.php(163): CodeIgniter\Filters\Filters->initialize('pesanan')
#3 C:\xampp\htdocs\ukom2\system\CodeIgniter.php(393): CodeIgniter\Filters\Filters->run('pesanan', 'before')
#4 C:\xampp\htdocs\ukom2\system\CodeIgniter.php(326): CodeIgniter\CodeIgniter->handleRequest(NULL, Object(Config\Cache), false)
#5 C:\xampp\htdocs\ukom2\public\index.php(37): CodeIgniter\CodeIgniter->run()
#6 C:\xampp\htdocs\ukom2\system\Commands\Server\rewrite.php(43): require_once('C:\\xampp\\htdocs...')
#7 {main}
CRITICAL - 2022-03-27 02:22:02 --> Attempt to read property "insert_id" on bool
#0 C:\xampp\htdocs\ukom2\system\Database\MySQLi\Connection.php(565): CodeIgniter\Debug\Exceptions->errorHandler(2, 'Attempt to read...', 'C:\\xampp\\htdocs...', 565)
#1 C:\xampp\htdocs\ukom2\system\Model.php(726): CodeIgniter\Database\MySQLi\Connection->insertID()
#2 C:\xampp\htdocs\ukom2\app\Filters\Auth.php(59): CodeIgniter\Model->__call('insertID', Array)
#3 C:\xampp\htdocs\ukom2\system\Filters\Filters.php(196): App\Filters\Auth->after(Object(CodeIgniter\HTTP\IncomingRequest), Object(CodeIgniter\HTTP\RedirectResponse), NULL)
#4 C:\xampp\htdocs\ukom2\system\CodeIgniter.php(436): CodeIgniter\Filters\Filters->run('logout', 'after')
#5 C:\xampp\htdocs\ukom2\system\CodeIgniter.php(326): CodeIgniter\CodeIgniter->handleRequest(NULL, Object(Config\Cache), false)
#6 C:\xampp\htdocs\ukom2\public\index.php(37): CodeIgniter\CodeIgniter->run()
#7 C:\xampp\htdocs\ukom2\system\Commands\Server\rewrite.php(43): require_once('C:\\xampp\\htdocs...')
#8 {main}
CRITICAL - 2022-03-27 02:23:26 --> Attempt to read property "insert_id" on bool
#0 C:\xampp\htdocs\ukom2\system\Database\MySQLi\Connection.php(565): CodeIgniter\Debug\Exceptions->errorHandler(2, 'Attempt to read...', 'C:\\xampp\\htdocs...', 565)
#1 C:\xampp\htdocs\ukom2\system\Model.php(726): CodeIgniter\Database\MySQLi\Connection->insertID()
#2 C:\xampp\htdocs\ukom2\app\Filters\Auth.php(59): CodeIgniter\Model->__call('insertID', Array)
#3 C:\xampp\htdocs\ukom2\system\Filters\Filters.php(196): App\Filters\Auth->after(Object(CodeIgniter\HTTP\IncomingRequest), Object(CodeIgniter\HTTP\RedirectResponse), NULL)
#4 C:\xampp\htdocs\ukom2\system\CodeIgniter.php(436): CodeIgniter\Filters\Filters->run('logout', 'after')
#5 C:\xampp\htdocs\ukom2\system\CodeIgniter.php(326): CodeIgniter\CodeIgniter->handleRequest(NULL, Object(Config\Cache), false)
#6 C:\xampp\htdocs\ukom2\public\index.php(37): CodeIgniter\CodeIgniter->run()
#7 C:\xampp\htdocs\ukom2\system\Commands\Server\rewrite.php(43): require_once('C:\\xampp\\htdocs...')
#8 {main}
CRITICAL - 2022-03-27 02:47:43 --> Undefined array key "id_masakan"
#0 C:\xampp\htdocs\ukom2\app\Models\MasakanModel.php(68): CodeIgniter\Debug\Exceptions->errorHandler(2, 'Undefined array...', 'C:\\xampp\\htdocs...', 68)
#1 C:\xampp\htdocs\ukom2\system\BaseModel.php(1456): App\Models\MasakanModel->afterInsert(Array)
#2 C:\xampp\htdocs\ukom2\system\BaseModel.php(748): CodeIgniter\BaseModel->trigger('afterInsert', Array)
#3 C:\xampp\htdocs\ukom2\system\Model.php(625): CodeIgniter\BaseModel->insert(Array, false)
#4 C:\xampp\htdocs\ukom2\system\BaseModel.php(658): CodeIgniter\Model->insert(Array, false)
#5 C:\xampp\htdocs\ukom2\app\Controllers\Masakan.php(100): CodeIgniter\BaseModel->save(Array)
#6 C:\xampp\htdocs\ukom2\system\CodeIgniter.php(832): App\Controllers\Masakan->create()
#7 C:\xampp\htdocs\ukom2\system\CodeIgniter.php(419): CodeIgniter\CodeIgniter->runController(Object(App\Controllers\Masakan))
#8 C:\xampp\htdocs\ukom2\system\CodeIgniter.php(326): CodeIgniter\CodeIgniter->handleRequest(NULL, Object(Config\Cache), false)
#9 C:\xampp\htdocs\ukom2\public\index.php(37): CodeIgniter\CodeIgniter->run()
#10 C:\xampp\htdocs\ukom2\system\Commands\Server\rewrite.php(43): require_once('C:\\xampp\\htdocs...')
#11 {main}
CRITICAL - 2022-03-27 02:50:36 --> Undefined array key "id_masakan"
#0 C:\xampp\htdocs\ukom2\app\Models\MasakanModel.php(90): CodeIgniter\Debug\Exceptions->errorHandler(2, 'Undefined array...', 'C:\\xampp\\htdocs...', 90)
#1 C:\xampp\htdocs\ukom2\system\BaseModel.php(1456): App\Models\MasakanModel->afterDelete(Array)
#2 C:\xampp\htdocs\ukom2\system\BaseModel.php(967): CodeIgniter\BaseModel->trigger('afterDelete', Array)
#3 C:\xampp\htdocs\ukom2\app\Controllers\Masakan.php(198): CodeIgniter\BaseModel->delete(Array)
#4 C:\xampp\htdocs\ukom2\system\CodeIgniter.php(832): App\Controllers\Masakan->delete('14')
#5 C:\xampp\htdocs\ukom2\system\CodeIgniter.php(419): CodeIgniter\CodeIgniter->runController(Object(App\Controllers\Masakan))
#6 C:\xampp\htdocs\ukom2\system\CodeIgniter.php(326): CodeIgniter\CodeIgniter->handleRequest(NULL, Object(Config\Cache), false)
#7 C:\xampp\htdocs\ukom2\public\index.php(37): CodeIgniter\CodeIgniter->run()
#8 C:\xampp\htdocs\ukom2\system\Commands\Server\rewrite.php(43): require_once('C:\\xampp\\htdocs...')
#9 {main}
CRITICAL - 2022-03-27 02:53:54 --> Undefined array key "id_masakan"
#0 C:\xampp\htdocs\ukom2\app\Models\MasakanModel.php(79): CodeIgniter\Debug\Exceptions->errorHandler(2, 'Undefined array...', 'C:\\xampp\\htdocs...', 79)
#1 C:\xampp\htdocs\ukom2\system\BaseModel.php(1456): App\Models\MasakanModel->afterUpdate(Array)
#2 C:\xampp\htdocs\ukom2\system\BaseModel.php(869): CodeIgniter\BaseModel->trigger('afterUpdate', Array)
#3 C:\xampp\htdocs\ukom2\system\Model.php(651): CodeIgniter\BaseModel->update(Array, Array)
#4 C:\xampp\htdocs\ukom2\app\Controllers\Masakan.php(184): CodeIgniter\Model->update('7', Array)
#5 C:\xampp\htdocs\ukom2\system\CodeIgniter.php(832): App\Controllers\Masakan->update('7')
#6 C:\xampp\htdocs\ukom2\system\CodeIgniter.php(419): CodeIgniter\CodeIgniter->runController(Object(App\Controllers\Masakan))
#7 C:\xampp\htdocs\ukom2\system\CodeIgniter.php(326): CodeIgniter\CodeIgniter->handleRequest(NULL, Object(Config\Cache), false)
#8 C:\xampp\htdocs\ukom2\public\index.php(37): CodeIgniter\CodeIgniter->run()
#9 C:\xampp\htdocs\ukom2\system\Commands\Server\rewrite.php(43): require_once('C:\\xampp\\htdocs...')
#10 {main}
CRITICAL - 2022-03-27 02:55:50 --> Undefined array key "id_masakan"
#0 C:\xampp\htdocs\ukom2\app\Models\MasakanModel.php(81): CodeIgniter\Debug\Exceptions->errorHandler(2, 'Undefined array...', 'C:\\xampp\\htdocs...', 81)
#1 C:\xampp\htdocs\ukom2\system\BaseModel.php(1456): App\Models\MasakanModel->afterUpdate(Array)
#2 C:\xampp\htdocs\ukom2\system\BaseModel.php(869): CodeIgniter\BaseModel->trigger('afterUpdate', Array)
#3 C:\xampp\htdocs\ukom2\system\Model.php(651): CodeIgniter\BaseModel->update(Array, Array)
#4 C:\xampp\htdocs\ukom2\app\Controllers\Masakan.php(184): CodeIgniter\Model->update('7', Array)
#5 C:\xampp\htdocs\ukom2\system\CodeIgniter.php(832): App\Controllers\Masakan->update('7')
#6 C:\xampp\htdocs\ukom2\system\CodeIgniter.php(419): CodeIgniter\CodeIgniter->runController(Object(App\Controllers\Masakan))
#7 C:\xampp\htdocs\ukom2\system\CodeIgniter.php(326): CodeIgniter\CodeIgniter->handleRequest(NULL, Object(Config\Cache), false)
#8 C:\xampp\htdocs\ukom2\public\index.php(37): CodeIgniter\CodeIgniter->run()
#9 C:\xampp\htdocs\ukom2\system\Commands\Server\rewrite.php(43): require_once('C:\\xampp\\htdocs...')
#10 {main}
CRITICAL - 2022-03-27 02:56:09 --> Undefined array key "id_masakan"
#0 C:\xampp\htdocs\ukom2\app\Models\MasakanModel.php(81): CodeIgniter\Debug\Exceptions->errorHandler(2, 'Undefined array...', 'C:\\xampp\\htdocs...', 81)
#1 C:\xampp\htdocs\ukom2\system\BaseModel.php(1456): App\Models\MasakanModel->afterUpdate(Array)
#2 C:\xampp\htdocs\ukom2\system\BaseModel.php(869): CodeIgniter\BaseModel->trigger('afterUpdate', Array)
#3 C:\xampp\htdocs\ukom2\system\Model.php(651): CodeIgniter\BaseModel->update(Array, Array)
#4 C:\xampp\htdocs\ukom2\app\Controllers\Masakan.php(184): CodeIgniter\Model->update('7', Array)
#5 C:\xampp\htdocs\ukom2\system\CodeIgniter.php(832): App\Controllers\Masakan->update('7')
#6 C:\xampp\htdocs\ukom2\system\CodeIgniter.php(419): CodeIgniter\CodeIgniter->runController(Object(App\Controllers\Masakan))
#7 C:\xampp\htdocs\ukom2\system\CodeIgniter.php(326): CodeIgniter\CodeIgniter->handleRequest(NULL, Object(Config\Cache), false)
#8 C:\xampp\htdocs\ukom2\public\index.php(37): CodeIgniter\CodeIgniter->run()
#9 C:\xampp\htdocs\ukom2\system\Commands\Server\rewrite.php(43): require_once('C:\\xampp\\htdocs...')
#10 {main}
CRITICAL - 2022-03-27 02:56:22 --> Call to a member function getUserAgent() on null
#0 C:\xampp\htdocs\ukom2\system\BaseModel.php(1456): App\Models\MasakanModel->afterUpdate(Array)
#1 C:\xampp\htdocs\ukom2\system\BaseModel.php(869): CodeIgniter\BaseModel->trigger('afterUpdate', Array)
#2 C:\xampp\htdocs\ukom2\system\Model.php(651): CodeIgniter\BaseModel->update(Array, Array)
#3 C:\xampp\htdocs\ukom2\app\Controllers\Masakan.php(184): CodeIgniter\Model->update('7', Array)
#4 C:\xampp\htdocs\ukom2\system\CodeIgniter.php(832): App\Controllers\Masakan->update('7')
#5 C:\xampp\htdocs\ukom2\system\CodeIgniter.php(419): CodeIgniter\CodeIgniter->runController(Object(App\Controllers\Masakan))
#6 C:\xampp\htdocs\ukom2\system\CodeIgniter.php(326): CodeIgniter\CodeIgniter->handleRequest(NULL, Object(Config\Cache), false)
#7 C:\xampp\htdocs\ukom2\public\index.php(37): CodeIgniter\CodeIgniter->run()
#8 C:\xampp\htdocs\ukom2\system\Commands\Server\rewrite.php(43): require_once('C:\\xampp\\htdocs...')
#9 {main}
CRITICAL - 2022-03-27 02:56:30 --> Call to a member function getUserAgent() on null
#0 C:\xampp\htdocs\ukom2\system\BaseModel.php(1456): App\Models\MasakanModel->afterUpdate(Array)
#1 C:\xampp\htdocs\ukom2\system\BaseModel.php(869): CodeIgniter\BaseModel->trigger('afterUpdate', Array)
#2 C:\xampp\htdocs\ukom2\system\Model.php(651): CodeIgniter\BaseModel->update(Array, Array)
#3 C:\xampp\htdocs\ukom2\app\Controllers\Masakan.php(184): CodeIgniter\Model->update('7', Array)
#4 C:\xampp\htdocs\ukom2\system\CodeIgniter.php(832): App\Controllers\Masakan->update('7')
#5 C:\xampp\htdocs\ukom2\system\CodeIgniter.php(419): CodeIgniter\CodeIgniter->runController(Object(App\Controllers\Masakan))
#6 C:\xampp\htdocs\ukom2\system\CodeIgniter.php(326): CodeIgniter\CodeIgniter->handleRequest(NULL, Object(Config\Cache), false)
#7 C:\xampp\htdocs\ukom2\public\index.php(37): CodeIgniter\CodeIgniter->run()
#8 C:\xampp\htdocs\ukom2\system\Commands\Server\rewrite.php(43): require_once('C:\\xampp\\htdocs...')
#9 {main}
CRITICAL - 2022-03-27 02:58:09 --> Call to a member function getUserAgent() on null
#0 C:\xampp\htdocs\ukom2\system\BaseModel.php(1456): App\Models\MasakanModel->afterUpdate(Array)
#1 C:\xampp\htdocs\ukom2\system\BaseModel.php(869): CodeIgniter\BaseModel->trigger('afterUpdate', Array)
#2 C:\xampp\htdocs\ukom2\system\Model.php(651): CodeIgniter\BaseModel->update(Array, Array)
#3 C:\xampp\htdocs\ukom2\app\Controllers\Masakan.php(184): CodeIgniter\Model->update('7', Array)
#4 C:\xampp\htdocs\ukom2\system\CodeIgniter.php(832): App\Controllers\Masakan->update('7')
#5 C:\xampp\htdocs\ukom2\system\CodeIgniter.php(419): CodeIgniter\CodeIgniter->runController(Object(App\Controllers\Masakan))
#6 C:\xampp\htdocs\ukom2\system\CodeIgniter.php(326): CodeIgniter\CodeIgniter->handleRequest(NULL, Object(Config\Cache), false)
#7 C:\xampp\htdocs\ukom2\public\index.php(37): CodeIgniter\CodeIgniter->run()
#8 C:\xampp\htdocs\ukom2\system\Commands\Server\rewrite.php(43): require_once('C:\\xampp\\htdocs...')
#9 {main}
CRITICAL - 2022-03-27 02:58:28 --> Call to a member function getUserAgent() on null
#0 C:\xampp\htdocs\ukom2\system\BaseModel.php(1456): App\Models\MasakanModel->afterUpdate(Array)
#1 C:\xampp\htdocs\ukom2\system\BaseModel.php(869): CodeIgniter\BaseModel->trigger('afterUpdate', Array)
#2 C:\xampp\htdocs\ukom2\system\Model.php(651): CodeIgniter\BaseModel->update(Array, Array)
#3 C:\xampp\htdocs\ukom2\app\Controllers\Masakan.php(184): CodeIgniter\Model->update('7', Array)
#4 C:\xampp\htdocs\ukom2\system\CodeIgniter.php(832): App\Controllers\Masakan->update('7')
#5 C:\xampp\htdocs\ukom2\system\CodeIgniter.php(419): CodeIgniter\CodeIgniter->runController(Object(App\Controllers\Masakan))
#6 C:\xampp\htdocs\ukom2\system\CodeIgniter.php(326): CodeIgniter\CodeIgniter->handleRequest(NULL, Object(Config\Cache), false)
#7 C:\xampp\htdocs\ukom2\public\index.php(37): CodeIgniter\CodeIgniter->run()
#8 C:\xampp\htdocs\ukom2\system\Commands\Server\rewrite.php(43): require_once('C:\\xampp\\htdocs...')
#9 {main}
CRITICAL - 2022-03-27 02:58:49 --> Call to a member function getUserAgent() on null
#0 C:\xampp\htdocs\ukom2\system\BaseModel.php(1456): App\Models\MasakanModel->afterUpdate(Array)
#1 C:\xampp\htdocs\ukom2\system\BaseModel.php(869): CodeIgniter\BaseModel->trigger('afterUpdate', Array)
#2 C:\xampp\htdocs\ukom2\system\Model.php(651): CodeIgniter\BaseModel->update(Array, Array)
#3 C:\xampp\htdocs\ukom2\app\Controllers\Masakan.php(184): CodeIgniter\Model->update('7', Array)
#4 C:\xampp\htdocs\ukom2\system\CodeIgniter.php(832): App\Controllers\Masakan->update('7')
#5 C:\xampp\htdocs\ukom2\system\CodeIgniter.php(419): CodeIgniter\CodeIgniter->runController(Object(App\Controllers\Masakan))
#6 C:\xampp\htdocs\ukom2\system\CodeIgniter.php(326): CodeIgniter\CodeIgniter->handleRequest(NULL, Object(Config\Cache), false)
#7 C:\xampp\htdocs\ukom2\public\index.php(37): CodeIgniter\CodeIgniter->run()
#8 C:\xampp\htdocs\ukom2\system\Commands\Server\rewrite.php(43): require_once('C:\\xampp\\htdocs...')
#9 {main}
CRITICAL - 2022-03-27 03:03:11 --> syntax error, unexpected token ")", expecting variable
#0 C:\xampp\htdocs\ukom2\system\Autoloader\Autoloader.php(241): CodeIgniter\Autoloader\Autoloader->includeFile('C:\\xampp\\htdocs...')
#1 C:\xampp\htdocs\ukom2\system\Autoloader\Autoloader.php(219): CodeIgniter\Autoloader\Autoloader->loadInNamespace('App\\Models\\Masa...')
#2 C:\xampp\htdocs\ukom2\app\Controllers\Masakan.php(16): CodeIgniter\Autoloader\Autoloader->loadClass('App\\Models\\Masa...')
#3 C:\xampp\htdocs\ukom2\system\CodeIgniter.php(809): App\Controllers\Masakan->__construct()
#4 C:\xampp\htdocs\ukom2\system\CodeIgniter.php(410): CodeIgniter\CodeIgniter->createController()
#5 C:\xampp\htdocs\ukom2\system\CodeIgniter.php(326): CodeIgniter\CodeIgniter->handleRequest(NULL, Object(Config\Cache), false)
#6 C:\xampp\htdocs\ukom2\public\index.php(37): CodeIgniter\CodeIgniter->run()
#7 C:\xampp\htdocs\ukom2\system\Commands\Server\rewrite.php(43): require_once('C:\\xampp\\htdocs...')
#8 {main}
CRITICAL - 2022-03-27 03:03:19 --> Call to a member function getUserAgent() on null
#0 C:\xampp\htdocs\ukom2\system\BaseModel.php(1456): App\Models\MasakanModel->afterUpdate(Array)
#1 C:\xampp\htdocs\ukom2\system\BaseModel.php(869): CodeIgniter\BaseModel->trigger('afterUpdate', Array)
#2 C:\xampp\htdocs\ukom2\system\Model.php(651): CodeIgniter\BaseModel->update(Array, Array)
#3 C:\xampp\htdocs\ukom2\app\Controllers\Masakan.php(184): CodeIgniter\Model->update('7', Array)
#4 C:\xampp\htdocs\ukom2\system\CodeIgniter.php(832): App\Controllers\Masakan->update('7')
#5 C:\xampp\htdocs\ukom2\system\CodeIgniter.php(419): CodeIgniter\CodeIgniter->runController(Object(App\Controllers\Masakan))
#6 C:\xampp\htdocs\ukom2\system\CodeIgniter.php(326): CodeIgniter\CodeIgniter->handleRequest(NULL, Object(Config\Cache), false)
#7 C:\xampp\htdocs\ukom2\public\index.php(37): CodeIgniter\CodeIgniter->run()
#8 C:\xampp\htdocs\ukom2\system\Commands\Server\rewrite.php(43): require_once('C:\\xampp\\htdocs...')
#9 {main}
CRITICAL - 2022-03-27 03:05:12 --> Call to a member function getUserAgent() on null
#0 C:\xampp\htdocs\ukom2\system\BaseModel.php(1456): App\Models\MasakanModel->afterUpdate(Array)
#1 C:\xampp\htdocs\ukom2\system\BaseModel.php(869): CodeIgniter\BaseModel->trigger('afterUpdate', Array)
#2 C:\xampp\htdocs\ukom2\system\Model.php(651): CodeIgniter\BaseModel->update(Array, Array)
#3 C:\xampp\htdocs\ukom2\app\Controllers\Masakan.php(184): CodeIgniter\Model->update('7', Array)
#4 C:\xampp\htdocs\ukom2\system\CodeIgniter.php(832): App\Controllers\Masakan->update('7')
#5 C:\xampp\htdocs\ukom2\system\CodeIgniter.php(419): CodeIgniter\CodeIgniter->runController(Object(App\Controllers\Masakan))
#6 C:\xampp\htdocs\ukom2\system\CodeIgniter.php(326): CodeIgniter\CodeIgniter->handleRequest(NULL, Object(Config\Cache), false)
#7 C:\xampp\htdocs\ukom2\public\index.php(37): CodeIgniter\CodeIgniter->run()
#8 C:\xampp\htdocs\ukom2\system\Commands\Server\rewrite.php(43): require_once('C:\\xampp\\htdocs...')
#9 {main}
CRITICAL - 2022-03-27 03:06:42 --> Call to a member function getAgentString() on string
#0 C:\xampp\htdocs\ukom2\system\BaseModel.php(1456): App\Models\MasakanModel->afterUpdate(Array)
#1 C:\xampp\htdocs\ukom2\system\BaseModel.php(869): CodeIgniter\BaseModel->trigger('afterUpdate', Array)
#2 C:\xampp\htdocs\ukom2\system\Model.php(651): CodeIgniter\BaseModel->update(Array, Array)
#3 C:\xampp\htdocs\ukom2\app\Controllers\Masakan.php(184): CodeIgniter\Model->update('7', Array)
#4 C:\xampp\htdocs\ukom2\system\CodeIgniter.php(832): App\Controllers\Masakan->update('7')
#5 C:\xampp\htdocs\ukom2\system\CodeIgniter.php(419): CodeIgniter\CodeIgniter->runController(Object(App\Controllers\Masakan))
#6 C:\xampp\htdocs\ukom2\system\CodeIgniter.php(326): CodeIgniter\CodeIgniter->handleRequest(NULL, Object(Config\Cache), false)
#7 C:\xampp\htdocs\ukom2\public\index.php(37): CodeIgniter\CodeIgniter->run()
#8 C:\xampp\htdocs\ukom2\system\Commands\Server\rewrite.php(43): require_once('C:\\xampp\\htdocs...')
#9 {main}
CRITICAL - 2022-03-27 03:06:56 --> Call to a member function getUserAgent() on null
#0 C:\xampp\htdocs\ukom2\system\BaseModel.php(1456): App\Models\MasakanModel->afterUpdate(Array)
#1 C:\xampp\htdocs\ukom2\system\BaseModel.php(869): CodeIgniter\BaseModel->trigger('afterUpdate', Array)
#2 C:\xampp\htdocs\ukom2\system\Model.php(651): CodeIgniter\BaseModel->update(Array, Array)
#3 C:\xampp\htdocs\ukom2\app\Controllers\Masakan.php(184): CodeIgniter\Model->update('7', Array)
#4 C:\xampp\htdocs\ukom2\system\CodeIgniter.php(832): App\Controllers\Masakan->update('7')
#5 C:\xampp\htdocs\ukom2\system\CodeIgniter.php(419): CodeIgniter\CodeIgniter->runController(Object(App\Controllers\Masakan))
#6 C:\xampp\htdocs\ukom2\system\CodeIgniter.php(326): CodeIgniter\CodeIgniter->handleRequest(NULL, Object(Config\Cache), false)
#7 C:\xampp\htdocs\ukom2\public\index.php(37): CodeIgniter\CodeIgniter->run()
#8 C:\xampp\htdocs\ukom2\system\Commands\Server\rewrite.php(43): require_once('C:\\xampp\\htdocs...')
#9 {main}
CRITICAL - 2022-03-27 03:08:15 --> Cannot use empty array elements in arrays
#0 [internal function]: CodeIgniter\Debug\Exceptions->shutdownHandler()
#1 {main}
CRITICAL - 2022-03-27 03:11:59 --> Array to string conversion
#0 C:\xampp\htdocs\ukom2\app\Models\MasakanModel.php(81): CodeIgniter\Debug\Exceptions->errorHandler(2, 'Array to string...', 'C:\\xampp\\htdocs...', 81)
#1 C:\xampp\htdocs\ukom2\system\BaseModel.php(1456): App\Models\MasakanModel->afterUpdate(Array)
#2 C:\xampp\htdocs\ukom2\system\BaseModel.php(869): CodeIgniter\BaseModel->trigger('afterUpdate', Array)
#3 C:\xampp\htdocs\ukom2\system\Model.php(651): CodeIgniter\BaseModel->update(Array, Array)
#4 C:\xampp\htdocs\ukom2\app\Controllers\Masakan.php(184): CodeIgniter\Model->update('10', Array)
#5 C:\xampp\htdocs\ukom2\system\CodeIgniter.php(832): App\Controllers\Masakan->update('10')
#6 C:\xampp\htdocs\ukom2\system\CodeIgniter.php(419): CodeIgniter\CodeIgniter->runController(Object(App\Controllers\Masakan))
#7 C:\xampp\htdocs\ukom2\system\CodeIgniter.php(326): CodeIgniter\CodeIgniter->handleRequest(NULL, Object(Config\Cache), false)
#8 C:\xampp\htdocs\ukom2\public\index.php(37): CodeIgniter\CodeIgniter->run()
#9 C:\xampp\htdocs\ukom2\system\Commands\Server\rewrite.php(43): require_once('C:\\xampp\\htdocs...')
#10 {main}
CRITICAL - 2022-03-27 03:13:19 --> Trying to access array offset on value of type int
#0 C:\xampp\htdocs\ukom2\app\Models\MasakanModel.php(70): CodeIgniter\Debug\Exceptions->errorHandler(2, 'Trying to acces...', 'C:\\xampp\\htdocs...', 70)
#1 C:\xampp\htdocs\ukom2\system\BaseModel.php(1456): App\Models\MasakanModel->afterInsert(Array)
#2 C:\xampp\htdocs\ukom2\system\BaseModel.php(748): CodeIgniter\BaseModel->trigger('afterInsert', Array)
#3 C:\xampp\htdocs\ukom2\system\Model.php(625): CodeIgniter\BaseModel->insert(Array, false)
#4 C:\xampp\htdocs\ukom2\system\BaseModel.php(658): CodeIgniter\Model->insert(Array, false)
#5 C:\xampp\htdocs\ukom2\app\Controllers\Masakan.php(100): CodeIgniter\BaseModel->save(Array)
#6 C:\xampp\htdocs\ukom2\system\CodeIgniter.php(832): App\Controllers\Masakan->create()
#7 C:\xampp\htdocs\ukom2\system\CodeIgniter.php(419): CodeIgniter\CodeIgniter->runController(Object(App\Controllers\Masakan))
#8 C:\xampp\htdocs\ukom2\system\CodeIgniter.php(326): CodeIgniter\CodeIgniter->handleRequest(NULL, Object(Config\Cache), false)
#9 C:\xampp\htdocs\ukom2\public\index.php(37): CodeIgniter\CodeIgniter->run()
#10 C:\xampp\htdocs\ukom2\system\Commands\Server\rewrite.php(43): require_once('C:\\xampp\\htdocs...')
#11 {main}
CRITICAL - 2022-03-27 03:26:18 --> You must set the database table to be used with your query.
#0 C:\xampp\htdocs\ukom2\app\Models\MasakanModel.php(80): CodeIgniter\Database\BaseConnection->table('')
#1 C:\xampp\htdocs\ukom2\system\BaseModel.php(1456): App\Models\MasakanModel->afterUpdate(Array)
#2 C:\xampp\htdocs\ukom2\system\BaseModel.php(869): CodeIgniter\BaseModel->trigger('afterUpdate', Array)
#3 C:\xampp\htdocs\ukom2\system\Model.php(651): CodeIgniter\BaseModel->update(Array, Array)
#4 C:\xampp\htdocs\ukom2\app\Controllers\Masakan.php(184): CodeIgniter\Model->update('15', Array)
#5 C:\xampp\htdocs\ukom2\system\CodeIgniter.php(832): App\Controllers\Masakan->update('15')
#6 C:\xampp\htdocs\ukom2\system\CodeIgniter.php(419): CodeIgniter\CodeIgniter->runController(Object(App\Controllers\Masakan))
#7 C:\xampp\htdocs\ukom2\system\CodeIgniter.php(326): CodeIgniter\CodeIgniter->handleRequest(NULL, Object(Config\Cache), false)
#8 C:\xampp\htdocs\ukom2\public\index.php(37): CodeIgniter\CodeIgniter->run()
#9 C:\xampp\htdocs\ukom2\system\Commands\Server\rewrite.php(43): require_once('C:\\xampp\\htdocs...')
#10 {main}
CRITICAL - 2022-03-27 03:27:39 --> mysqli_result::fetch_object(): Argument #1 ($class) must be a valid class name, harga given
#0 C:\xampp\htdocs\ukom2\system\Database\MySQLi\Result.php(148): mysqli_result->fetch_object('harga')
#1 C:\xampp\htdocs\ukom2\system\Database\BaseResult.php(149): CodeIgniter\Database\MySQLi\Result->fetchObject('harga')
#2 C:\xampp\htdocs\ukom2\system\Database\BaseResult.php(106): CodeIgniter\Database\BaseResult->getCustomResultObject('harga')
#3 C:\xampp\htdocs\ukom2\app\Models\MasakanModel.php(80): CodeIgniter\Database\BaseResult->getResult('harga')
#4 C:\xampp\htdocs\ukom2\system\BaseModel.php(1456): App\Models\MasakanModel->afterUpdate(Array)
#5 C:\xampp\htdocs\ukom2\system\BaseModel.php(869): CodeIgniter\BaseModel->trigger('afterUpdate', Array)
#6 C:\xampp\htdocs\ukom2\system\Model.php(651): CodeIgniter\BaseModel->update(Array, Array)
#7 C:\xampp\htdocs\ukom2\app\Controllers\Masakan.php(184): CodeIgniter\Model->update('15', Array)
#8 C:\xampp\htdocs\ukom2\system\CodeIgniter.php(832): App\Controllers\Masakan->update('15')
#9 C:\xampp\htdocs\ukom2\system\CodeIgniter.php(419): CodeIgniter\CodeIgniter->runController(Object(App\Controllers\Masakan))
#10 C:\xampp\htdocs\ukom2\system\CodeIgniter.php(326): CodeIgniter\CodeIgniter->handleRequest(NULL, Object(Config\Cache), false)
#11 C:\xampp\htdocs\ukom2\public\index.php(37): CodeIgniter\CodeIgniter->run()
#12 C:\xampp\htdocs\ukom2\system\Commands\Server\rewrite.php(43): require_once('C:\\xampp\\htdocs...')
#13 {main}
CRITICAL - 2022-03-27 03:27:50 --> mysqli_result::fetch_object(): Argument #1 ($class) must be a valid class name, harga given
#0 C:\xampp\htdocs\ukom2\system\Database\MySQLi\Result.php(148): mysqli_result->fetch_object('harga')
#1 C:\xampp\htdocs\ukom2\system\Database\BaseResult.php(149): CodeIgniter\Database\MySQLi\Result->fetchObject('harga')
#2 C:\xampp\htdocs\ukom2\system\Database\BaseResult.php(106): CodeIgniter\Database\BaseResult->getCustomResultObject('harga')
#3 C:\xampp\htdocs\ukom2\app\Models\MasakanModel.php(80): CodeIgniter\Database\BaseResult->getResult('harga')
#4 C:\xampp\htdocs\ukom2\system\BaseModel.php(1456): App\Models\MasakanModel->afterUpdate(Array)
#5 C:\xampp\htdocs\ukom2\system\BaseModel.php(869): CodeIgniter\BaseModel->trigger('afterUpdate', Array)
#6 C:\xampp\htdocs\ukom2\system\Model.php(651): CodeIgniter\BaseModel->update(Array, Array)
#7 C:\xampp\htdocs\ukom2\app\Controllers\Masakan.php(184): CodeIgniter\Model->update('15', Array)
#8 C:\xampp\htdocs\ukom2\system\CodeIgniter.php(832): App\Controllers\Masakan->update('15')
#9 C:\xampp\htdocs\ukom2\system\CodeIgniter.php(419): CodeIgniter\CodeIgniter->runController(Object(App\Controllers\Masakan))
#10 C:\xampp\htdocs\ukom2\system\CodeIgniter.php(326): CodeIgniter\CodeIgniter->handleRequest(NULL, Object(Config\Cache), false)
#11 C:\xampp\htdocs\ukom2\public\index.php(37): CodeIgniter\CodeIgniter->run()
#12 C:\xampp\htdocs\ukom2\system\Commands\Server\rewrite.php(43): require_once('C:\\xampp\\htdocs...')
#13 {main}
CRITICAL - 2022-03-27 03:54:01 --> Invalid file: manage_account/log_aktivitas/log_aktivitas.php
#0 C:\xampp\htdocs\ukom2\system\View\View.php(198): CodeIgniter\Exceptions\FrameworkException::forInvalidFile('manage_account/...')
#1 C:\xampp\htdocs\ukom2\system\Common.php(1089): CodeIgniter\View\View->render('manage_account/...', Array, true)
#2 C:\xampp\htdocs\ukom2\app\Controllers\LogAktivitas.php(20): view('manage_account/...', Array)
#3 C:\xampp\htdocs\ukom2\system\CodeIgniter.php(832): App\Controllers\LogAktivitas->index()
#4 C:\xampp\htdocs\ukom2\system\CodeIgniter.php(419): CodeIgniter\CodeIgniter->runController(Object(App\Controllers\LogAktivitas))
#5 C:\xampp\htdocs\ukom2\system\CodeIgniter.php(326): CodeIgniter\CodeIgniter->handleRequest(NULL, Object(Config\Cache), false)
#6 C:\xampp\htdocs\ukom2\public\index.php(37): CodeIgniter\CodeIgniter->run()
#7 C:\xampp\htdocs\ukom2\system\Commands\Server\rewrite.php(43): require_once('C:\\xampp\\htdocs...')
#8 {main}
CRITICAL - 2022-03-27 03:54:28 --> Undefined array key "tanggal"
#0 C:\xampp\htdocs\ukom2\app\Views\manage_account\log_aktivitas\log_aktivitas.php(29): CodeIgniter\Debug\Exceptions->errorHandler(2, 'Undefined array...', 'C:\\xampp\\htdocs...', 29)
#1 C:\xampp\htdocs\ukom2\system\View\View.php(210): include('C:\\xampp\\htdocs...')
#2 C:\xampp\htdocs\ukom2\system\View\View.php(213): CodeIgniter\View\View->CodeIgniter\View\{closure}()
#3 C:\xampp\htdocs\ukom2\system\Common.php(1089): CodeIgniter\View\View->render('manage_account/...', Array, true)
#4 C:\xampp\htdocs\ukom2\app\Controllers\LogAktivitas.php(20): view('manage_account/...', Array)
#5 C:\xampp\htdocs\ukom2\system\CodeIgniter.php(832): App\Controllers\LogAktivitas->index()
#6 C:\xampp\htdocs\ukom2\system\CodeIgniter.php(419): CodeIgniter\CodeIgniter->runController(Object(App\Controllers\LogAktivitas))
#7 C:\xampp\htdocs\ukom2\system\CodeIgniter.php(326): CodeIgniter\CodeIgniter->handleRequest(NULL, Object(Config\Cache), false)
#8 C:\xampp\htdocs\ukom2\public\index.php(37): CodeIgniter\CodeIgniter->run()
#9 C:\xampp\htdocs\ukom2\system\Commands\Server\rewrite.php(43): require_once('C:\\xampp\\htdocs...')
#10 {main}
CRITICAL - 2022-03-27 11:26:04 --> Cannot use object of type stdClass as array
#0 C:\xampp\htdocs\ukom2\system\View\View.php(210): include()
#1 C:\xampp\htdocs\ukom2\system\View\View.php(213): CodeIgniter\View\View->CodeIgniter\View\{closure}()
#2 C:\xampp\htdocs\ukom2\system\Common.php(1089): CodeIgniter\View\View->render('transaksi/invoi...', Array, true)
#3 C:\xampp\htdocs\ukom2\app\Controllers\Transaksi.php(42): view('transaksi/invoi...', Array)
#4 C:\xampp\htdocs\ukom2\system\CodeIgniter.php(832): App\Controllers\Transaksi->invoice('51')
#5 C:\xampp\htdocs\ukom2\system\CodeIgniter.php(419): CodeIgniter\CodeIgniter->runController(Object(App\Controllers\Transaksi))
#6 C:\xampp\htdocs\ukom2\system\CodeIgniter.php(326): CodeIgniter\CodeIgniter->handleRequest(NULL, Object(Config\Cache), false)
#7 C:\xampp\htdocs\ukom2\public\index.php(37): CodeIgniter\CodeIgniter->run()
#8 C:\xampp\htdocs\ukom2\system\Commands\Server\rewrite.php(43): require_once('C:\\xampp\\htdocs...')
#9 {main}
CRITICAL - 2022-03-27 11:52:06 --> You must set the database table to be used with your query.
#0 C:\xampp\htdocs\ukom2\system\Model.php(545): CodeIgniter\Database\BaseConnection->table(NULL)
#1 C:\xampp\htdocs\ukom2\system\Model.php(693): CodeIgniter\Model->builder()
#2 C:\xampp\htdocs\ukom2\app\Views\transaksi\invoice.php(305): CodeIgniter\Model->__get('t')
#3 C:\xampp\htdocs\ukom2\system\View\View.php(210): include('C:\\xampp\\htdocs...')
#4 C:\xampp\htdocs\ukom2\system\View\View.php(213): CodeIgniter\View\View->CodeIgniter\View\{closure}()
#5 C:\xampp\htdocs\ukom2\system\Common.php(1089): CodeIgniter\View\View->render('transaksi/invoi...', Array, true)
#6 C:\xampp\htdocs\ukom2\app\Controllers\Transaksi.php(42): view('transaksi/invoi...', Array)
#7 C:\xampp\htdocs\ukom2\system\CodeIgniter.php(832): App\Controllers\Transaksi->invoice('51')
#8 C:\xampp\htdocs\ukom2\system\CodeIgniter.php(419): CodeIgniter\CodeIgniter->runController(Object(App\Controllers\Transaksi))
#9 C:\xampp\htdocs\ukom2\system\CodeIgniter.php(326): CodeIgniter\CodeIgniter->handleRequest(NULL, Object(Config\Cache), false)
#10 C:\xampp\htdocs\ukom2\public\index.php(37): CodeIgniter\CodeIgniter->run()
#11 C:\xampp\htdocs\ukom2\system\Commands\Server\rewrite.php(43): require_once('C:\\xampp\\htdocs...')
#12 {main}
CRITICAL - 2022-03-27 11:52:25 --> Too few arguments to function esc(), 0 passed in C:\xampp\htdocs\ukom2\app\Views\transaksi\invoice.php on line 305 and at least 1 expected
#0 C:\xampp\htdocs\ukom2\app\Views\transaksi\invoice.php(305): esc()
#1 C:\xampp\htdocs\ukom2\system\View\View.php(210): include('C:\\xampp\\htdocs...')
#2 C:\xampp\htdocs\ukom2\system\View\View.php(213): CodeIgniter\View\View->CodeIgniter\View\{closure}()
#3 C:\xampp\htdocs\ukom2\system\Common.php(1089): CodeIgniter\View\View->render('transaksi/invoi...', Array, true)
#4 C:\xampp\htdocs\ukom2\app\Controllers\Transaksi.php(42): view('transaksi/invoi...', Array)
#5 C:\xampp\htdocs\ukom2\system\CodeIgniter.php(832): App\Controllers\Transaksi->invoice('51')
#6 C:\xampp\htdocs\ukom2\system\CodeIgniter.php(419): CodeIgniter\CodeIgniter->runController(Object(App\Controllers\Transaksi))
#7 C:\xampp\htdocs\ukom2\system\CodeIgniter.php(326): CodeIgniter\CodeIgniter->handleRequest(NULL, Object(Config\Cache), false)
#8 C:\xampp\htdocs\ukom2\public\index.php(37): CodeIgniter\CodeIgniter->run()
#9 C:\xampp\htdocs\ukom2\system\Commands\Server\rewrite.php(43): require_once('C:\\xampp\\htdocs...')
#10 {main}
CRITICAL - 2022-03-27 13:50:16 --> syntax error, unexpected end of file
#0 C:\xampp\htdocs\ukom2\system\View\View.php(213): CodeIgniter\View\View->CodeIgniter\View\{closure}()
#1 C:\xampp\htdocs\ukom2\system\Common.php(1089): CodeIgniter\View\View->render('transaksi/invoi...', Array, true)
#2 C:\xampp\htdocs\ukom2\app\Controllers\Transaksi.php(42): view('transaksi/invoi...', Array)
#3 C:\xampp\htdocs\ukom2\system\CodeIgniter.php(832): App\Controllers\Transaksi->invoice('51')
#4 C:\xampp\htdocs\ukom2\system\CodeIgniter.php(419): CodeIgniter\CodeIgniter->runController(Object(App\Controllers\Transaksi))
#5 C:\xampp\htdocs\ukom2\system\CodeIgniter.php(326): CodeIgniter\CodeIgniter->handleRequest(NULL, Object(Config\Cache), false)
#6 C:\xampp\htdocs\ukom2\public\index.php(37): CodeIgniter\CodeIgniter->run()
#7 C:\xampp\htdocs\ukom2\system\Commands\Server\rewrite.php(43): require_once('C:\\xampp\\htdocs...')
#8 {main}
ERROR - 2022-03-27 13:55:54 --> Column 'id_masakan' in group statement is ambiguous
CRITICAL - 2022-03-27 13:55:54 --> Column 'id_masakan' in group statement is ambiguous
#0 C:\xampp\htdocs\ukom2\system\Database\MySQLi\Connection.php(292): mysqli->query('SELECT *\nFROM `...', 0)
#1 C:\xampp\htdocs\ukom2\system\Database\BaseConnection.php(670): CodeIgniter\Database\MySQLi\Connection->execute('SELECT *\nFROM `...')
#2 C:\xampp\htdocs\ukom2\system\Database\BaseConnection.php(598): CodeIgniter\Database\BaseConnection->simpleQuery('SELECT *\nFROM `...')
#3 C:\xampp\htdocs\ukom2\system\Database\BaseBuilder.php(1455): CodeIgniter\Database\BaseConnection->query('SELECT *\nFROM `...', Array, false)
#4 C:\xampp\htdocs\ukom2\app\Models\CustomModel.php(115): CodeIgniter\Database\BaseBuilder->get()
#5 C:\xampp\htdocs\ukom2\app\Views\transaksi\invoice.php(250): App\Models\CustomModel->getPesananT('49')
#6 C:\xampp\htdocs\ukom2\system\View\View.php(210): include('C:\\xampp\\htdocs...')
#7 C:\xampp\htdocs\ukom2\system\View\View.php(213): CodeIgniter\View\View->CodeIgniter\View\{closure}()
#8 C:\xampp\htdocs\ukom2\system\Common.php(1089): CodeIgniter\View\View->render('transaksi/invoi...', Array, true)
#9 C:\xampp\htdocs\ukom2\app\Controllers\Transaksi.php(42): view('transaksi/invoi...', Array)
#10 C:\xampp\htdocs\ukom2\system\CodeIgniter.php(832): App\Controllers\Transaksi->invoice('46')
#11 C:\xampp\htdocs\ukom2\system\CodeIgniter.php(419): CodeIgniter\CodeIgniter->runController(Object(App\Controllers\Transaksi))
#12 C:\xampp\htdocs\ukom2\system\CodeIgniter.php(326): CodeIgniter\CodeIgniter->handleRequest(NULL, Object(Config\Cache), false)
#13 C:\xampp\htdocs\ukom2\public\index.php(37): CodeIgniter\CodeIgniter->run()
#14 C:\xampp\htdocs\ukom2\system\Commands\Server\rewrite.php(43): require_once('C:\\xampp\\htdocs...')
#15 {main}
CRITICAL - 2022-03-27 14:07:38 --> Undefined property: stdClass::$d_masakan
#0 C:\xampp\htdocs\ukom2\app\Views\transaksi\invoice.php(254): CodeIgniter\Debug\Exceptions->errorHandler(2, 'Undefined prope...', 'C:\\xampp\\htdocs...', 254)
#1 C:\xampp\htdocs\ukom2\system\View\View.php(210): include('C:\\xampp\\htdocs...')
#2 C:\xampp\htdocs\ukom2\system\View\View.php(213): CodeIgniter\View\View->CodeIgniter\View\{closure}()
#3 C:\xampp\htdocs\ukom2\system\Common.php(1089): CodeIgniter\View\View->render('transaksi/invoi...', Array, true)
#4 C:\xampp\htdocs\ukom2\app\Controllers\Transaksi.php(42): view('transaksi/invoi...', Array)
#5 C:\xampp\htdocs\ukom2\system\CodeIgniter.php(832): App\Controllers\Transaksi->invoice('52')
#6 C:\xampp\htdocs\ukom2\system\CodeIgniter.php(419): CodeIgniter\CodeIgniter->runController(Object(App\Controllers\Transaksi))
#7 C:\xampp\htdocs\ukom2\system\CodeIgniter.php(326): CodeIgniter\CodeIgniter->handleRequest(NULL, Object(Config\Cache), false)
#8 C:\xampp\htdocs\ukom2\public\index.php(37): CodeIgniter\CodeIgniter->run()
#9 C:\xampp\htdocs\ukom2\system\Commands\Server\rewrite.php(43): require_once('C:\\xampp\\htdocs...')
#10 {main}
CRITICAL - 2022-03-27 14:20:06 --> Undefined variable $id_masakan
#0 C:\xampp\htdocs\ukom2\app\Views\transaksi\invoice.php(255): CodeIgniter\Debug\Exceptions->errorHandler(2, 'Undefined varia...', 'C:\\xampp\\htdocs...', 255)
#1 C:\xampp\htdocs\ukom2\system\View\View.php(210): include('C:\\xampp\\htdocs...')
#2 C:\xampp\htdocs\ukom2\system\View\View.php(213): CodeIgniter\View\View->CodeIgniter\View\{closure}()
#3 C:\xampp\htdocs\ukom2\system\Common.php(1089): CodeIgniter\View\View->render('transaksi/invoi...', Array, true)
#4 C:\xampp\htdocs\ukom2\app\Controllers\Transaksi.php(45): view('transaksi/invoi...', Array)
#5 C:\xampp\htdocs\ukom2\system\CodeIgniter.php(832): App\Controllers\Transaksi->invoice('51')
#6 C:\xampp\htdocs\ukom2\system\CodeIgniter.php(419): CodeIgniter\CodeIgniter->runController(Object(App\Controllers\Transaksi))
#7 C:\xampp\htdocs\ukom2\system\CodeIgniter.php(326): CodeIgniter\CodeIgniter->handleRequest(NULL, Object(Config\Cache), false)
#8 C:\xampp\htdocs\ukom2\public\index.php(37): CodeIgniter\CodeIgniter->run()
#9 C:\xampp\htdocs\ukom2\system\Commands\Server\rewrite.php(43): require_once('C:\\xampp\\htdocs...')
#10 {main}
ERROR - 2022-03-27 14:20:18 --> Column 'id_masakan' in where clause is ambiguous
CRITICAL - 2022-03-27 14:20:18 --> Column 'id_masakan' in where clause is ambiguous
#0 C:\xampp\htdocs\ukom2\system\Database\MySQLi\Connection.php(292): mysqli->query('SELECT SUM(`har...', 0)
#1 C:\xampp\htdocs\ukom2\system\Database\BaseConnection.php(670): CodeIgniter\Database\MySQLi\Connection->execute('SELECT SUM(`har...')
#2 C:\xampp\htdocs\ukom2\system\Database\BaseConnection.php(598): CodeIgniter\Database\BaseConnection->simpleQuery('SELECT SUM(`har...')
#3 C:\xampp\htdocs\ukom2\system\Database\BaseBuilder.php(1455): CodeIgniter\Database\BaseConnection->query('SELECT SUM(`har...', Array, false)
#4 C:\xampp\htdocs\ukom2\app\Models\CustomModel.php(136): CodeIgniter\Database\BaseBuilder->get()
#5 C:\xampp\htdocs\ukom2\app\Views\transaksi\invoice.php(255): App\Models\CustomModel->HargaSatuan('9')
#6 C:\xampp\htdocs\ukom2\system\View\View.php(210): include('C:\\xampp\\htdocs...')
#7 C:\xampp\htdocs\ukom2\system\View\View.php(213): CodeIgniter\View\View->CodeIgniter\View\{closure}()
#8 C:\xampp\htdocs\ukom2\system\Common.php(1089): CodeIgniter\View\View->render('transaksi/invoi...', Array, true)
#9 C:\xampp\htdocs\ukom2\app\Controllers\Transaksi.php(45): view('transaksi/invoi...', Array)
#10 C:\xampp\htdocs\ukom2\system\CodeIgniter.php(832): App\Controllers\Transaksi->invoice('51')
#11 C:\xampp\htdocs\ukom2\system\CodeIgniter.php(419): CodeIgniter\CodeIgniter->runController(Object(App\Controllers\Transaksi))
#12 C:\xampp\htdocs\ukom2\system\CodeIgniter.php(326): CodeIgniter\CodeIgniter->handleRequest(NULL, Object(Config\Cache), false)
#13 C:\xampp\htdocs\ukom2\public\index.php(37): CodeIgniter\CodeIgniter->run()
#14 C:\xampp\htdocs\ukom2\system\Commands\Server\rewrite.php(43): require_once('C:\\xampp\\htdocs...')
#15 {main}
CRITICAL - 2022-03-27 14:24:17 --> Undefined property: stdClass::$uang
#0 C:\xampp\htdocs\ukom2\app\Views\transaksi\invoice.php(335): CodeIgniter\Debug\Exceptions->errorHandler(2, 'Undefined prope...', 'C:\\xampp\\htdocs...', 335)
#1 C:\xampp\htdocs\ukom2\system\View\View.php(210): include('C:\\xampp\\htdocs...')
#2 C:\xampp\htdocs\ukom2\system\View\View.php(213): CodeIgniter\View\View->CodeIgniter\View\{closure}()
#3 C:\xampp\htdocs\ukom2\system\Common.php(1089): CodeIgniter\View\View->render('transaksi/invoi...', Array, true)
#4 C:\xampp\htdocs\ukom2\app\Controllers\Transaksi.php(45): view('transaksi/invoi...', Array)
#5 C:\xampp\htdocs\ukom2\system\CodeIgniter.php(832): App\Controllers\Transaksi->invoice('51')
#6 C:\xampp\htdocs\ukom2\system\CodeIgniter.php(419): CodeIgniter\CodeIgniter->runController(Object(App\Controllers\Transaksi))
#7 C:\xampp\htdocs\ukom2\system\CodeIgniter.php(326): CodeIgniter\CodeIgniter->handleRequest(NULL, Object(Config\Cache), false)
#8 C:\xampp\htdocs\ukom2\public\index.php(37): CodeIgniter\CodeIgniter->run()
#9 C:\xampp\htdocs\ukom2\system\Commands\Server\rewrite.php(43): require_once('C:\\xampp\\htdocs...')
#10 {main}
CRITICAL - 2022-03-27 14:37:27 --> number_format(): Passing null to parameter #1 ($num) of type float is deprecated
#0 [internal function]: CodeIgniter\Debug\Exceptions->errorHandler(8192, 'number_format()...', 'C:\\xampp\\htdocs...', 257)
#1 C:\xampp\htdocs\ukom2\app\Views\transaksi\invoice.php(257): number_format(NULL, 0, ',', '.')
#2 C:\xampp\htdocs\ukom2\system\View\View.php(210): include('C:\\xampp\\htdocs...')
#3 C:\xampp\htdocs\ukom2\system\View\View.php(213): CodeIgniter\View\View->CodeIgniter\View\{closure}()
#4 C:\xampp\htdocs\ukom2\system\Common.php(1089): CodeIgniter\View\View->render('transaksi/invoi...', Array, true)
#5 C:\xampp\htdocs\ukom2\app\Controllers\Transaksi.php(45): view('transaksi/invoi...', Array)
#6 C:\xampp\htdocs\ukom2\system\CodeIgniter.php(832): App\Controllers\Transaksi->invoice('52')
#7 C:\xampp\htdocs\ukom2\system\CodeIgniter.php(419): CodeIgniter\CodeIgniter->runController(Object(App\Controllers\Transaksi))
#8 C:\xampp\htdocs\ukom2\system\CodeIgniter.php(326): CodeIgniter\CodeIgniter->handleRequest(NULL, Object(Config\Cache), false)
#9 C:\xampp\htdocs\ukom2\public\index.php(37): CodeIgniter\CodeIgniter->run()
#10 C:\xampp\htdocs\ukom2\system\Commands\Server\rewrite.php(43): require_once('C:\\xampp\\htdocs...')
#11 {main}
CRITICAL - 2022-03-27 14:38:21 --> You must set the database table to be used with your query.
#0 C:\xampp\htdocs\ukom2\system\Model.php(545): CodeIgniter\Database\BaseConnection->table(NULL)
#1 C:\xampp\htdocs\ukom2\system\Model.php(722): CodeIgniter\Model->builder()
#2 C:\xampp\htdocs\ukom2\app\Views\transaksi\invoice.php(251): CodeIgniter\Model->__call('JPesananK', Array)
#3 C:\xampp\htdocs\ukom2\system\View\View.php(210): include('C:\\xampp\\htdocs...')
#4 C:\xampp\htdocs\ukom2\system\View\View.php(213): CodeIgniter\View\View->CodeIgniter\View\{closure}()
#5 C:\xampp\htdocs\ukom2\system\Common.php(1089): CodeIgniter\View\View->render('transaksi/invoi...', Array, true)
#6 C:\xampp\htdocs\ukom2\app\Controllers\Transaksi.php(45): view('transaksi/invoi...', Array)
#7 C:\xampp\htdocs\ukom2\system\CodeIgniter.php(832): App\Controllers\Transaksi->invoice('52')
#8 C:\xampp\htdocs\ukom2\system\CodeIgniter.php(419): CodeIgniter\CodeIgniter->runController(Object(App\Controllers\Transaksi))
#9 C:\xampp\htdocs\ukom2\system\CodeIgniter.php(326): CodeIgniter\CodeIgniter->handleRequest(NULL, Object(Config\Cache), false)
#10 C:\xampp\htdocs\ukom2\public\index.php(37): CodeIgniter\CodeIgniter->run()
#11 C:\xampp\htdocs\ukom2\system\Commands\Server\rewrite.php(43): require_once('C:\\xampp\\htdocs...')
#12 {main}
CRITICAL - 2022-03-27 14:38:49 --> Too few arguments to function App\Models\CustomModel::JPesananT(), 1 passed in C:\xampp\htdocs\ukom2\app\Views\transaksi\invoice.php on line 251 and exactly 2 expected
#0 C:\xampp\htdocs\ukom2\app\Views\transaksi\invoice.php(251): App\Models\CustomModel->JPesananT('5')
#1 C:\xampp\htdocs\ukom2\system\View\View.php(210): include('C:\\xampp\\htdocs...')
#2 C:\xampp\htdocs\ukom2\system\View\View.php(213): CodeIgniter\View\View->CodeIgniter\View\{closure}()
#3 C:\xampp\htdocs\ukom2\system\Common.php(1089): CodeIgniter\View\View->render('transaksi/invoi...', Array, true)
#4 C:\xampp\htdocs\ukom2\app\Controllers\Transaksi.php(45): view('transaksi/invoi...', Array)
#5 C:\xampp\htdocs\ukom2\system\CodeIgniter.php(832): App\Controllers\Transaksi->invoice('52')
#6 C:\xampp\htdocs\ukom2\system\CodeIgniter.php(419): CodeIgniter\CodeIgniter->runController(Object(App\Controllers\Transaksi))
#7 C:\xampp\htdocs\ukom2\system\CodeIgniter.php(326): CodeIgniter\CodeIgniter->handleRequest(NULL, Object(Config\Cache), false)
#8 C:\xampp\htdocs\ukom2\public\index.php(37): CodeIgniter\CodeIgniter->run()
#9 C:\xampp\htdocs\ukom2\system\Commands\Server\rewrite.php(43): require_once('C:\\xampp\\htdocs...')
#10 {main}
CRITICAL - 2022-03-27 14:39:23 --> Too few arguments to function App\Models\CustomModel::JPesananT(), 1 passed in C:\xampp\htdocs\ukom2\app\Views\transaksi\invoice.php on line 251 and exactly 2 expected
#0 C:\xampp\htdocs\ukom2\app\Views\transaksi\invoice.php(251): App\Models\CustomModel->JPesananT('5')
#1 C:\xampp\htdocs\ukom2\system\View\View.php(210): include('C:\\xampp\\htdocs...')
#2 C:\xampp\htdocs\ukom2\system\View\View.php(213): CodeIgniter\View\View->CodeIgniter\View\{closure}()
#3 C:\xampp\htdocs\ukom2\system\Common.php(1089): CodeIgniter\View\View->render('transaksi/invoi...', Array, true)
#4 C:\xampp\htdocs\ukom2\app\Controllers\Transaksi.php(45): view('transaksi/invoi...', Array)
#5 C:\xampp\htdocs\ukom2\system\CodeIgniter.php(832): App\Controllers\Transaksi->invoice('52')
#6 C:\xampp\htdocs\ukom2\system\CodeIgniter.php(419): CodeIgniter\CodeIgniter->runController(Object(App\Controllers\Transaksi))
#7 C:\xampp\htdocs\ukom2\system\CodeIgniter.php(326): CodeIgniter\CodeIgniter->handleRequest(NULL, Object(Config\Cache), false)
#8 C:\xampp\htdocs\ukom2\public\index.php(37): CodeIgniter\CodeIgniter->run()
#9 C:\xampp\htdocs\ukom2\system\Commands\Server\rewrite.php(43): require_once('C:\\xampp\\htdocs...')
#10 {main}
CRITICAL - 2022-03-27 14:39:27 --> Too few arguments to function App\Models\CustomModel::JPesananT(), 1 passed in C:\xampp\htdocs\ukom2\app\Views\transaksi\invoice.php on line 251 and exactly 2 expected
#0 C:\xampp\htdocs\ukom2\app\Views\transaksi\invoice.php(251): App\Models\CustomModel->JPesananT('5')
#1 C:\xampp\htdocs\ukom2\system\View\View.php(210): include('C:\\xampp\\htdocs...')
#2 C:\xampp\htdocs\ukom2\system\View\View.php(213): CodeIgniter\View\View->CodeIgniter\View\{closure}()
#3 C:\xampp\htdocs\ukom2\system\Common.php(1089): CodeIgniter\View\View->render('transaksi/invoi...', Array, true)
#4 C:\xampp\htdocs\ukom2\app\Controllers\Transaksi.php(45): view('transaksi/invoi...', Array)
#5 C:\xampp\htdocs\ukom2\system\CodeIgniter.php(832): App\Controllers\Transaksi->invoice('52')
#6 C:\xampp\htdocs\ukom2\system\CodeIgniter.php(419): CodeIgniter\CodeIgniter->runController(Object(App\Controllers\Transaksi))
#7 C:\xampp\htdocs\ukom2\system\CodeIgniter.php(326): CodeIgniter\CodeIgniter->handleRequest(NULL, Object(Config\Cache), false)
#8 C:\xampp\htdocs\ukom2\public\index.php(37): CodeIgniter\CodeIgniter->run()
#9 C:\xampp\htdocs\ukom2\system\Commands\Server\rewrite.php(43): require_once('C:\\xampp\\htdocs...')
#10 {main}
CRITICAL - 2022-03-27 19:46:23 --> Constant expression contains invalid operations
#0 [internal function]: CodeIgniter\Debug\Exceptions->shutdownHandler()
#1 {main}
CRITICAL - 2022-03-27 19:47:17 --> Constant expression contains invalid operations
#0 [internal function]: CodeIgniter\Debug\Exceptions->shutdownHandler()
#1 {main}
CRITICAL - 2022-03-27 19:47:17 --> Constant expression contains invalid operations
#0 [internal function]: CodeIgniter\Debug\Exceptions->shutdownHandler()
#1 {main}
CRITICAL - 2022-03-27 19:47:19 --> Constant expression contains invalid operations
#0 [internal function]: CodeIgniter\Debug\Exceptions->shutdownHandler()
#1 {main}
CRITICAL - 2022-03-27 19:47:21 --> Constant expression contains invalid operations
#0 [internal function]: CodeIgniter\Debug\Exceptions->shutdownHandler()
#1 {main}
CRITICAL - 2022-03-27 19:47:23 --> Constant expression contains invalid operations
#0 [internal function]: CodeIgniter\Debug\Exceptions->shutdownHandler()
#1 {main}
CRITICAL - 2022-03-27 20:27:14 --> Attempt to read property "id_log_aktivitas" on array
#0 C:\xampp\htdocs\ukom2\app\Views\manage_account\log_aktivitas\log_aktivitas.php(49): CodeIgniter\Debug\Exceptions->errorHandler(2, 'Attempt to read...', 'C:\\xampp\\htdocs...', 49)
#1 C:\xampp\htdocs\ukom2\system\View\View.php(210): include('C:\\xampp\\htdocs...')
#2 C:\xampp\htdocs\ukom2\system\View\View.php(213): CodeIgniter\View\View->CodeIgniter\View\{closure}()
#3 C:\xampp\htdocs\ukom2\system\Common.php(1089): CodeIgniter\View\View->render('manage_account/...', Array, true)
#4 C:\xampp\htdocs\ukom2\app\Controllers\LogAktivitas.php(20): view('manage_account/...', Array)
#5 C:\xampp\htdocs\ukom2\system\CodeIgniter.php(832): App\Controllers\LogAktivitas->index()
#6 C:\xampp\htdocs\ukom2\system\CodeIgniter.php(419): CodeIgniter\CodeIgniter->runController(Object(App\Controllers\LogAktivitas))
#7 C:\xampp\htdocs\ukom2\system\CodeIgniter.php(326): CodeIgniter\CodeIgniter->handleRequest(NULL, Object(Config\Cache), false)
#8 C:\xampp\htdocs\ukom2\public\index.php(37): CodeIgniter\CodeIgniter->run()
#9 C:\xampp\htdocs\ukom2\system\Commands\Server\rewrite.php(43): require_once('C:\\xampp\\htdocs...')
#10 {main}
CRITICAL - 2022-03-27 20:38:06 --> Undefined variable $uri
#0 C:\xampp\htdocs\ukom2\app\Views\profile.php(10): CodeIgniter\Debug\Exceptions->errorHandler(2, 'Undefined varia...', 'C:\\xampp\\htdocs...', 10)
#1 C:\xampp\htdocs\ukom2\system\View\View.php(210): include('C:\\xampp\\htdocs...')
#2 C:\xampp\htdocs\ukom2\system\View\View.php(213): CodeIgniter\View\View->CodeIgniter\View\{closure}()
#3 C:\xampp\htdocs\ukom2\system\Common.php(1089): CodeIgniter\View\View->render('profile', Array, true)
#4 C:\xampp\htdocs\ukom2\app\Controllers\Users.php(452): view('profile', Array)
#5 C:\xampp\htdocs\ukom2\system\CodeIgniter.php(832): App\Controllers\Users->profile()
#6 C:\xampp\htdocs\ukom2\system\CodeIgniter.php(419): CodeIgniter\CodeIgniter->runController(Object(App\Controllers\Users))
#7 C:\xampp\htdocs\ukom2\system\CodeIgniter.php(326): CodeIgniter\CodeIgniter->handleRequest(NULL, Object(Config\Cache), false)
#8 C:\xampp\htdocs\ukom2\public\index.php(37): CodeIgniter\CodeIgniter->run()
#9 C:\xampp\htdocs\ukom2\system\Commands\Server\rewrite.php(43): require_once('C:\\xampp\\htdocs...')
#10 {main}
CRITICAL - 2022-03-27 20:39:22 --> Undefined variable $uri
#0 C:\xampp\htdocs\ukom2\app\Views\profile.php(10): CodeIgniter\Debug\Exceptions->errorHandler(2, 'Undefined varia...', 'C:\\xampp\\htdocs...', 10)
#1 C:\xampp\htdocs\ukom2\system\View\View.php(210): include('C:\\xampp\\htdocs...')
#2 C:\xampp\htdocs\ukom2\system\View\View.php(213): CodeIgniter\View\View->CodeIgniter\View\{closure}()
#3 C:\xampp\htdocs\ukom2\system\Common.php(1089): CodeIgniter\View\View->render('profile', Array, true)
#4 C:\xampp\htdocs\ukom2\app\Controllers\Users.php(452): view('profile', Array)
#5 C:\xampp\htdocs\ukom2\system\CodeIgniter.php(832): App\Controllers\Users->profile()
#6 C:\xampp\htdocs\ukom2\system\CodeIgniter.php(419): CodeIgniter\CodeIgniter->runController(Object(App\Controllers\Users))
#7 C:\xampp\htdocs\ukom2\system\CodeIgniter.php(326): CodeIgniter\CodeIgniter->handleRequest(NULL, Object(Config\Cache), false)
#8 C:\xampp\htdocs\ukom2\public\index.php(37): CodeIgniter\CodeIgniter->run()
#9 C:\xampp\htdocs\ukom2\system\Commands\Server\rewrite.php(43): require_once('C:\\xampp\\htdocs...')
#10 {main}
CRITICAL - 2022-03-27 20:41:10 --> Cannot use isset() on the result of an expression (you can use "null !== expression" instead)
#0 [internal function]: CodeIgniter\Debug\Exceptions->shutdownHandler()
#1 {main}
CRITICAL - 2022-03-27 20:44:14 --> syntax error, unexpected end of file
#0 C:\xampp\htdocs\ukom2\system\View\View.php(213): CodeIgniter\View\View->CodeIgniter\View\{closure}()
#1 C:\xampp\htdocs\ukom2\system\View\View.php(226): CodeIgniter\View\View->render('layout', Array, true)
#2 C:\xampp\htdocs\ukom2\system\Common.php(1089): CodeIgniter\View\View->render('manage_account/...', Array, true)
#3 C:\xampp\htdocs\ukom2\app\Controllers\Users.php(336): view('manage_account/...', Array)
#4 C:\xampp\htdocs\ukom2\system\CodeIgniter.php(832): App\Controllers\Users->update2('20')
#5 C:\xampp\htdocs\ukom2\system\CodeIgniter.php(419): CodeIgniter\CodeIgniter->runController(Object(App\Controllers\Users))
#6 C:\xampp\htdocs\ukom2\system\CodeIgniter.php(326): CodeIgniter\CodeIgniter->handleRequest(NULL, Object(Config\Cache), false)
#7 C:\xampp\htdocs\ukom2\public\index.php(37): CodeIgniter\CodeIgniter->run()
#8 C:\xampp\htdocs\ukom2\system\Commands\Server\rewrite.php(43): require_once('C:\\xampp\\htdocs...')
#9 {main}
CRITICAL - 2022-03-27 20:44:29 --> syntax error, unexpected end of file
#0 C:\xampp\htdocs\ukom2\system\View\View.php(213): CodeIgniter\View\View->CodeIgniter\View\{closure}()
#1 C:\xampp\htdocs\ukom2\system\View\View.php(226): CodeIgniter\View\View->render('layout', Array, true)
#2 C:\xampp\htdocs\ukom2\system\Common.php(1089): CodeIgniter\View\View->render('manage_account/...', Array, true)
#3 C:\xampp\htdocs\ukom2\app\Controllers\Users.php(336): view('manage_account/...', Array)
#4 C:\xampp\htdocs\ukom2\system\CodeIgniter.php(832): App\Controllers\Users->update2('20')
#5 C:\xampp\htdocs\ukom2\system\CodeIgniter.php(419): CodeIgniter\CodeIgniter->runController(Object(App\Controllers\Users))
#6 C:\xampp\htdocs\ukom2\system\CodeIgniter.php(326): CodeIgniter\CodeIgniter->handleRequest(NULL, Object(Config\Cache), false)
#7 C:\xampp\htdocs\ukom2\public\index.php(37): CodeIgniter\CodeIgniter->run()
#8 C:\xampp\htdocs\ukom2\system\Commands\Server\rewrite.php(43): require_once('C:\\xampp\\htdocs...')
#9 {main}
CRITICAL - 2022-03-27 20:45:00 --> Too few arguments to function CodeIgniter\HTTP\URI::getSegment(), 0 passed in C:\xampp\htdocs\ukom2\app\Views\layout.php on line 217 and at least 1 expected
#0 C:\xampp\htdocs\ukom2\app\Views\layout.php(217): CodeIgniter\HTTP\URI->getSegment()
#1 C:\xampp\htdocs\ukom2\system\View\View.php(210): include('C:\\xampp\\htdocs...')
#2 C:\xampp\htdocs\ukom2\system\View\View.php(213): CodeIgniter\View\View->CodeIgniter\View\{closure}()
#3 C:\xampp\htdocs\ukom2\system\View\View.php(226): CodeIgniter\View\View->render('layout', Array, true)
#4 C:\xampp\htdocs\ukom2\system\Common.php(1089): CodeIgniter\View\View->render('manage_account/...', Array, true)
#5 C:\xampp\htdocs\ukom2\app\Controllers\Users.php(336): view('manage_account/...', Array)
#6 C:\xampp\htdocs\ukom2\system\CodeIgniter.php(832): App\Controllers\Users->update2('20')
#7 C:\xampp\htdocs\ukom2\system\CodeIgniter.php(419): CodeIgniter\CodeIgniter->runController(Object(App\Controllers\Users))
#8 C:\xampp\htdocs\ukom2\system\CodeIgniter.php(326): CodeIgniter\CodeIgniter->handleRequest(NULL, Object(Config\Cache), false)
#9 C:\xampp\htdocs\ukom2\public\index.php(37): CodeIgniter\CodeIgniter->run()
#10 C:\xampp\htdocs\ukom2\system\Commands\Server\rewrite.php(43): require_once('C:\\xampp\\htdocs...')
#11 {main}
CRITICAL - 2022-03-27 20:54:49 --> Too few arguments to function CodeIgniter\HTTP\URI::getSegment(), 0 passed in C:\xampp\htdocs\ukom2\app\Views\layout.php on line 217 and at least 1 expected
#0 C:\xampp\htdocs\ukom2\app\Views\layout.php(217): CodeIgniter\HTTP\URI->getSegment()
#1 C:\xampp\htdocs\ukom2\system\View\View.php(210): include('C:\\xampp\\htdocs...')
#2 C:\xampp\htdocs\ukom2\system\View\View.php(213): CodeIgniter\View\View->CodeIgniter\View\{closure}()
#3 C:\xampp\htdocs\ukom2\system\View\View.php(226): CodeIgniter\View\View->render('layout', Array, true)
#4 C:\xampp\htdocs\ukom2\system\Common.php(1089): CodeIgniter\View\View->render('manage_account/...', Array, true)
#5 C:\xampp\htdocs\ukom2\app\Controllers\Users.php(336): view('manage_account/...', Array)
#6 C:\xampp\htdocs\ukom2\system\CodeIgniter.php(832): App\Controllers\Users->update2('20')
#7 C:\xampp\htdocs\ukom2\system\CodeIgniter.php(419): CodeIgniter\CodeIgniter->runController(Object(App\Controllers\Users))
#8 C:\xampp\htdocs\ukom2\system\CodeIgniter.php(326): CodeIgniter\CodeIgniter->handleRequest(NULL, Object(Config\Cache), false)
#9 C:\xampp\htdocs\ukom2\public\index.php(37): CodeIgniter\CodeIgniter->run()
#10 C:\xampp\htdocs\ukom2\system\Commands\Server\rewrite.php(43): require_once('C:\\xampp\\htdocs...')
#11 {main}
CRITICAL - 2022-03-27 20:57:52 --> Too few arguments to function CodeIgniter\HTTP\URI::getSegment(), 0 passed in C:\xampp\htdocs\ukom2\app\Views\layout.php on line 217 and at least 1 expected
#0 C:\xampp\htdocs\ukom2\app\Views\layout.php(217): CodeIgniter\HTTP\URI->getSegment()
#1 C:\xampp\htdocs\ukom2\system\View\View.php(210): include('C:\\xampp\\htdocs...')
#2 C:\xampp\htdocs\ukom2\system\View\View.php(213): CodeIgniter\View\View->CodeIgniter\View\{closure}()
#3 C:\xampp\htdocs\ukom2\system\View\View.php(226): CodeIgniter\View\View->render('layout', Array, true)
#4 C:\xampp\htdocs\ukom2\system\Common.php(1089): CodeIgniter\View\View->render('manage_account/...', Array, true)
#5 C:\xampp\htdocs\ukom2\app\Controllers\Users.php(336): view('manage_account/...', Array)
#6 C:\xampp\htdocs\ukom2\system\CodeIgniter.php(832): App\Controllers\Users->update2('20')
#7 C:\xampp\htdocs\ukom2\system\CodeIgniter.php(419): CodeIgniter\CodeIgniter->runController(Object(App\Controllers\Users))
#8 C:\xampp\htdocs\ukom2\system\CodeIgniter.php(326): CodeIgniter\CodeIgniter->handleRequest(NULL, Object(Config\Cache), false)
#9 C:\xampp\htdocs\ukom2\public\index.php(37): CodeIgniter\CodeIgniter->run()
#10 C:\xampp\htdocs\ukom2\system\Commands\Server\rewrite.php(43): require_once('C:\\xampp\\htdocs...')
#11 {main}
CRITICAL - 2022-03-27 20:59:09 --> Call to undefined method CodeIgniter\HTTP\URI::getTotalSegment()
#0 C:\xampp\htdocs\ukom2\system\View\View.php(210): include()
#1 C:\xampp\htdocs\ukom2\system\View\View.php(213): CodeIgniter\View\View->CodeIgniter\View\{closure}()
#2 C:\xampp\htdocs\ukom2\system\View\View.php(226): CodeIgniter\View\View->render('layout', Array, true)
#3 C:\xampp\htdocs\ukom2\system\Common.php(1089): CodeIgniter\View\View->render('manage_account/...', Array, true)
#4 C:\xampp\htdocs\ukom2\app\Controllers\Users.php(336): view('manage_account/...', Array)
#5 C:\xampp\htdocs\ukom2\system\CodeIgniter.php(832): App\Controllers\Users->update2('20')
#6 C:\xampp\htdocs\ukom2\system\CodeIgniter.php(419): CodeIgniter\CodeIgniter->runController(Object(App\Controllers\Users))
#7 C:\xampp\htdocs\ukom2\system\CodeIgniter.php(326): CodeIgniter\CodeIgniter->handleRequest(NULL, Object(Config\Cache), false)
#8 C:\xampp\htdocs\ukom2\public\index.php(37): CodeIgniter\CodeIgniter->run()
#9 C:\xampp\htdocs\ukom2\system\Commands\Server\rewrite.php(43): require_once('C:\\xampp\\htdocs...')
#10 {main}
CRITICAL - 2022-03-27 21:01:22 --> Undefined property: CodeIgniter\HTTP\URI::$getTotalSegment
#0 C:\xampp\htdocs\ukom2\app\Views\layout.php(218): CodeIgniter\Debug\Exceptions->errorHandler(2, 'Undefined prope...', 'C:\\xampp\\htdocs...', 218)
#1 C:\xampp\htdocs\ukom2\system\View\View.php(210): include('C:\\xampp\\htdocs...')
#2 C:\xampp\htdocs\ukom2\system\View\View.php(213): CodeIgniter\View\View->CodeIgniter\View\{closure}()
#3 C:\xampp\htdocs\ukom2\system\View\View.php(226): CodeIgniter\View\View->render('layout', Array, true)
#4 C:\xampp\htdocs\ukom2\system\Common.php(1089): CodeIgniter\View\View->render('manage_account/...', Array, true)
#5 C:\xampp\htdocs\ukom2\app\Controllers\Users.php(336): view('manage_account/...', Array)
#6 C:\xampp\htdocs\ukom2\system\CodeIgniter.php(832): App\Controllers\Users->update2('20')
#7 C:\xampp\htdocs\ukom2\system\CodeIgniter.php(419): CodeIgniter\CodeIgniter->runController(Object(App\Controllers\Users))
#8 C:\xampp\htdocs\ukom2\system\CodeIgniter.php(326): CodeIgniter\CodeIgniter->handleRequest(NULL, Object(Config\Cache), false)
#9 C:\xampp\htdocs\ukom2\public\index.php(37): CodeIgniter\CodeIgniter->run()
#10 C:\xampp\htdocs\ukom2\system\Commands\Server\rewrite.php(43): require_once('C:\\xampp\\htdocs...')
#11 {main}
CRITICAL - 2022-03-27 21:02:26 --> Can't use function return value in write context
#0 [internal function]: CodeIgniter\Debug\Exceptions->shutdownHandler()
#1 {main}
CRITICAL - 2022-03-27 22:50:07 --> Undefined variable $masakan
#0 C:\xampp\htdocs\ukom2\app\Views\transaksi\transaksi.php(17): CodeIgniter\Debug\Exceptions->errorHandler(2, 'Undefined varia...', 'C:\\xampp\\htdocs...', 17)
#1 C:\xampp\htdocs\ukom2\system\View\View.php(210): include('C:\\xampp\\htdocs...')
#2 C:\xampp\htdocs\ukom2\system\View\View.php(213): CodeIgniter\View\View->CodeIgniter\View\{closure}()
#3 C:\xampp\htdocs\ukom2\system\Common.php(1089): CodeIgniter\View\View->render('transaksi/trans...', Array, true)
#4 C:\xampp\htdocs\ukom2\app\Controllers\Transaksi.php(29): view('transaksi/trans...', Array)
#5 C:\xampp\htdocs\ukom2\system\CodeIgniter.php(832): App\Controllers\Transaksi->index()
#6 C:\xampp\htdocs\ukom2\system\CodeIgniter.php(419): CodeIgniter\CodeIgniter->runController(Object(App\Controllers\Transaksi))
#7 C:\xampp\htdocs\ukom2\system\CodeIgniter.php(326): CodeIgniter\CodeIgniter->handleRequest(NULL, Object(Config\Cache), false)
#8 C:\xampp\htdocs\ukom2\public\index.php(37): CodeIgniter\CodeIgniter->run()
#9 C:\xampp\htdocs\ukom2\system\Commands\Server\rewrite.php(43): require_once('C:\\xampp\\htdocs...')
#10 {main}
CRITICAL - 2022-03-27 23:38:40 --> Undefined variable $validation
#0 C:\xampp\htdocs\ukom2\app\Views\transaksi\transaksi.php(122): CodeIgniter\Debug\Exceptions->errorHandler(2, 'Undefined varia...', 'C:\\xampp\\htdocs...', 122)
#1 C:\xampp\htdocs\ukom2\system\View\View.php(210): include('C:\\xampp\\htdocs...')
#2 C:\xampp\htdocs\ukom2\system\View\View.php(213): CodeIgniter\View\View->CodeIgniter\View\{closure}()
#3 C:\xampp\htdocs\ukom2\system\Common.php(1089): CodeIgniter\View\View->render('transaksi/trans...', Array, true)
#4 C:\xampp\htdocs\ukom2\app\Controllers\Transaksi.php(29): view('transaksi/trans...', Array)
#5 C:\xampp\htdocs\ukom2\system\CodeIgniter.php(832): App\Controllers\Transaksi->index()
#6 C:\xampp\htdocs\ukom2\system\CodeIgniter.php(419): CodeIgniter\CodeIgniter->runController(Object(App\Controllers\Transaksi))
#7 C:\xampp\htdocs\ukom2\system\CodeIgniter.php(326): CodeIgniter\CodeIgniter->handleRequest(NULL, Object(Config\Cache), false)
#8 C:\xampp\htdocs\ukom2\public\index.php(37): CodeIgniter\CodeIgniter->run()
#9 C:\xampp\htdocs\ukom2\system\Commands\Server\rewrite.php(43): require_once('C:\\xampp\\htdocs...')
#10 {main}
CRITICAL - 2022-03-27 23:39:18 --> Attempt to read property "harga" on string
#0 C:\xampp\htdocs\ukom2\app\Views\transaksi\transaksi.php(122): CodeIgniter\Debug\Exceptions->errorHandler(2, 'Attempt to read...', 'C:\\xampp\\htdocs...', 122)
#1 C:\xampp\htdocs\ukom2\system\View\View.php(210): include('C:\\xampp\\htdocs...')
#2 C:\xampp\htdocs\ukom2\system\View\View.php(213): CodeIgniter\View\View->CodeIgniter\View\{closure}()
#3 C:\xampp\htdocs\ukom2\system\Common.php(1089): CodeIgniter\View\View->render('transaksi/trans...', Array, true)
#4 C:\xampp\htdocs\ukom2\app\Controllers\Transaksi.php(30): view('transaksi/trans...', Array)
#5 C:\xampp\htdocs\ukom2\system\CodeIgniter.php(832): App\Controllers\Transaksi->index()
#6 C:\xampp\htdocs\ukom2\system\CodeIgniter.php(419): CodeIgniter\CodeIgniter->runController(Object(App\Controllers\Transaksi))
#7 C:\xampp\htdocs\ukom2\system\CodeIgniter.php(326): CodeIgniter\CodeIgniter->handleRequest(NULL, Object(Config\Cache), false)
#8 C:\xampp\htdocs\ukom2\public\index.php(37): CodeIgniter\CodeIgniter->run()
#9 C:\xampp\htdocs\ukom2\system\Commands\Server\rewrite.php(43): require_once('C:\\xampp\\htdocs...')
#10 {main}
