ERROR - 2022-03-25 16:35:07 --> Error connecting to the database: No connection could be made because the target machine actively refused it
CRITICAL - 2022-03-25 16:35:07 --> Unable to connect to the database.
Main connection [MySQLi]: No connection could be made because the target machine actively refused it
#0 C:\xampp\htdocs\ukom2\system\Database\BaseConnection.php(577): CodeIgniter\Database\BaseConnection->initialize()
#1 C:\xampp\htdocs\ukom2\system\Database\BaseBuilder.php(1455): CodeIgniter\Database\BaseConnection->query('SELECT *\nFROM `...', Array, false)
#2 C:\xampp\htdocs\ukom2\system\Model.php(210): CodeIgniter\Database\BaseBuilder->get()
#3 C:\xampp\htdocs\ukom2\system\BaseModel.php(622): CodeIgniter\Model->doFirst()
#4 C:\xampp\htdocs\ukom2\app\Validation\UsersRules.php(17): CodeIgniter\BaseModel->first()
#5 C:\xampp\htdocs\ukom2\system\Validation\Validation.php(292): App\Validation\UsersRules->validateUsername('admin', 'username', Array, NULL)
#6 C:\xampp\htdocs\ukom2\system\Validation\Validation.php(157): CodeIgniter\Validation\Validation->processRules('username', 'username', 'admin', Array, Array)
#7 C:\xampp\htdocs\ukom2\system\Controller.php(160): CodeIgniter\Validation\Validation->run()
#8 C:\xampp\htdocs\ukom2\app\Controllers\Login.php(42): CodeIgniter\Controller->validate(Array)
#9 C:\xampp\htdocs\ukom2\system\CodeIgniter.php(832): App\Controllers\Login->index()
#10 C:\xampp\htdocs\ukom2\system\CodeIgniter.php(419): CodeIgniter\CodeIgniter->runController(Object(App\Controllers\Login))
#11 C:\xampp\htdocs\ukom2\system\CodeIgniter.php(326): CodeIgniter\CodeIgniter->handleRequest(NULL, Object(Config\Cache), false)
#12 C:\xampp\htdocs\ukom2\public\index.php(37): CodeIgniter\CodeIgniter->run()
#13 C:\xampp\htdocs\ukom2\system\Commands\Server\rewrite.php(43): require_once('C:\\xampp\\htdocs...')
#14 {main}
CRITICAL - 2022-03-25 20:54:25 --> Cannot use object of type stdClass as array
#0 C:\xampp\htdocs\ukom2\system\View\View.php(210): include()
#1 C:\xampp\htdocs\ukom2\system\View\View.php(213): CodeIgniter\View\View->CodeIgniter\View\{closure}()
#2 C:\xampp\htdocs\ukom2\system\Common.php(1089): CodeIgniter\View\View->render('pesanan/order', Array, true)
#3 C:\xampp\htdocs\ukom2\app\Controllers\Order.php(29): view('pesanan/order', Array)
#4 C:\xampp\htdocs\ukom2\system\CodeIgniter.php(832): App\Controllers\Order->index()
#5 C:\xampp\htdocs\ukom2\system\CodeIgniter.php(419): CodeIgniter\CodeIgniter->runController(Object(App\Controllers\Order))
#6 C:\xampp\htdocs\ukom2\system\CodeIgniter.php(326): CodeIgniter\CodeIgniter->handleRequest(NULL, Object(Config\Cache), false)
#7 C:\xampp\htdocs\ukom2\public\index.php(37): CodeIgniter\CodeIgniter->run()
#8 C:\xampp\htdocs\ukom2\system\Commands\Server\rewrite.php(43): require_once('C:\\xampp\\htdocs...')
#9 {main}
CRITICAL - 2022-03-25 20:54:43 --> Cannot use object of type stdClass as array
#0 C:\xampp\htdocs\ukom2\system\View\View.php(210): include()
#1 C:\xampp\htdocs\ukom2\system\View\View.php(213): CodeIgniter\View\View->CodeIgniter\View\{closure}()
#2 C:\xampp\htdocs\ukom2\system\Common.php(1089): CodeIgniter\View\View->render('pesanan/order', Array, true)
#3 C:\xampp\htdocs\ukom2\app\Controllers\Order.php(29): view('pesanan/order', Array)
#4 C:\xampp\htdocs\ukom2\system\CodeIgniter.php(832): App\Controllers\Order->index()
#5 C:\xampp\htdocs\ukom2\system\CodeIgniter.php(419): CodeIgniter\CodeIgniter->runController(Object(App\Controllers\Order))
#6 C:\xampp\htdocs\ukom2\system\CodeIgniter.php(326): CodeIgniter\CodeIgniter->handleRequest(NULL, Object(Config\Cache), false)
#7 C:\xampp\htdocs\ukom2\public\index.php(37): CodeIgniter\CodeIgniter->run()
#8 C:\xampp\htdocs\ukom2\system\Commands\Server\rewrite.php(43): require_once('C:\\xampp\\htdocs...')
#9 {main}
CRITICAL - 2022-03-25 22:58:15 --> Attempt to read property "harga" on string
#0 C:\xampp\htdocs\ukom2\app\Views\pesanan\detail_order.php(110): CodeIgniter\Debug\Exceptions->errorHandler(2, 'Attempt to read...', 'C:\\xampp\\htdocs...', 110)
#1 C:\xampp\htdocs\ukom2\system\View\View.php(210): include('C:\\xampp\\htdocs...')
#2 C:\xampp\htdocs\ukom2\system\View\View.php(213): CodeIgniter\View\View->CodeIgniter\View\{closure}()
#3 C:\xampp\htdocs\ukom2\system\Common.php(1089): CodeIgniter\View\View->render('pesanan/detail_...', Array, true)
#4 C:\xampp\htdocs\ukom2\app\Controllers\DetailOrder.php(31): view('pesanan/detail_...', Array)
#5 C:\xampp\htdocs\ukom2\system\CodeIgniter.php(832): App\Controllers\DetailOrder->index()
#6 C:\xampp\htdocs\ukom2\system\CodeIgniter.php(419): CodeIgniter\CodeIgniter->runController(Object(App\Controllers\DetailOrder))
#7 C:\xampp\htdocs\ukom2\system\CodeIgniter.php(326): CodeIgniter\CodeIgniter->handleRequest(NULL, Object(Config\Cache), false)
#8 C:\xampp\htdocs\ukom2\public\index.php(37): CodeIgniter\CodeIgniter->run()
#9 C:\xampp\htdocs\ukom2\system\Commands\Server\rewrite.php(43): require_once('C:\\xampp\\htdocs...')
#10 {main}
CRITICAL - 2022-03-25 22:58:51 --> Attempt to read property "harga" on string
#0 C:\xampp\htdocs\ukom2\app\Views\pesanan\detail_order.php(110): CodeIgniter\Debug\Exceptions->errorHandler(2, 'Attempt to read...', 'C:\\xampp\\htdocs...', 110)
#1 C:\xampp\htdocs\ukom2\system\View\View.php(210): include('C:\\xampp\\htdocs...')
#2 C:\xampp\htdocs\ukom2\system\View\View.php(213): CodeIgniter\View\View->CodeIgniter\View\{closure}()
#3 C:\xampp\htdocs\ukom2\system\Common.php(1089): CodeIgniter\View\View->render('pesanan/detail_...', Array, true)
#4 C:\xampp\htdocs\ukom2\app\Controllers\DetailOrder.php(31): view('pesanan/detail_...', Array)
#5 C:\xampp\htdocs\ukom2\system\CodeIgniter.php(832): App\Controllers\DetailOrder->index()
#6 C:\xampp\htdocs\ukom2\system\CodeIgniter.php(419): CodeIgniter\CodeIgniter->runController(Object(App\Controllers\DetailOrder))
#7 C:\xampp\htdocs\ukom2\system\CodeIgniter.php(326): CodeIgniter\CodeIgniter->handleRequest(NULL, Object(Config\Cache), false)
#8 C:\xampp\htdocs\ukom2\public\index.php(37): CodeIgniter\CodeIgniter->run()
#9 C:\xampp\htdocs\ukom2\system\Commands\Server\rewrite.php(43): require_once('C:\\xampp\\htdocs...')
#10 {main}
CRITICAL - 2022-03-25 23:19:02 --> Array to string conversion
#0 C:\xampp\htdocs\ukom2\app\Views\transaksi\transaksi.php(65): CodeIgniter\Debug\Exceptions->errorHandler(2, 'Array to string...', 'C:\\xampp\\htdocs...', 65)
#1 C:\xampp\htdocs\ukom2\system\View\View.php(210): include('C:\\xampp\\htdocs...')
#2 C:\xampp\htdocs\ukom2\system\View\View.php(213): CodeIgniter\View\View->CodeIgniter\View\{closure}()
#3 C:\xampp\htdocs\ukom2\system\Common.php(1089): CodeIgniter\View\View->render('transaksi/trans...', Array, true)
#4 C:\xampp\htdocs\ukom2\app\Controllers\Transaksi.php(29): view('transaksi/trans...', Array)
#5 C:\xampp\htdocs\ukom2\system\CodeIgniter.php(832): App\Controllers\Transaksi->index()
#6 C:\xampp\htdocs\ukom2\system\CodeIgniter.php(419): CodeIgniter\CodeIgniter->runController(Object(App\Controllers\Transaksi))
#7 C:\xampp\htdocs\ukom2\system\CodeIgniter.php(326): CodeIgniter\CodeIgniter->handleRequest(NULL, Object(Config\Cache), false)
#8 C:\xampp\htdocs\ukom2\public\index.php(37): CodeIgniter\CodeIgniter->run()
#9 C:\xampp\htdocs\ukom2\system\Commands\Server\rewrite.php(43): require_once('C:\\xampp\\htdocs...')
#10 {main}
CRITICAL - 2022-03-25 23:19:13 --> Undefined array key "harga"
#0 C:\xampp\htdocs\ukom2\app\Views\transaksi\transaksi.php(65): CodeIgniter\Debug\Exceptions->errorHandler(2, 'Undefined array...', 'C:\\xampp\\htdocs...', 65)
#1 C:\xampp\htdocs\ukom2\system\View\View.php(210): include('C:\\xampp\\htdocs...')
#2 C:\xampp\htdocs\ukom2\system\View\View.php(213): CodeIgniter\View\View->CodeIgniter\View\{closure}()
#3 C:\xampp\htdocs\ukom2\system\Common.php(1089): CodeIgniter\View\View->render('transaksi/trans...', Array, true)
#4 C:\xampp\htdocs\ukom2\app\Controllers\Transaksi.php(29): view('transaksi/trans...', Array)
#5 C:\xampp\htdocs\ukom2\system\CodeIgniter.php(832): App\Controllers\Transaksi->index()
#6 C:\xampp\htdocs\ukom2\system\CodeIgniter.php(419): CodeIgniter\CodeIgniter->runController(Object(App\Controllers\Transaksi))
#7 C:\xampp\htdocs\ukom2\system\CodeIgniter.php(326): CodeIgniter\CodeIgniter->handleRequest(NULL, Object(Config\Cache), false)
#8 C:\xampp\htdocs\ukom2\public\index.php(37): CodeIgniter\CodeIgniter->run()
#9 C:\xampp\htdocs\ukom2\system\Commands\Server\rewrite.php(43): require_once('C:\\xampp\\htdocs...')
#10 {main}
CRITICAL - 2022-03-25 23:19:25 --> Undefined array key "total_harga"
#0 C:\xampp\htdocs\ukom2\app\Views\transaksi\transaksi.php(65): CodeIgniter\Debug\Exceptions->errorHandler(2, 'Undefined array...', 'C:\\xampp\\htdocs...', 65)
#1 C:\xampp\htdocs\ukom2\system\View\View.php(210): include('C:\\xampp\\htdocs...')
#2 C:\xampp\htdocs\ukom2\system\View\View.php(213): CodeIgniter\View\View->CodeIgniter\View\{closure}()
#3 C:\xampp\htdocs\ukom2\system\Common.php(1089): CodeIgniter\View\View->render('transaksi/trans...', Array, true)
#4 C:\xampp\htdocs\ukom2\app\Controllers\Transaksi.php(29): view('transaksi/trans...', Array)
#5 C:\xampp\htdocs\ukom2\system\CodeIgniter.php(832): App\Controllers\Transaksi->index()
#6 C:\xampp\htdocs\ukom2\system\CodeIgniter.php(419): CodeIgniter\CodeIgniter->runController(Object(App\Controllers\Transaksi))
#7 C:\xampp\htdocs\ukom2\system\CodeIgniter.php(326): CodeIgniter\CodeIgniter->handleRequest(NULL, Object(Config\Cache), false)
#8 C:\xampp\htdocs\ukom2\public\index.php(37): CodeIgniter\CodeIgniter->run()
#9 C:\xampp\htdocs\ukom2\system\Commands\Server\rewrite.php(43): require_once('C:\\xampp\\htdocs...')
#10 {main}
CRITICAL - 2022-03-25 23:31:28 --> Undefined variable $THarga
#0 C:\xampp\htdocs\ukom2\app\Views\transaksi\transaksi.php(65): CodeIgniter\Debug\Exceptions->errorHandler(2, 'Undefined varia...', 'C:\\xampp\\htdocs...', 65)
#1 C:\xampp\htdocs\ukom2\system\View\View.php(210): include('C:\\xampp\\htdocs...')
#2 C:\xampp\htdocs\ukom2\system\View\View.php(213): CodeIgniter\View\View->CodeIgniter\View\{closure}()
#3 C:\xampp\htdocs\ukom2\system\Common.php(1089): CodeIgniter\View\View->render('transaksi/trans...', Array, true)
#4 C:\xampp\htdocs\ukom2\app\Controllers\Transaksi.php(24): view('transaksi/trans...', Array)
#5 C:\xampp\htdocs\ukom2\system\CodeIgniter.php(832): App\Controllers\Transaksi->index()
#6 C:\xampp\htdocs\ukom2\system\CodeIgniter.php(419): CodeIgniter\CodeIgniter->runController(Object(App\Controllers\Transaksi))
#7 C:\xampp\htdocs\ukom2\system\CodeIgniter.php(326): CodeIgniter\CodeIgniter->handleRequest(NULL, Object(Config\Cache), false)
#8 C:\xampp\htdocs\ukom2\public\index.php(37): CodeIgniter\CodeIgniter->run()
#9 C:\xampp\htdocs\ukom2\system\Commands\Server\rewrite.php(43): require_once('C:\\xampp\\htdocs...')
#10 {main}
CRITICAL - 2022-03-25 23:32:32 --> Undefined variable $THarga
#0 C:\xampp\htdocs\ukom2\app\Views\transaksi\transaksi.php(65): CodeIgniter\Debug\Exceptions->errorHandler(2, 'Undefined varia...', 'C:\\xampp\\htdocs...', 65)
#1 C:\xampp\htdocs\ukom2\system\View\View.php(210): include('C:\\xampp\\htdocs...')
#2 C:\xampp\htdocs\ukom2\system\View\View.php(213): CodeIgniter\View\View->CodeIgniter\View\{closure}()
#3 C:\xampp\htdocs\ukom2\system\Common.php(1089): CodeIgniter\View\View->render('transaksi/trans...', Array, true)
#4 C:\xampp\htdocs\ukom2\app\Controllers\Transaksi.php(27): view('transaksi/trans...', Array)
#5 C:\xampp\htdocs\ukom2\system\CodeIgniter.php(832): App\Controllers\Transaksi->index()
#6 C:\xampp\htdocs\ukom2\system\CodeIgniter.php(419): CodeIgniter\CodeIgniter->runController(Object(App\Controllers\Transaksi))
#7 C:\xampp\htdocs\ukom2\system\CodeIgniter.php(326): CodeIgniter\CodeIgniter->handleRequest(NULL, Object(Config\Cache), false)
#8 C:\xampp\htdocs\ukom2\public\index.php(37): CodeIgniter\CodeIgniter->run()
#9 C:\xampp\htdocs\ukom2\system\Commands\Server\rewrite.php(43): require_once('C:\\xampp\\htdocs...')
#10 {main}
CRITICAL - 2022-03-25 23:34:53 --> Undefined variable $THarga
#0 C:\xampp\htdocs\ukom2\app\Views\transaksi\transaksi.php(65): CodeIgniter\Debug\Exceptions->errorHandler(2, 'Undefined varia...', 'C:\\xampp\\htdocs...', 65)
#1 C:\xampp\htdocs\ukom2\system\View\View.php(210): include('C:\\xampp\\htdocs...')
#2 C:\xampp\htdocs\ukom2\system\View\View.php(213): CodeIgniter\View\View->CodeIgniter\View\{closure}()
#3 C:\xampp\htdocs\ukom2\system\Common.php(1089): CodeIgniter\View\View->render('transaksi/trans...', Array, true)
#4 C:\xampp\htdocs\ukom2\app\Controllers\Transaksi.php(27): view('transaksi/trans...', Array)
#5 C:\xampp\htdocs\ukom2\system\CodeIgniter.php(832): App\Controllers\Transaksi->index()
#6 C:\xampp\htdocs\ukom2\system\CodeIgniter.php(419): CodeIgniter\CodeIgniter->runController(Object(App\Controllers\Transaksi))
#7 C:\xampp\htdocs\ukom2\system\CodeIgniter.php(326): CodeIgniter\CodeIgniter->handleRequest(NULL, Object(Config\Cache), false)
#8 C:\xampp\htdocs\ukom2\public\index.php(37): CodeIgniter\CodeIgniter->run()
#9 C:\xampp\htdocs\ukom2\system\Commands\Server\rewrite.php(43): require_once('C:\\xampp\\htdocs...')
#10 {main}
CRITICAL - 2022-03-25 23:34:54 --> Undefined variable $THarga
#0 C:\xampp\htdocs\ukom2\app\Views\transaksi\transaksi.php(65): CodeIgniter\Debug\Exceptions->errorHandler(2, 'Undefined varia...', 'C:\\xampp\\htdocs...', 65)
#1 C:\xampp\htdocs\ukom2\system\View\View.php(210): include('C:\\xampp\\htdocs...')
#2 C:\xampp\htdocs\ukom2\system\View\View.php(213): CodeIgniter\View\View->CodeIgniter\View\{closure}()
#3 C:\xampp\htdocs\ukom2\system\Common.php(1089): CodeIgniter\View\View->render('transaksi/trans...', Array, true)
#4 C:\xampp\htdocs\ukom2\app\Controllers\Transaksi.php(27): view('transaksi/trans...', Array)
#5 C:\xampp\htdocs\ukom2\system\CodeIgniter.php(832): App\Controllers\Transaksi->index()
#6 C:\xampp\htdocs\ukom2\system\CodeIgniter.php(419): CodeIgniter\CodeIgniter->runController(Object(App\Controllers\Transaksi))
#7 C:\xampp\htdocs\ukom2\system\CodeIgniter.php(326): CodeIgniter\CodeIgniter->handleRequest(NULL, Object(Config\Cache), false)
#8 C:\xampp\htdocs\ukom2\public\index.php(37): CodeIgniter\CodeIgniter->run()
#9 C:\xampp\htdocs\ukom2\system\Commands\Server\rewrite.php(43): require_once('C:\\xampp\\htdocs...')
#10 {main}
CRITICAL - 2022-03-25 23:36:21 --> Undefined variable $THarga
#0 C:\xampp\htdocs\ukom2\app\Views\transaksi\transaksi.php(65): CodeIgniter\Debug\Exceptions->errorHandler(2, 'Undefined varia...', 'C:\\xampp\\htdocs...', 65)
#1 C:\xampp\htdocs\ukom2\system\View\View.php(210): include('C:\\xampp\\htdocs...')
#2 C:\xampp\htdocs\ukom2\system\View\View.php(213): CodeIgniter\View\View->CodeIgniter\View\{closure}()
#3 C:\xampp\htdocs\ukom2\system\Common.php(1089): CodeIgniter\View\View->render('transaksi/trans...', Array, true)
#4 C:\xampp\htdocs\ukom2\app\Controllers\Transaksi.php(27): view('transaksi/trans...', Array)
#5 C:\xampp\htdocs\ukom2\system\CodeIgniter.php(832): App\Controllers\Transaksi->index()
#6 C:\xampp\htdocs\ukom2\system\CodeIgniter.php(419): CodeIgniter\CodeIgniter->runController(Object(App\Controllers\Transaksi))
#7 C:\xampp\htdocs\ukom2\system\CodeIgniter.php(326): CodeIgniter\CodeIgniter->handleRequest(NULL, Object(Config\Cache), false)
#8 C:\xampp\htdocs\ukom2\public\index.php(37): CodeIgniter\CodeIgniter->run()
#9 C:\xampp\htdocs\ukom2\system\Commands\Server\rewrite.php(43): require_once('C:\\xampp\\htdocs...')
#10 {main}
CRITICAL - 2022-03-25 23:36:45 --> Undefined variable $THarga
#0 C:\xampp\htdocs\ukom2\app\Views\transaksi\transaksi.php(65): CodeIgniter\Debug\Exceptions->errorHandler(2, 'Undefined varia...', 'C:\\xampp\\htdocs...', 65)
#1 C:\xampp\htdocs\ukom2\system\View\View.php(210): include('C:\\xampp\\htdocs...')
#2 C:\xampp\htdocs\ukom2\system\View\View.php(213): CodeIgniter\View\View->CodeIgniter\View\{closure}()
#3 C:\xampp\htdocs\ukom2\system\Common.php(1089): CodeIgniter\View\View->render('transaksi/trans...', Array, true)
#4 C:\xampp\htdocs\ukom2\app\Controllers\Transaksi.php(27): view('transaksi/trans...', Array)
#5 C:\xampp\htdocs\ukom2\system\CodeIgniter.php(832): App\Controllers\Transaksi->index()
#6 C:\xampp\htdocs\ukom2\system\CodeIgniter.php(419): CodeIgniter\CodeIgniter->runController(Object(App\Controllers\Transaksi))
#7 C:\xampp\htdocs\ukom2\system\CodeIgniter.php(326): CodeIgniter\CodeIgniter->handleRequest(NULL, Object(Config\Cache), false)
#8 C:\xampp\htdocs\ukom2\public\index.php(37): CodeIgniter\CodeIgniter->run()
#9 C:\xampp\htdocs\ukom2\system\Commands\Server\rewrite.php(43): require_once('C:\\xampp\\htdocs...')
#10 {main}
CRITICAL - 2022-03-25 23:37:01 --> Undefined variable $THargaK
#0 C:\xampp\htdocs\ukom2\app\Views\transaksi\transaksi.php(65): CodeIgniter\Debug\Exceptions->errorHandler(2, 'Undefined varia...', 'C:\\xampp\\htdocs...', 65)
#1 C:\xampp\htdocs\ukom2\system\View\View.php(210): include('C:\\xampp\\htdocs...')
#2 C:\xampp\htdocs\ukom2\system\View\View.php(213): CodeIgniter\View\View->CodeIgniter\View\{closure}()
#3 C:\xampp\htdocs\ukom2\system\Common.php(1089): CodeIgniter\View\View->render('transaksi/trans...', Array, true)
#4 C:\xampp\htdocs\ukom2\app\Controllers\Transaksi.php(27): view('transaksi/trans...', Array)
#5 C:\xampp\htdocs\ukom2\system\CodeIgniter.php(832): App\Controllers\Transaksi->index()
#6 C:\xampp\htdocs\ukom2\system\CodeIgniter.php(419): CodeIgniter\CodeIgniter->runController(Object(App\Controllers\Transaksi))
#7 C:\xampp\htdocs\ukom2\system\CodeIgniter.php(326): CodeIgniter\CodeIgniter->handleRequest(NULL, Object(Config\Cache), false)
#8 C:\xampp\htdocs\ukom2\public\index.php(37): CodeIgniter\CodeIgniter->run()
#9 C:\xampp\htdocs\ukom2\system\Commands\Server\rewrite.php(43): require_once('C:\\xampp\\htdocs...')
#10 {main}
CRITICAL - 2022-03-25 23:42:40 --> Call to undefined method CodeIgniter\Database\MySQLi\Builder::find()
#0 C:\xampp\htdocs\ukom2\app\Controllers\Transaksi.php(21): App\Models\CustomModel->JHargaT()
#1 C:\xampp\htdocs\ukom2\system\CodeIgniter.php(832): App\Controllers\Transaksi->index()
#2 C:\xampp\htdocs\ukom2\system\CodeIgniter.php(419): CodeIgniter\CodeIgniter->runController(Object(App\Controllers\Transaksi))
#3 C:\xampp\htdocs\ukom2\system\CodeIgniter.php(326): CodeIgniter\CodeIgniter->handleRequest(NULL, Object(Config\Cache), false)
#4 C:\xampp\htdocs\ukom2\public\index.php(37): CodeIgniter\CodeIgniter->run()
#5 C:\xampp\htdocs\ukom2\system\Commands\Server\rewrite.php(43): require_once('C:\\xampp\\htdocs...')
#6 {main}
CRITICAL - 2022-03-25 23:44:06 --> Too few arguments to function CodeIgniter\Database\BaseBuilder::where(), 0 passed in C:\xampp\htdocs\ukom2\app\Models\CustomModel.php on line 97 and at least 1 expected
#0 C:\xampp\htdocs\ukom2\app\Models\CustomModel.php(97): CodeIgniter\Database\BaseBuilder->where()
#1 C:\xampp\htdocs\ukom2\app\Controllers\Transaksi.php(21): App\Models\CustomModel->JHargaT()
#2 C:\xampp\htdocs\ukom2\system\CodeIgniter.php(832): App\Controllers\Transaksi->index()
#3 C:\xampp\htdocs\ukom2\system\CodeIgniter.php(419): CodeIgniter\CodeIgniter->runController(Object(App\Controllers\Transaksi))
#4 C:\xampp\htdocs\ukom2\system\CodeIgniter.php(326): CodeIgniter\CodeIgniter->handleRequest(NULL, Object(Config\Cache), false)
#5 C:\xampp\htdocs\ukom2\public\index.php(37): CodeIgniter\CodeIgniter->run()
#6 C:\xampp\htdocs\ukom2\system\Commands\Server\rewrite.php(43): require_once('C:\\xampp\\htdocs...')
#7 {main}
CRITICAL - 2022-03-25 23:47:31 --> Array to string conversion
#0 C:\xampp\htdocs\ukom2\app\Views\transaksi\transaksi.php(66): CodeIgniter\Debug\Exceptions->errorHandler(2, 'Array to string...', 'C:\\xampp\\htdocs...', 66)
#1 C:\xampp\htdocs\ukom2\system\View\View.php(210): include('C:\\xampp\\htdocs...')
#2 C:\xampp\htdocs\ukom2\system\View\View.php(213): CodeIgniter\View\View->CodeIgniter\View\{closure}()
#3 C:\xampp\htdocs\ukom2\system\Common.php(1089): CodeIgniter\View\View->render('transaksi/trans...', Array, true)
#4 C:\xampp\htdocs\ukom2\app\Controllers\Transaksi.php(27): view('transaksi/trans...', Array)
#5 C:\xampp\htdocs\ukom2\system\CodeIgniter.php(832): App\Controllers\Transaksi->index()
#6 C:\xampp\htdocs\ukom2\system\CodeIgniter.php(419): CodeIgniter\CodeIgniter->runController(Object(App\Controllers\Transaksi))
#7 C:\xampp\htdocs\ukom2\system\CodeIgniter.php(326): CodeIgniter\CodeIgniter->handleRequest(NULL, Object(Config\Cache), false)
#8 C:\xampp\htdocs\ukom2\public\index.php(37): CodeIgniter\CodeIgniter->run()
#9 C:\xampp\htdocs\ukom2\system\Commands\Server\rewrite.php(43): require_once('C:\\xampp\\htdocs...')
#10 {main}
CRITICAL - 2022-03-25 23:48:00 --> Undefined array key "total_harga"
#0 C:\xampp\htdocs\ukom2\app\Views\transaksi\transaksi.php(66): CodeIgniter\Debug\Exceptions->errorHandler(2, 'Undefined array...', 'C:\\xampp\\htdocs...', 66)
#1 C:\xampp\htdocs\ukom2\system\View\View.php(210): include('C:\\xampp\\htdocs...')
#2 C:\xampp\htdocs\ukom2\system\View\View.php(213): CodeIgniter\View\View->CodeIgniter\View\{closure}()
#3 C:\xampp\htdocs\ukom2\system\Common.php(1089): CodeIgniter\View\View->render('transaksi/trans...', Array, true)
#4 C:\xampp\htdocs\ukom2\app\Controllers\Transaksi.php(27): view('transaksi/trans...', Array)
#5 C:\xampp\htdocs\ukom2\system\CodeIgniter.php(832): App\Controllers\Transaksi->index()
#6 C:\xampp\htdocs\ukom2\system\CodeIgniter.php(419): CodeIgniter\CodeIgniter->runController(Object(App\Controllers\Transaksi))
#7 C:\xampp\htdocs\ukom2\system\CodeIgniter.php(326): CodeIgniter\CodeIgniter->handleRequest(NULL, Object(Config\Cache), false)
#8 C:\xampp\htdocs\ukom2\public\index.php(37): CodeIgniter\CodeIgniter->run()
#9 C:\xampp\htdocs\ukom2\system\Commands\Server\rewrite.php(43): require_once('C:\\xampp\\htdocs...')
#10 {main}
CRITICAL - 2022-03-25 23:48:18 --> Attempt to read property "total_harga" on array
#0 C:\xampp\htdocs\ukom2\app\Views\transaksi\transaksi.php(66): CodeIgniter\Debug\Exceptions->errorHandler(2, 'Attempt to read...', 'C:\\xampp\\htdocs...', 66)
#1 C:\xampp\htdocs\ukom2\system\View\View.php(210): include('C:\\xampp\\htdocs...')
#2 C:\xampp\htdocs\ukom2\system\View\View.php(213): CodeIgniter\View\View->CodeIgniter\View\{closure}()
#3 C:\xampp\htdocs\ukom2\system\Common.php(1089): CodeIgniter\View\View->render('transaksi/trans...', Array, true)
#4 C:\xampp\htdocs\ukom2\app\Controllers\Transaksi.php(27): view('transaksi/trans...', Array)
#5 C:\xampp\htdocs\ukom2\system\CodeIgniter.php(832): App\Controllers\Transaksi->index()
#6 C:\xampp\htdocs\ukom2\system\CodeIgniter.php(419): CodeIgniter\CodeIgniter->runController(Object(App\Controllers\Transaksi))
#7 C:\xampp\htdocs\ukom2\system\CodeIgniter.php(326): CodeIgniter\CodeIgniter->handleRequest(NULL, Object(Config\Cache), false)
#8 C:\xampp\htdocs\ukom2\public\index.php(37): CodeIgniter\CodeIgniter->run()
#9 C:\xampp\htdocs\ukom2\system\Commands\Server\rewrite.php(43): require_once('C:\\xampp\\htdocs...')
#10 {main}
CRITICAL - 2022-03-25 23:49:43 --> Cannot use object of type stdClass as array
#0 C:\xampp\htdocs\ukom2\system\View\View.php(210): include()
#1 C:\xampp\htdocs\ukom2\system\View\View.php(213): CodeIgniter\View\View->CodeIgniter\View\{closure}()
#2 C:\xampp\htdocs\ukom2\system\Common.php(1089): CodeIgniter\View\View->render('transaksi/trans...', Array, true)
#3 C:\xampp\htdocs\ukom2\app\Controllers\Transaksi.php(27): view('transaksi/trans...', Array)
#4 C:\xampp\htdocs\ukom2\system\CodeIgniter.php(832): App\Controllers\Transaksi->index()
#5 C:\xampp\htdocs\ukom2\system\CodeIgniter.php(419): CodeIgniter\CodeIgniter->runController(Object(App\Controllers\Transaksi))
#6 C:\xampp\htdocs\ukom2\system\CodeIgniter.php(326): CodeIgniter\CodeIgniter->handleRequest(NULL, Object(Config\Cache), false)
#7 C:\xampp\htdocs\ukom2\public\index.php(37): CodeIgniter\CodeIgniter->run()
#8 C:\xampp\htdocs\ukom2\system\Commands\Server\rewrite.php(43): require_once('C:\\xampp\\htdocs...')
#9 {main}
CRITICAL - 2022-03-25 23:50:00 --> Object of class stdClass could not be converted to string
#0 C:\xampp\htdocs\ukom2\system\View\View.php(210): include()
#1 C:\xampp\htdocs\ukom2\system\View\View.php(213): CodeIgniter\View\View->CodeIgniter\View\{closure}()
#2 C:\xampp\htdocs\ukom2\system\Common.php(1089): CodeIgniter\View\View->render('transaksi/trans...', Array, true)
#3 C:\xampp\htdocs\ukom2\app\Controllers\Transaksi.php(27): view('transaksi/trans...', Array)
#4 C:\xampp\htdocs\ukom2\system\CodeIgniter.php(832): App\Controllers\Transaksi->index()
#5 C:\xampp\htdocs\ukom2\system\CodeIgniter.php(419): CodeIgniter\CodeIgniter->runController(Object(App\Controllers\Transaksi))
#6 C:\xampp\htdocs\ukom2\system\CodeIgniter.php(326): CodeIgniter\CodeIgniter->handleRequest(NULL, Object(Config\Cache), false)
#7 C:\xampp\htdocs\ukom2\public\index.php(37): CodeIgniter\CodeIgniter->run()
#8 C:\xampp\htdocs\ukom2\system\Commands\Server\rewrite.php(43): require_once('C:\\xampp\\htdocs...')
#9 {main}
CRITICAL - 2022-03-25 23:51:58 --> Array to string conversion
#0 C:\xampp\htdocs\ukom2\app\Views\transaksi\transaksi.php(66): CodeIgniter\Debug\Exceptions->errorHandler(2, 'Array to string...', 'C:\\xampp\\htdocs...', 66)
#1 C:\xampp\htdocs\ukom2\system\View\View.php(210): include('C:\\xampp\\htdocs...')
#2 C:\xampp\htdocs\ukom2\system\View\View.php(213): CodeIgniter\View\View->CodeIgniter\View\{closure}()
#3 C:\xampp\htdocs\ukom2\system\Common.php(1089): CodeIgniter\View\View->render('transaksi/trans...', Array, true)
#4 C:\xampp\htdocs\ukom2\app\Controllers\Transaksi.php(27): view('transaksi/trans...', Array)
#5 C:\xampp\htdocs\ukom2\system\CodeIgniter.php(832): App\Controllers\Transaksi->index()
#6 C:\xampp\htdocs\ukom2\system\CodeIgniter.php(419): CodeIgniter\CodeIgniter->runController(Object(App\Controllers\Transaksi))
#7 C:\xampp\htdocs\ukom2\system\CodeIgniter.php(326): CodeIgniter\CodeIgniter->handleRequest(NULL, Object(Config\Cache), false)
#8 C:\xampp\htdocs\ukom2\public\index.php(37): CodeIgniter\CodeIgniter->run()
#9 C:\xampp\htdocs\ukom2\system\Commands\Server\rewrite.php(43): require_once('C:\\xampp\\htdocs...')
#10 {main}
CRITICAL - 2022-03-25 23:52:08 --> Array to string conversion
#0 C:\xampp\htdocs\ukom2\app\Views\transaksi\transaksi.php(66): CodeIgniter\Debug\Exceptions->errorHandler(2, 'Array to string...', 'C:\\xampp\\htdocs...', 66)
#1 C:\xampp\htdocs\ukom2\system\View\View.php(210): include('C:\\xampp\\htdocs...')
#2 C:\xampp\htdocs\ukom2\system\View\View.php(213): CodeIgniter\View\View->CodeIgniter\View\{closure}()
#3 C:\xampp\htdocs\ukom2\system\Common.php(1089): CodeIgniter\View\View->render('transaksi/trans...', Array, true)
#4 C:\xampp\htdocs\ukom2\app\Controllers\Transaksi.php(27): view('transaksi/trans...', Array)
#5 C:\xampp\htdocs\ukom2\system\CodeIgniter.php(832): App\Controllers\Transaksi->index()
#6 C:\xampp\htdocs\ukom2\system\CodeIgniter.php(419): CodeIgniter\CodeIgniter->runController(Object(App\Controllers\Transaksi))
#7 C:\xampp\htdocs\ukom2\system\CodeIgniter.php(326): CodeIgniter\CodeIgniter->handleRequest(NULL, Object(Config\Cache), false)
#8 C:\xampp\htdocs\ukom2\public\index.php(37): CodeIgniter\CodeIgniter->run()
#9 C:\xampp\htdocs\ukom2\system\Commands\Server\rewrite.php(43): require_once('C:\\xampp\\htdocs...')
#10 {main}
CRITICAL - 2022-03-25 23:52:27 --> Array to string conversion
#0 C:\xampp\htdocs\ukom2\app\Views\transaksi\transaksi.php(66): CodeIgniter\Debug\Exceptions->errorHandler(2, 'Array to string...', 'C:\\xampp\\htdocs...', 66)
#1 C:\xampp\htdocs\ukom2\system\View\View.php(210): include('C:\\xampp\\htdocs...')
#2 C:\xampp\htdocs\ukom2\system\View\View.php(213): CodeIgniter\View\View->CodeIgniter\View\{closure}()
#3 C:\xampp\htdocs\ukom2\system\Common.php(1089): CodeIgniter\View\View->render('transaksi/trans...', Array, true)
#4 C:\xampp\htdocs\ukom2\app\Controllers\Transaksi.php(27): view('transaksi/trans...', Array)
#5 C:\xampp\htdocs\ukom2\system\CodeIgniter.php(832): App\Controllers\Transaksi->index()
#6 C:\xampp\htdocs\ukom2\system\CodeIgniter.php(419): CodeIgniter\CodeIgniter->runController(Object(App\Controllers\Transaksi))
#7 C:\xampp\htdocs\ukom2\system\CodeIgniter.php(326): CodeIgniter\CodeIgniter->handleRequest(NULL, Object(Config\Cache), false)
#8 C:\xampp\htdocs\ukom2\public\index.php(37): CodeIgniter\CodeIgniter->run()
#9 C:\xampp\htdocs\ukom2\system\Commands\Server\rewrite.php(43): require_once('C:\\xampp\\htdocs...')
#10 {main}
CRITICAL - 2022-03-25 23:52:43 --> Array to string conversion
#0 C:\xampp\htdocs\ukom2\app\Views\transaksi\transaksi.php(66): CodeIgniter\Debug\Exceptions->errorHandler(2, 'Array to string...', 'C:\\xampp\\htdocs...', 66)
#1 C:\xampp\htdocs\ukom2\system\View\View.php(210): include('C:\\xampp\\htdocs...')
#2 C:\xampp\htdocs\ukom2\system\View\View.php(213): CodeIgniter\View\View->CodeIgniter\View\{closure}()
#3 C:\xampp\htdocs\ukom2\system\Common.php(1089): CodeIgniter\View\View->render('transaksi/trans...', Array, true)
#4 C:\xampp\htdocs\ukom2\app\Controllers\Transaksi.php(27): view('transaksi/trans...', Array)
#5 C:\xampp\htdocs\ukom2\system\CodeIgniter.php(832): App\Controllers\Transaksi->index()
#6 C:\xampp\htdocs\ukom2\system\CodeIgniter.php(419): CodeIgniter\CodeIgniter->runController(Object(App\Controllers\Transaksi))
#7 C:\xampp\htdocs\ukom2\system\CodeIgniter.php(326): CodeIgniter\CodeIgniter->handleRequest(NULL, Object(Config\Cache), false)
#8 C:\xampp\htdocs\ukom2\public\index.php(37): CodeIgniter\CodeIgniter->run()
#9 C:\xampp\htdocs\ukom2\system\Commands\Server\rewrite.php(43): require_once('C:\\xampp\\htdocs...')
#10 {main}
CRITICAL - 2022-03-25 23:52:51 --> Object of class CodeIgniter\Database\MySQLi\Result could not be converted to string
#0 C:\xampp\htdocs\ukom2\system\View\View.php(210): include()
#1 C:\xampp\htdocs\ukom2\system\View\View.php(213): CodeIgniter\View\View->CodeIgniter\View\{closure}()
#2 C:\xampp\htdocs\ukom2\system\Common.php(1089): CodeIgniter\View\View->render('transaksi/trans...', Array, true)
#3 C:\xampp\htdocs\ukom2\app\Controllers\Transaksi.php(27): view('transaksi/trans...', Array)
#4 C:\xampp\htdocs\ukom2\system\CodeIgniter.php(832): App\Controllers\Transaksi->index()
#5 C:\xampp\htdocs\ukom2\system\CodeIgniter.php(419): CodeIgniter\CodeIgniter->runController(Object(App\Controllers\Transaksi))
#6 C:\xampp\htdocs\ukom2\system\CodeIgniter.php(326): CodeIgniter\CodeIgniter->handleRequest(NULL, Object(Config\Cache), false)
#7 C:\xampp\htdocs\ukom2\public\index.php(37): CodeIgniter\CodeIgniter->run()
#8 C:\xampp\htdocs\ukom2\system\Commands\Server\rewrite.php(43): require_once('C:\\xampp\\htdocs...')
#9 {main}
CRITICAL - 2022-03-25 23:53:03 --> Array to string conversion
#0 C:\xampp\htdocs\ukom2\app\Views\transaksi\transaksi.php(66): CodeIgniter\Debug\Exceptions->errorHandler(2, 'Array to string...', 'C:\\xampp\\htdocs...', 66)
#1 C:\xampp\htdocs\ukom2\system\View\View.php(210): include('C:\\xampp\\htdocs...')
#2 C:\xampp\htdocs\ukom2\system\View\View.php(213): CodeIgniter\View\View->CodeIgniter\View\{closure}()
#3 C:\xampp\htdocs\ukom2\system\Common.php(1089): CodeIgniter\View\View->render('transaksi/trans...', Array, true)
#4 C:\xampp\htdocs\ukom2\app\Controllers\Transaksi.php(27): view('transaksi/trans...', Array)
#5 C:\xampp\htdocs\ukom2\system\CodeIgniter.php(832): App\Controllers\Transaksi->index()
#6 C:\xampp\htdocs\ukom2\system\CodeIgniter.php(419): CodeIgniter\CodeIgniter->runController(Object(App\Controllers\Transaksi))
#7 C:\xampp\htdocs\ukom2\system\CodeIgniter.php(326): CodeIgniter\CodeIgniter->handleRequest(NULL, Object(Config\Cache), false)
#8 C:\xampp\htdocs\ukom2\public\index.php(37): CodeIgniter\CodeIgniter->run()
#9 C:\xampp\htdocs\ukom2\system\Commands\Server\rewrite.php(43): require_once('C:\\xampp\\htdocs...')
#10 {main}
CRITICAL - 2022-03-25 23:53:44 --> Object of class CodeIgniter\Database\MySQLi\Result could not be converted to string
#0 C:\xampp\htdocs\ukom2\system\View\View.php(210): include()
#1 C:\xampp\htdocs\ukom2\system\View\View.php(213): CodeIgniter\View\View->CodeIgniter\View\{closure}()
#2 C:\xampp\htdocs\ukom2\system\Common.php(1089): CodeIgniter\View\View->render('transaksi/trans...', Array, true)
#3 C:\xampp\htdocs\ukom2\app\Controllers\Transaksi.php(27): view('transaksi/trans...', Array)
#4 C:\xampp\htdocs\ukom2\system\CodeIgniter.php(832): App\Controllers\Transaksi->index()
#5 C:\xampp\htdocs\ukom2\system\CodeIgniter.php(419): CodeIgniter\CodeIgniter->runController(Object(App\Controllers\Transaksi))
#6 C:\xampp\htdocs\ukom2\system\CodeIgniter.php(326): CodeIgniter\CodeIgniter->handleRequest(NULL, Object(Config\Cache), false)
#7 C:\xampp\htdocs\ukom2\public\index.php(37): CodeIgniter\CodeIgniter->run()
#8 C:\xampp\htdocs\ukom2\system\Commands\Server\rewrite.php(43): require_once('C:\\xampp\\htdocs...')
#9 {main}
CRITICAL - 2022-03-25 23:54:02 --> Object of class stdClass could not be converted to string
#0 C:\xampp\htdocs\ukom2\system\View\View.php(210): include()
#1 C:\xampp\htdocs\ukom2\system\View\View.php(213): CodeIgniter\View\View->CodeIgniter\View\{closure}()
#2 C:\xampp\htdocs\ukom2\system\Common.php(1089): CodeIgniter\View\View->render('transaksi/trans...', Array, true)
#3 C:\xampp\htdocs\ukom2\app\Controllers\Transaksi.php(27): view('transaksi/trans...', Array)
#4 C:\xampp\htdocs\ukom2\system\CodeIgniter.php(832): App\Controllers\Transaksi->index()
#5 C:\xampp\htdocs\ukom2\system\CodeIgniter.php(419): CodeIgniter\CodeIgniter->runController(Object(App\Controllers\Transaksi))
#6 C:\xampp\htdocs\ukom2\system\CodeIgniter.php(326): CodeIgniter\CodeIgniter->handleRequest(NULL, Object(Config\Cache), false)
#7 C:\xampp\htdocs\ukom2\public\index.php(37): CodeIgniter\CodeIgniter->run()
#8 C:\xampp\htdocs\ukom2\system\Commands\Server\rewrite.php(43): require_once('C:\\xampp\\htdocs...')
#9 {main}
