CRITICAL - 2022-03-26 15:33:20 --> Attempt to read property "nama_users" on string
#0 C:\xampp\htdocs\ukom2\app\Views\transaksi\invoice.php(31): CodeIgniter\Debug\Exceptions->errorHandler(2, 'Attempt to read...', 'C:\\xampp\\htdocs...', 31)
#1 C:\xampp\htdocs\ukom2\system\View\View.php(210): include('C:\\xampp\\htdocs...')
#2 C:\xampp\htdocs\ukom2\system\View\View.php(213): CodeIgniter\View\View->CodeIgniter\View\{closure}()
#3 C:\xampp\htdocs\ukom2\system\Common.php(1089): CodeIgniter\View\View->render('transaksi/invoi...', Array, true)
#4 C:\xampp\htdocs\ukom2\app\Controllers\Transaksi.php(42): view('transaksi/invoi...', Array)
#5 C:\xampp\htdocs\ukom2\system\CodeIgniter.php(832): App\Controllers\Transaksi->invoice('43')
#6 C:\xampp\htdocs\ukom2\system\CodeIgniter.php(419): CodeIgniter\CodeIgniter->runController(Object(App\Controllers\Transaksi))
#7 C:\xampp\htdocs\ukom2\system\CodeIgniter.php(326): CodeIgniter\CodeIgniter->handleRequest(NULL, Object(Config\Cache), false)
#8 C:\xampp\htdocs\ukom2\public\index.php(37): CodeIgniter\CodeIgniter->run()
#9 C:\xampp\htdocs\ukom2\system\Commands\Server\rewrite.php(43): require_once('C:\\xampp\\htdocs...')
#10 {main}
CRITICAL - 2022-03-26 15:35:15 --> Attempt to read property "nama_users" on string
#0 C:\xampp\htdocs\ukom2\app\Views\transaksi\invoice.php(31): CodeIgniter\Debug\Exceptions->errorHandler(2, 'Attempt to read...', 'C:\\xampp\\htdocs...', 31)
#1 C:\xampp\htdocs\ukom2\system\View\View.php(210): include('C:\\xampp\\htdocs...')
#2 C:\xampp\htdocs\ukom2\system\View\View.php(213): CodeIgniter\View\View->CodeIgniter\View\{closure}()
#3 C:\xampp\htdocs\ukom2\system\Common.php(1089): CodeIgniter\View\View->render('transaksi/invoi...', Array, true)
#4 C:\xampp\htdocs\ukom2\app\Controllers\Transaksi.php(42): view('transaksi/invoi...', Array)
#5 C:\xampp\htdocs\ukom2\system\CodeIgniter.php(832): App\Controllers\Transaksi->invoice('43')
#6 C:\xampp\htdocs\ukom2\system\CodeIgniter.php(419): CodeIgniter\CodeIgniter->runController(Object(App\Controllers\Transaksi))
#7 C:\xampp\htdocs\ukom2\system\CodeIgniter.php(326): CodeIgniter\CodeIgniter->handleRequest(NULL, Object(Config\Cache), false)
#8 C:\xampp\htdocs\ukom2\public\index.php(37): CodeIgniter\CodeIgniter->run()
#9 C:\xampp\htdocs\ukom2\system\Commands\Server\rewrite.php(43): require_once('C:\\xampp\\htdocs...')
#10 {main}
CRITICAL - 2022-03-26 15:37:18 --> Attempt to read property "nama_users" on string
#0 C:\xampp\htdocs\ukom2\app\Views\transaksi\invoice.php(31): CodeIgniter\Debug\Exceptions->errorHandler(2, 'Attempt to read...', 'C:\\xampp\\htdocs...', 31)
#1 C:\xampp\htdocs\ukom2\system\View\View.php(210): include('C:\\xampp\\htdocs...')
#2 C:\xampp\htdocs\ukom2\system\View\View.php(213): CodeIgniter\View\View->CodeIgniter\View\{closure}()
#3 C:\xampp\htdocs\ukom2\system\Common.php(1089): CodeIgniter\View\View->render('transaksi/invoi...', Array, true)
#4 C:\xampp\htdocs\ukom2\app\Controllers\Transaksi.php(41): view('transaksi/invoi...', Array)
#5 C:\xampp\htdocs\ukom2\system\CodeIgniter.php(832): App\Controllers\Transaksi->invoice('43')
#6 C:\xampp\htdocs\ukom2\system\CodeIgniter.php(419): CodeIgniter\CodeIgniter->runController(Object(App\Controllers\Transaksi))
#7 C:\xampp\htdocs\ukom2\system\CodeIgniter.php(326): CodeIgniter\CodeIgniter->handleRequest(NULL, Object(Config\Cache), false)
#8 C:\xampp\htdocs\ukom2\public\index.php(37): CodeIgniter\CodeIgniter->run()
#9 C:\xampp\htdocs\ukom2\system\Commands\Server\rewrite.php(43): require_once('C:\\xampp\\htdocs...')
#10 {main}
CRITICAL - 2022-03-26 15:38:28 --> Attempt to read property "nama_users" on string
#0 C:\xampp\htdocs\ukom2\app\Views\transaksi\invoice.php(31): CodeIgniter\Debug\Exceptions->errorHandler(2, 'Attempt to read...', 'C:\\xampp\\htdocs...', 31)
#1 C:\xampp\htdocs\ukom2\system\View\View.php(210): include('C:\\xampp\\htdocs...')
#2 C:\xampp\htdocs\ukom2\system\View\View.php(213): CodeIgniter\View\View->CodeIgniter\View\{closure}()
#3 C:\xampp\htdocs\ukom2\system\Common.php(1089): CodeIgniter\View\View->render('transaksi/invoi...', Array, true)
#4 C:\xampp\htdocs\ukom2\app\Controllers\Transaksi.php(41): view('transaksi/invoi...', Array)
#5 C:\xampp\htdocs\ukom2\system\CodeIgniter.php(832): App\Controllers\Transaksi->invoice('43')
#6 C:\xampp\htdocs\ukom2\system\CodeIgniter.php(419): CodeIgniter\CodeIgniter->runController(Object(App\Controllers\Transaksi))
#7 C:\xampp\htdocs\ukom2\system\CodeIgniter.php(326): CodeIgniter\CodeIgniter->handleRequest(NULL, Object(Config\Cache), false)
#8 C:\xampp\htdocs\ukom2\public\index.php(37): CodeIgniter\CodeIgniter->run()
#9 C:\xampp\htdocs\ukom2\system\Commands\Server\rewrite.php(43): require_once('C:\\xampp\\htdocs...')
#10 {main}
CRITICAL - 2022-03-26 15:38:37 --> syntax error, unexpected token ";"
#0 C:\xampp\htdocs\ukom2\system\View\View.php(213): CodeIgniter\View\View->CodeIgniter\View\{closure}()
#1 C:\xampp\htdocs\ukom2\system\Common.php(1089): CodeIgniter\View\View->render('transaksi/invoi...', Array, true)
#2 C:\xampp\htdocs\ukom2\app\Controllers\Transaksi.php(41): view('transaksi/invoi...', Array)
#3 C:\xampp\htdocs\ukom2\system\CodeIgniter.php(832): App\Controllers\Transaksi->invoice('43')
#4 C:\xampp\htdocs\ukom2\system\CodeIgniter.php(419): CodeIgniter\CodeIgniter->runController(Object(App\Controllers\Transaksi))
#5 C:\xampp\htdocs\ukom2\system\CodeIgniter.php(326): CodeIgniter\CodeIgniter->handleRequest(NULL, Object(Config\Cache), false)
#6 C:\xampp\htdocs\ukom2\public\index.php(37): CodeIgniter\CodeIgniter->run()
#7 C:\xampp\htdocs\ukom2\system\Commands\Server\rewrite.php(43): require_once('C:\\xampp\\htdocs...')
#8 {main}
CRITICAL - 2022-03-26 15:38:54 --> Attempt to read property "tanggal_transaksi" on string
#0 C:\xampp\htdocs\ukom2\app\Views\transaksi\invoice.php(32): CodeIgniter\Debug\Exceptions->errorHandler(2, 'Attempt to read...', 'C:\\xampp\\htdocs...', 32)
#1 C:\xampp\htdocs\ukom2\system\View\View.php(210): include('C:\\xampp\\htdocs...')
#2 C:\xampp\htdocs\ukom2\system\View\View.php(213): CodeIgniter\View\View->CodeIgniter\View\{closure}()
#3 C:\xampp\htdocs\ukom2\system\Common.php(1089): CodeIgniter\View\View->render('transaksi/invoi...', Array, true)
#4 C:\xampp\htdocs\ukom2\app\Controllers\Transaksi.php(41): view('transaksi/invoi...', Array)
#5 C:\xampp\htdocs\ukom2\system\CodeIgniter.php(832): App\Controllers\Transaksi->invoice('43')
#6 C:\xampp\htdocs\ukom2\system\CodeIgniter.php(419): CodeIgniter\CodeIgniter->runController(Object(App\Controllers\Transaksi))
#7 C:\xampp\htdocs\ukom2\system\CodeIgniter.php(326): CodeIgniter\CodeIgniter->handleRequest(NULL, Object(Config\Cache), false)
#8 C:\xampp\htdocs\ukom2\public\index.php(37): CodeIgniter\CodeIgniter->run()
#9 C:\xampp\htdocs\ukom2\system\Commands\Server\rewrite.php(43): require_once('C:\\xampp\\htdocs...')
#10 {main}
