CRITICAL - 2022-03-10 00:02:18 --> syntax error, unexpected token ";", expecting ")"
#0 C:\xampp\htdocs\ukom2\system\View\View.php(213): CodeIgniter\View\View->CodeIgniter\View\{closure}()
#1 C:\xampp\htdocs\ukom2\system\Common.php(1089): CodeIgniter\View\View->render('manage_account/...', Array, true)
#2 C:\xampp\htdocs\ukom2\app\Controllers\Users.php(332): view('manage_account/...', Array)
#3 C:\xampp\htdocs\ukom2\system\CodeIgniter.php(832): App\Controllers\Users->update2('1')
#4 C:\xampp\htdocs\ukom2\system\CodeIgniter.php(419): CodeIgniter\CodeIgniter->runController(Object(App\Controllers\Users))
#5 C:\xampp\htdocs\ukom2\system\CodeIgniter.php(326): CodeIgniter\CodeIgniter->handleRequest(NULL, Object(Config\Cache), false)
#6 C:\xampp\htdocs\ukom2\public\index.php(37): CodeIgniter\CodeIgniter->run()
#7 C:\xampp\htdocs\ukom2\system\Commands\Server\rewrite.php(43): require_once('C:\\xampp\\htdocs...')
#8 {main}
CRITICAL - 2022-03-10 03:22:03 --> Trying to access array offset on value of type null
#0 C:\xampp\htdocs\ukom2\app\Controllers\Users.php(232): CodeIgniter\Debug\Exceptions->errorHandler(2, 'Trying to acces...', 'C:\\xampp\\htdocs...', 232)
#1 C:\xampp\htdocs\ukom2\system\CodeIgniter.php(832): App\Controllers\Users->update2('11')
#2 C:\xampp\htdocs\ukom2\system\CodeIgniter.php(419): CodeIgniter\CodeIgniter->runController(Object(App\Controllers\Users))
#3 C:\xampp\htdocs\ukom2\system\CodeIgniter.php(326): CodeIgniter\CodeIgniter->handleRequest(NULL, Object(Config\Cache), false)
#4 C:\xampp\htdocs\ukom2\public\index.php(37): CodeIgniter\CodeIgniter->run()
#5 C:\xampp\htdocs\ukom2\system\Commands\Server\rewrite.php(43): require_once('C:\\xampp\\htdocs...')
#6 {main}
CRITICAL - 2022-03-10 03:22:56 --> Trying to access array offset on value of type null
#0 C:\xampp\htdocs\ukom2\app\Controllers\Users.php(232): CodeIgniter\Debug\Exceptions->errorHandler(2, 'Trying to acces...', 'C:\\xampp\\htdocs...', 232)
#1 C:\xampp\htdocs\ukom2\system\CodeIgniter.php(832): App\Controllers\Users->update2('11')
#2 C:\xampp\htdocs\ukom2\system\CodeIgniter.php(419): CodeIgniter\CodeIgniter->runController(Object(App\Controllers\Users))
#3 C:\xampp\htdocs\ukom2\system\CodeIgniter.php(326): CodeIgniter\CodeIgniter->handleRequest(NULL, Object(Config\Cache), false)
#4 C:\xampp\htdocs\ukom2\public\index.php(37): CodeIgniter\CodeIgniter->run()
#5 C:\xampp\htdocs\ukom2\system\Commands\Server\rewrite.php(43): require_once('C:\\xampp\\htdocs...')
#6 {main}
CRITICAL - 2022-03-10 03:23:40 --> Trying to access array offset on value of type null
#0 C:\xampp\htdocs\ukom2\app\Controllers\Users.php(232): CodeIgniter\Debug\Exceptions->errorHandler(2, 'Trying to acces...', 'C:\\xampp\\htdocs...', 232)
#1 C:\xampp\htdocs\ukom2\system\CodeIgniter.php(832): App\Controllers\Users->update2('11')
#2 C:\xampp\htdocs\ukom2\system\CodeIgniter.php(419): CodeIgniter\CodeIgniter->runController(Object(App\Controllers\Users))
#3 C:\xampp\htdocs\ukom2\system\CodeIgniter.php(326): CodeIgniter\CodeIgniter->handleRequest(NULL, Object(Config\Cache), false)
#4 C:\xampp\htdocs\ukom2\public\index.php(37): CodeIgniter\CodeIgniter->run()
#5 C:\xampp\htdocs\ukom2\system\Commands\Server\rewrite.php(43): require_once('C:\\xampp\\htdocs...')
#6 {main}
CRITICAL - 2022-03-10 03:26:01 --> Trying to access array offset on value of type null
#0 C:\xampp\htdocs\ukom2\app\Views\manage_account\akun\update.php(9): CodeIgniter\Debug\Exceptions->errorHandler(2, 'Trying to acces...', 'C:\\xampp\\htdocs...', 9)
#1 C:\xampp\htdocs\ukom2\system\View\View.php(210): include('C:\\xampp\\htdocs...')
#2 C:\xampp\htdocs\ukom2\system\View\View.php(213): CodeIgniter\View\View->CodeIgniter\View\{closure}()
#3 C:\xampp\htdocs\ukom2\system\Common.php(1089): CodeIgniter\View\View->render('manage_account/...', Array, true)
#4 C:\xampp\htdocs\ukom2\app\Controllers\Users.php(334): view('manage_account/...', Array)
#5 C:\xampp\htdocs\ukom2\system\CodeIgniter.php(832): App\Controllers\Users->update2('11')
#6 C:\xampp\htdocs\ukom2\system\CodeIgniter.php(419): CodeIgniter\CodeIgniter->runController(Object(App\Controllers\Users))
#7 C:\xampp\htdocs\ukom2\system\CodeIgniter.php(326): CodeIgniter\CodeIgniter->handleRequest(NULL, Object(Config\Cache), false)
#8 C:\xampp\htdocs\ukom2\public\index.php(37): CodeIgniter\CodeIgniter->run()
#9 C:\xampp\htdocs\ukom2\system\Commands\Server\rewrite.php(43): require_once('C:\\xampp\\htdocs...')
#10 {main}
CRITICAL - 2022-03-10 03:26:36 --> Trying to access array offset on value of type null
#0 C:\xampp\htdocs\ukom2\app\Views\manage_account\akun\update.php(9): CodeIgniter\Debug\Exceptions->errorHandler(2, 'Trying to acces...', 'C:\\xampp\\htdocs...', 9)
#1 C:\xampp\htdocs\ukom2\system\View\View.php(210): include('C:\\xampp\\htdocs...')
#2 C:\xampp\htdocs\ukom2\system\View\View.php(213): CodeIgniter\View\View->CodeIgniter\View\{closure}()
#3 C:\xampp\htdocs\ukom2\system\Common.php(1089): CodeIgniter\View\View->render('manage_account/...', Array, true)
#4 C:\xampp\htdocs\ukom2\app\Controllers\Users.php(334): view('manage_account/...', Array)
#5 C:\xampp\htdocs\ukom2\system\CodeIgniter.php(832): App\Controllers\Users->update2('11')
#6 C:\xampp\htdocs\ukom2\system\CodeIgniter.php(419): CodeIgniter\CodeIgniter->runController(Object(App\Controllers\Users))
#7 C:\xampp\htdocs\ukom2\system\CodeIgniter.php(326): CodeIgniter\CodeIgniter->handleRequest(NULL, Object(Config\Cache), false)
#8 C:\xampp\htdocs\ukom2\public\index.php(37): CodeIgniter\CodeIgniter->run()
#9 C:\xampp\htdocs\ukom2\system\Commands\Server\rewrite.php(43): require_once('C:\\xampp\\htdocs...')
#10 {main}
CRITICAL - 2022-03-10 03:26:41 --> Trying to access array offset on value of type null
#0 C:\xampp\htdocs\ukom2\app\Views\manage_account\akun\update.php(9): CodeIgniter\Debug\Exceptions->errorHandler(2, 'Trying to acces...', 'C:\\xampp\\htdocs...', 9)
#1 C:\xampp\htdocs\ukom2\system\View\View.php(210): include('C:\\xampp\\htdocs...')
#2 C:\xampp\htdocs\ukom2\system\View\View.php(213): CodeIgniter\View\View->CodeIgniter\View\{closure}()
#3 C:\xampp\htdocs\ukom2\system\Common.php(1089): CodeIgniter\View\View->render('manage_account/...', Array, true)
#4 C:\xampp\htdocs\ukom2\app\Controllers\Users.php(334): view('manage_account/...', Array)
#5 C:\xampp\htdocs\ukom2\system\CodeIgniter.php(832): App\Controllers\Users->update2('11')
#6 C:\xampp\htdocs\ukom2\system\CodeIgniter.php(419): CodeIgniter\CodeIgniter->runController(Object(App\Controllers\Users))
#7 C:\xampp\htdocs\ukom2\system\CodeIgniter.php(326): CodeIgniter\CodeIgniter->handleRequest(NULL, Object(Config\Cache), false)
#8 C:\xampp\htdocs\ukom2\public\index.php(37): CodeIgniter\CodeIgniter->run()
#9 C:\xampp\htdocs\ukom2\system\Commands\Server\rewrite.php(43): require_once('C:\\xampp\\htdocs...')
#10 {main}
CRITICAL - 2022-03-10 03:32:48 --> Call to a member function getError() on null
#0 C:\xampp\htdocs\ukom2\system\CodeIgniter.php(832): App\Controllers\Users->update2('1')
#1 C:\xampp\htdocs\ukom2\system\CodeIgniter.php(419): CodeIgniter\CodeIgniter->runController(Object(App\Controllers\Users))
#2 C:\xampp\htdocs\ukom2\system\CodeIgniter.php(326): CodeIgniter\CodeIgniter->handleRequest(NULL, Object(Config\Cache), false)
#3 C:\xampp\htdocs\ukom2\public\index.php(37): CodeIgniter\CodeIgniter->run()
#4 C:\xampp\htdocs\ukom2\system\Commands\Server\rewrite.php(43): require_once('C:\\xampp\\htdocs...')
#5 {main}
CRITICAL - 2022-03-10 06:40:16 --> Array to string conversion
#0 C:\xampp\htdocs\ukom2\app\Views\manage_account\akun\update.php(80): CodeIgniter\Debug\Exceptions->errorHandler(2, 'Array to string...', 'C:\\xampp\\htdocs...', 80)
#1 C:\xampp\htdocs\ukom2\system\View\View.php(210): include('C:\\xampp\\htdocs...')
#2 C:\xampp\htdocs\ukom2\system\View\View.php(213): CodeIgniter\View\View->CodeIgniter\View\{closure}()
#3 C:\xampp\htdocs\ukom2\system\Common.php(1089): CodeIgniter\View\View->render('manage_account/...', Array, true)
#4 C:\xampp\htdocs\ukom2\app\Controllers\Users.php(336): view('manage_account/...', Array)
#5 C:\xampp\htdocs\ukom2\system\CodeIgniter.php(832): App\Controllers\Users->update2('1')
#6 C:\xampp\htdocs\ukom2\system\CodeIgniter.php(419): CodeIgniter\CodeIgniter->runController(Object(App\Controllers\Users))
#7 C:\xampp\htdocs\ukom2\system\CodeIgniter.php(326): CodeIgniter\CodeIgniter->handleRequest(NULL, Object(Config\Cache), false)
#8 C:\xampp\htdocs\ukom2\public\index.php(37): CodeIgniter\CodeIgniter->run()
#9 C:\xampp\htdocs\ukom2\system\Commands\Server\rewrite.php(43): require_once('C:\\xampp\\htdocs...')
#10 {main}
CRITICAL - 2022-03-10 07:41:02 --> Call to a member function get() on array
#0 C:\xampp\htdocs\ukom2\system\View\View.php(210): include()
#1 C:\xampp\htdocs\ukom2\system\View\View.php(213): CodeIgniter\View\View->CodeIgniter\View\{closure}()
#2 C:\xampp\htdocs\ukom2\system\Common.php(1089): CodeIgniter\View\View->render('pesanan/masakan', Array, true)
#3 C:\xampp\htdocs\ukom2\app\Controllers\Masakan.php(21): view('pesanan/masakan', Array)
#4 C:\xampp\htdocs\ukom2\system\CodeIgniter.php(832): App\Controllers\Masakan->index()
#5 C:\xampp\htdocs\ukom2\system\CodeIgniter.php(419): CodeIgniter\CodeIgniter->runController(Object(App\Controllers\Masakan))
#6 C:\xampp\htdocs\ukom2\system\CodeIgniter.php(326): CodeIgniter\CodeIgniter->handleRequest(NULL, Object(Config\Cache), false)
#7 C:\xampp\htdocs\ukom2\public\index.php(37): CodeIgniter\CodeIgniter->run()
#8 C:\xampp\htdocs\ukom2\system\Commands\Server\rewrite.php(43): require_once('C:\\xampp\\htdocs...')
#9 {main}
CRITICAL - 2022-03-10 07:46:23 --> Call to a member function get() on array
#0 C:\xampp\htdocs\ukom2\system\View\View.php(210): include()
#1 C:\xampp\htdocs\ukom2\system\View\View.php(213): CodeIgniter\View\View->CodeIgniter\View\{closure}()
#2 C:\xampp\htdocs\ukom2\system\Common.php(1089): CodeIgniter\View\View->render('pesanan/masakan', Array, true)
#3 C:\xampp\htdocs\ukom2\app\Controllers\Masakan.php(21): view('pesanan/masakan', Array)
#4 C:\xampp\htdocs\ukom2\system\CodeIgniter.php(832): App\Controllers\Masakan->index()
#5 C:\xampp\htdocs\ukom2\system\CodeIgniter.php(419): CodeIgniter\CodeIgniter->runController(Object(App\Controllers\Masakan))
#6 C:\xampp\htdocs\ukom2\system\CodeIgniter.php(326): CodeIgniter\CodeIgniter->handleRequest(NULL, Object(Config\Cache), false)
#7 C:\xampp\htdocs\ukom2\public\index.php(37): CodeIgniter\CodeIgniter->run()
#8 C:\xampp\htdocs\ukom2\system\Commands\Server\rewrite.php(43): require_once('C:\\xampp\\htdocs...')
#9 {main}
CRITICAL - 2022-03-10 07:46:40 --> Call to a member function get() on array
#0 C:\xampp\htdocs\ukom2\system\View\View.php(210): include()
#1 C:\xampp\htdocs\ukom2\system\View\View.php(213): CodeIgniter\View\View->CodeIgniter\View\{closure}()
#2 C:\xampp\htdocs\ukom2\system\Common.php(1089): CodeIgniter\View\View->render('pesanan/masakan', Array, true)
#3 C:\xampp\htdocs\ukom2\app\Controllers\Masakan.php(21): view('pesanan/masakan', Array)
#4 C:\xampp\htdocs\ukom2\system\CodeIgniter.php(832): App\Controllers\Masakan->index()
#5 C:\xampp\htdocs\ukom2\system\CodeIgniter.php(419): CodeIgniter\CodeIgniter->runController(Object(App\Controllers\Masakan))
#6 C:\xampp\htdocs\ukom2\system\CodeIgniter.php(326): CodeIgniter\CodeIgniter->handleRequest(NULL, Object(Config\Cache), false)
#7 C:\xampp\htdocs\ukom2\public\index.php(37): CodeIgniter\CodeIgniter->run()
#8 C:\xampp\htdocs\ukom2\system\Commands\Server\rewrite.php(43): require_once('C:\\xampp\\htdocs...')
#9 {main}
CRITICAL - 2022-03-10 08:59:42 --> Trying to access array offset on value of type null
#0 C:\xampp\htdocs\ukom2\app\Controllers\Masakan.php(91): CodeIgniter\Debug\Exceptions->errorHandler(2, 'Trying to acces...', 'C:\\xampp\\htdocs...', 91)
#1 C:\xampp\htdocs\ukom2\system\CodeIgniter.php(832): App\Controllers\Masakan->update('12')
#2 C:\xampp\htdocs\ukom2\system\CodeIgniter.php(419): CodeIgniter\CodeIgniter->runController(Object(App\Controllers\Masakan))
#3 C:\xampp\htdocs\ukom2\system\CodeIgniter.php(326): CodeIgniter\CodeIgniter->handleRequest(NULL, Object(Config\Cache), false)
#4 C:\xampp\htdocs\ukom2\public\index.php(37): CodeIgniter\CodeIgniter->run()
#5 C:\xampp\htdocs\ukom2\system\Commands\Server\rewrite.php(43): require_once('C:\\xampp\\htdocs...')
#6 {main}
CRITICAL - 2022-03-10 10:03:03 --> Attempt to read property "id_masakan" on array
#0 C:\xampp\htdocs\ukom2\app\Views\pesanan\masakan\masakan.php(272): CodeIgniter\Debug\Exceptions->errorHandler(2, 'Attempt to read...', 'C:\\xampp\\htdocs...', 272)
#1 C:\xampp\htdocs\ukom2\system\View\View.php(210): include('C:\\xampp\\htdocs...')
#2 C:\xampp\htdocs\ukom2\system\View\View.php(213): CodeIgniter\View\View->CodeIgniter\View\{closure}()
#3 C:\xampp\htdocs\ukom2\system\Common.php(1089): CodeIgniter\View\View->render('pesanan/masakan...', Array, true)
#4 C:\xampp\htdocs\ukom2\app\Controllers\Masakan.php(25): view('pesanan/masakan...', Array)
#5 C:\xampp\htdocs\ukom2\system\CodeIgniter.php(832): App\Controllers\Masakan->index()
#6 C:\xampp\htdocs\ukom2\system\CodeIgniter.php(419): CodeIgniter\CodeIgniter->runController(Object(App\Controllers\Masakan))
#7 C:\xampp\htdocs\ukom2\system\CodeIgniter.php(326): CodeIgniter\CodeIgniter->handleRequest(NULL, Object(Config\Cache), false)
#8 C:\xampp\htdocs\ukom2\public\index.php(37): CodeIgniter\CodeIgniter->run()
#9 C:\xampp\htdocs\ukom2\system\Commands\Server\rewrite.php(43): require_once('C:\\xampp\\htdocs...')
#10 {main}
CRITICAL - 2022-03-10 10:03:47 --> Attempt to read property "id_masakan" on array
#0 C:\xampp\htdocs\ukom2\app\Views\pesanan\masakan\masakan.php(272): CodeIgniter\Debug\Exceptions->errorHandler(2, 'Attempt to read...', 'C:\\xampp\\htdocs...', 272)
#1 C:\xampp\htdocs\ukom2\system\View\View.php(210): include('C:\\xampp\\htdocs...')
#2 C:\xampp\htdocs\ukom2\system\View\View.php(213): CodeIgniter\View\View->CodeIgniter\View\{closure}()
#3 C:\xampp\htdocs\ukom2\system\Common.php(1089): CodeIgniter\View\View->render('pesanan/masakan...', Array, true)
#4 C:\xampp\htdocs\ukom2\app\Controllers\Masakan.php(25): view('pesanan/masakan...', Array)
#5 C:\xampp\htdocs\ukom2\system\CodeIgniter.php(832): App\Controllers\Masakan->index()
#6 C:\xampp\htdocs\ukom2\system\CodeIgniter.php(419): CodeIgniter\CodeIgniter->runController(Object(App\Controllers\Masakan))
#7 C:\xampp\htdocs\ukom2\system\CodeIgniter.php(326): CodeIgniter\CodeIgniter->handleRequest(NULL, Object(Config\Cache), false)
#8 C:\xampp\htdocs\ukom2\public\index.php(37): CodeIgniter\CodeIgniter->run()
#9 C:\xampp\htdocs\ukom2\system\Commands\Server\rewrite.php(43): require_once('C:\\xampp\\htdocs...')
#10 {main}
CRITICAL - 2022-03-10 10:03:49 --> Attempt to read property "id_masakan" on array
#0 C:\xampp\htdocs\ukom2\app\Views\pesanan\masakan\masakan.php(272): CodeIgniter\Debug\Exceptions->errorHandler(2, 'Attempt to read...', 'C:\\xampp\\htdocs...', 272)
#1 C:\xampp\htdocs\ukom2\system\View\View.php(210): include('C:\\xampp\\htdocs...')
#2 C:\xampp\htdocs\ukom2\system\View\View.php(213): CodeIgniter\View\View->CodeIgniter\View\{closure}()
#3 C:\xampp\htdocs\ukom2\system\Common.php(1089): CodeIgniter\View\View->render('pesanan/masakan...', Array, true)
#4 C:\xampp\htdocs\ukom2\app\Controllers\Masakan.php(25): view('pesanan/masakan...', Array)
#5 C:\xampp\htdocs\ukom2\system\CodeIgniter.php(832): App\Controllers\Masakan->index()
#6 C:\xampp\htdocs\ukom2\system\CodeIgniter.php(419): CodeIgniter\CodeIgniter->runController(Object(App\Controllers\Masakan))
#7 C:\xampp\htdocs\ukom2\system\CodeIgniter.php(326): CodeIgniter\CodeIgniter->handleRequest(NULL, Object(Config\Cache), false)
#8 C:\xampp\htdocs\ukom2\public\index.php(37): CodeIgniter\CodeIgniter->run()
#9 C:\xampp\htdocs\ukom2\system\Commands\Server\rewrite.php(43): require_once('C:\\xampp\\htdocs...')
#10 {main}
CRITICAL - 2022-03-10 10:20:11 --> Undefined array key "nama_users"
#0 C:\xampp\htdocs\ukom2\app\Controllers\Masakan.php(96): CodeIgniter\Debug\Exceptions->errorHandler(2, 'Undefined array...', 'C:\\xampp\\htdocs...', 96)
#1 C:\xampp\htdocs\ukom2\system\CodeIgniter.php(832): App\Controllers\Masakan->update('1')
#2 C:\xampp\htdocs\ukom2\system\CodeIgniter.php(419): CodeIgniter\CodeIgniter->runController(Object(App\Controllers\Masakan))
#3 C:\xampp\htdocs\ukom2\system\CodeIgniter.php(326): CodeIgniter\CodeIgniter->handleRequest(NULL, Object(Config\Cache), false)
#4 C:\xampp\htdocs\ukom2\public\index.php(37): CodeIgniter\CodeIgniter->run()
#5 C:\xampp\htdocs\ukom2\system\Commands\Server\rewrite.php(43): require_once('C:\\xampp\\htdocs...')
#6 {main}
CRITICAL - 2022-03-10 10:20:39 --> Undefined variable $validation
#0 C:\xampp\htdocs\ukom2\app\Views\pesanan\masakan\update.php(21): CodeIgniter\Debug\Exceptions->errorHandler(2, 'Undefined varia...', 'C:\\xampp\\htdocs...', 21)
#1 C:\xampp\htdocs\ukom2\system\View\View.php(210): include('C:\\xampp\\htdocs...')
#2 C:\xampp\htdocs\ukom2\system\View\View.php(213): CodeIgniter\View\View->CodeIgniter\View\{closure}()
#3 C:\xampp\htdocs\ukom2\system\Common.php(1089): CodeIgniter\View\View->render('pesanan/masakan...', Array, true)
#4 C:\xampp\htdocs\ukom2\app\Controllers\Masakan.php(173): view('pesanan/masakan...', Array)
#5 C:\xampp\htdocs\ukom2\system\CodeIgniter.php(832): App\Controllers\Masakan->update('1')
#6 C:\xampp\htdocs\ukom2\system\CodeIgniter.php(419): CodeIgniter\CodeIgniter->runController(Object(App\Controllers\Masakan))
#7 C:\xampp\htdocs\ukom2\system\CodeIgniter.php(326): CodeIgniter\CodeIgniter->handleRequest(NULL, Object(Config\Cache), false)
#8 C:\xampp\htdocs\ukom2\public\index.php(37): CodeIgniter\CodeIgniter->run()
#9 C:\xampp\htdocs\ukom2\system\Commands\Server\rewrite.php(43): require_once('C:\\xampp\\htdocs...')
#10 {main}
CRITICAL - 2022-03-10 10:21:37 --> Call to a member function hasError() on null
#0 C:\xampp\htdocs\ukom2\system\View\View.php(210): include()
#1 C:\xampp\htdocs\ukom2\system\View\View.php(213): CodeIgniter\View\View->CodeIgniter\View\{closure}()
#2 C:\xampp\htdocs\ukom2\system\Common.php(1089): CodeIgniter\View\View->render('pesanan/masakan...', Array, true)
#3 C:\xampp\htdocs\ukom2\app\Controllers\Masakan.php(175): view('pesanan/masakan...', Array)
#4 C:\xampp\htdocs\ukom2\system\CodeIgniter.php(832): App\Controllers\Masakan->update('1')
#5 C:\xampp\htdocs\ukom2\system\CodeIgniter.php(419): CodeIgniter\CodeIgniter->runController(Object(App\Controllers\Masakan))
#6 C:\xampp\htdocs\ukom2\system\CodeIgniter.php(326): CodeIgniter\CodeIgniter->handleRequest(NULL, Object(Config\Cache), false)
#7 C:\xampp\htdocs\ukom2\public\index.php(37): CodeIgniter\CodeIgniter->run()
#8 C:\xampp\htdocs\ukom2\system\Commands\Server\rewrite.php(43): require_once('C:\\xampp\\htdocs...')
#9 {main}
CRITICAL - 2022-03-10 10:21:50 --> Call to a member function getRules() on null
#0 C:\xampp\htdocs\ukom2\system\CodeIgniter.php(832): App\Controllers\Masakan->update('1')
#1 C:\xampp\htdocs\ukom2\system\CodeIgniter.php(419): CodeIgniter\CodeIgniter->runController(Object(App\Controllers\Masakan))
#2 C:\xampp\htdocs\ukom2\system\CodeIgniter.php(326): CodeIgniter\CodeIgniter->handleRequest(NULL, Object(Config\Cache), false)
#3 C:\xampp\htdocs\ukom2\public\index.php(37): CodeIgniter\CodeIgniter->run()
#4 C:\xampp\htdocs\ukom2\system\Commands\Server\rewrite.php(43): require_once('C:\\xampp\\htdocs...')
#5 {main}
CRITICAL - 2022-03-10 10:21:59 --> Call to a member function getErrors() on null
#0 C:\xampp\htdocs\ukom2\system\CodeIgniter.php(832): App\Controllers\Masakan->update('1')
#1 C:\xampp\htdocs\ukom2\system\CodeIgniter.php(419): CodeIgniter\CodeIgniter->runController(Object(App\Controllers\Masakan))
#2 C:\xampp\htdocs\ukom2\system\CodeIgniter.php(326): CodeIgniter\CodeIgniter->handleRequest(NULL, Object(Config\Cache), false)
#3 C:\xampp\htdocs\ukom2\public\index.php(37): CodeIgniter\CodeIgniter->run()
#4 C:\xampp\htdocs\ukom2\system\Commands\Server\rewrite.php(43): require_once('C:\\xampp\\htdocs...')
#5 {main}
CRITICAL - 2022-03-10 10:29:03 --> Undefined variable $uri
#0 C:\xampp\htdocs\ukom2\app\Views\pesanan\masakan\masakan.php(15): CodeIgniter\Debug\Exceptions->errorHandler(2, 'Undefined varia...', 'C:\\xampp\\htdocs...', 15)
#1 C:\xampp\htdocs\ukom2\system\View\View.php(210): include('C:\\xampp\\htdocs...')
#2 C:\xampp\htdocs\ukom2\system\View\View.php(213): CodeIgniter\View\View->CodeIgniter\View\{closure}()
#3 C:\xampp\htdocs\ukom2\system\Common.php(1089): CodeIgniter\View\View->render('pesanan/masakan...', Array, true)
#4 C:\xampp\htdocs\ukom2\app\Controllers\Masakan.php(25): view('pesanan/masakan...', Array)
#5 C:\xampp\htdocs\ukom2\system\CodeIgniter.php(832): App\Controllers\Masakan->index()
#6 C:\xampp\htdocs\ukom2\system\CodeIgniter.php(419): CodeIgniter\CodeIgniter->runController(Object(App\Controllers\Masakan))
#7 C:\xampp\htdocs\ukom2\system\CodeIgniter.php(326): CodeIgniter\CodeIgniter->handleRequest(NULL, Object(Config\Cache), false)
#8 C:\xampp\htdocs\ukom2\public\index.php(37): CodeIgniter\CodeIgniter->run()
#9 C:\xampp\htdocs\ukom2\system\Commands\Server\rewrite.php(43): require_once('C:\\xampp\\htdocs...')
#10 {main}
CRITICAL - 2022-03-10 10:30:52 --> Undefined variable $uri
#0 C:\xampp\htdocs\ukom2\app\Views\pesanan\masakan\masakan.php(15): CodeIgniter\Debug\Exceptions->errorHandler(2, 'Undefined varia...', 'C:\\xampp\\htdocs...', 15)
#1 C:\xampp\htdocs\ukom2\system\View\View.php(210): include('C:\\xampp\\htdocs...')
#2 C:\xampp\htdocs\ukom2\system\View\View.php(213): CodeIgniter\View\View->CodeIgniter\View\{closure}()
#3 C:\xampp\htdocs\ukom2\system\Common.php(1089): CodeIgniter\View\View->render('pesanan/masakan...', Array, true)
#4 C:\xampp\htdocs\ukom2\app\Controllers\Masakan.php(25): view('pesanan/masakan...', Array)
#5 C:\xampp\htdocs\ukom2\system\CodeIgniter.php(832): App\Controllers\Masakan->index()
#6 C:\xampp\htdocs\ukom2\system\CodeIgniter.php(419): CodeIgniter\CodeIgniter->runController(Object(App\Controllers\Masakan))
#7 C:\xampp\htdocs\ukom2\system\CodeIgniter.php(326): CodeIgniter\CodeIgniter->handleRequest(NULL, Object(Config\Cache), false)
#8 C:\xampp\htdocs\ukom2\public\index.php(37): CodeIgniter\CodeIgniter->run()
#9 C:\xampp\htdocs\ukom2\system\Commands\Server\rewrite.php(43): require_once('C:\\xampp\\htdocs...')
#10 {main}
CRITICAL - 2022-03-10 10:44:34 --> Undefined variable $getMakanan
#0 C:\xampp\htdocs\ukom2\app\Views\pesanan\masakan\masakan.php(64): CodeIgniter\Debug\Exceptions->errorHandler(2, 'Undefined varia...', 'C:\\xampp\\htdocs...', 64)
#1 C:\xampp\htdocs\ukom2\system\View\View.php(210): include('C:\\xampp\\htdocs...')
#2 C:\xampp\htdocs\ukom2\system\View\View.php(213): CodeIgniter\View\View->CodeIgniter\View\{closure}()
#3 C:\xampp\htdocs\ukom2\system\Common.php(1089): CodeIgniter\View\View->render('pesanan/masakan...', Array, true)
#4 C:\xampp\htdocs\ukom2\app\Controllers\Masakan.php(33): view('pesanan/masakan...', Array)
#5 C:\xampp\htdocs\ukom2\system\CodeIgniter.php(832): App\Controllers\Masakan->index()
#6 C:\xampp\htdocs\ukom2\system\CodeIgniter.php(419): CodeIgniter\CodeIgniter->runController(Object(App\Controllers\Masakan))
#7 C:\xampp\htdocs\ukom2\system\CodeIgniter.php(326): CodeIgniter\CodeIgniter->handleRequest(NULL, Object(Config\Cache), false)
#8 C:\xampp\htdocs\ukom2\public\index.php(37): CodeIgniter\CodeIgniter->run()
#9 C:\xampp\htdocs\ukom2\system\Commands\Server\rewrite.php(43): require_once('C:\\xampp\\htdocs...')
#10 {main}
CRITICAL - 2022-03-10 11:08:43 --> preg_match(): Argument #2 ($subject) must be of type string, array given
#0 C:\xampp\htdocs\ukom2\system\Validation\Validation.php(269): preg_match('/(.*?)\\[(.*)\\]/', Array, NULL)
#1 C:\xampp\htdocs\ukom2\system\Validation\Validation.php(157): CodeIgniter\Validation\Validation->processRules('0', '0', NULL, Array, Array)
#2 C:\xampp\htdocs\ukom2\system\Controller.php(160): CodeIgniter\Validation\Validation->run()
#3 C:\xampp\htdocs\ukom2\app\Controllers\Masakan.php(155): CodeIgniter\Controller->validate(Array)
#4 C:\xampp\htdocs\ukom2\system\CodeIgniter.php(832): App\Controllers\Masakan->update('1')
#5 C:\xampp\htdocs\ukom2\system\CodeIgniter.php(419): CodeIgniter\CodeIgniter->runController(Object(App\Controllers\Masakan))
#6 C:\xampp\htdocs\ukom2\system\CodeIgniter.php(326): CodeIgniter\CodeIgniter->handleRequest(NULL, Object(Config\Cache), false)
#7 C:\xampp\htdocs\ukom2\public\index.php(37): CodeIgniter\CodeIgniter->run()
#8 C:\xampp\htdocs\ukom2\system\Commands\Server\rewrite.php(43): require_once('C:\\xampp\\htdocs...')
#9 {main}
CRITICAL - 2022-03-10 11:11:03 --> preg_match(): Argument #2 ($subject) must be of type string, array given
#0 C:\xampp\htdocs\ukom2\system\Validation\Validation.php(269): preg_match('/(.*?)\\[(.*)\\]/', Array, NULL)
#1 C:\xampp\htdocs\ukom2\system\Validation\Validation.php(157): CodeIgniter\Validation\Validation->processRules('0', '0', NULL, Array, Array)
#2 C:\xampp\htdocs\ukom2\system\Controller.php(160): CodeIgniter\Validation\Validation->run()
#3 C:\xampp\htdocs\ukom2\app\Controllers\Masakan.php(156): CodeIgniter\Controller->validate(Array)
#4 C:\xampp\htdocs\ukom2\system\CodeIgniter.php(832): App\Controllers\Masakan->update('1')
#5 C:\xampp\htdocs\ukom2\system\CodeIgniter.php(419): CodeIgniter\CodeIgniter->runController(Object(App\Controllers\Masakan))
#6 C:\xampp\htdocs\ukom2\system\CodeIgniter.php(326): CodeIgniter\CodeIgniter->handleRequest(NULL, Object(Config\Cache), false)
#7 C:\xampp\htdocs\ukom2\public\index.php(37): CodeIgniter\CodeIgniter->run()
#8 C:\xampp\htdocs\ukom2\system\Commands\Server\rewrite.php(43): require_once('C:\\xampp\\htdocs...')
#9 {main}
CRITICAL - 2022-03-10 11:12:07 --> preg_match(): Argument #2 ($subject) must be of type string, array given
#0 C:\xampp\htdocs\ukom2\system\Validation\Validation.php(269): preg_match('/(.*?)\\[(.*)\\]/', Array, NULL)
#1 C:\xampp\htdocs\ukom2\system\Validation\Validation.php(157): CodeIgniter\Validation\Validation->processRules('0', '0', NULL, Array, Array)
#2 C:\xampp\htdocs\ukom2\system\Controller.php(160): CodeIgniter\Validation\Validation->run()
#3 C:\xampp\htdocs\ukom2\app\Controllers\Masakan.php(155): CodeIgniter\Controller->validate(Array)
#4 C:\xampp\htdocs\ukom2\system\CodeIgniter.php(832): App\Controllers\Masakan->update('1')
#5 C:\xampp\htdocs\ukom2\system\CodeIgniter.php(419): CodeIgniter\CodeIgniter->runController(Object(App\Controllers\Masakan))
#6 C:\xampp\htdocs\ukom2\system\CodeIgniter.php(326): CodeIgniter\CodeIgniter->handleRequest(NULL, Object(Config\Cache), false)
#7 C:\xampp\htdocs\ukom2\public\index.php(37): CodeIgniter\CodeIgniter->run()
#8 C:\xampp\htdocs\ukom2\system\Commands\Server\rewrite.php(43): require_once('C:\\xampp\\htdocs...')
#9 {main}
CRITICAL - 2022-03-10 11:13:20 --> preg_match(): Argument #2 ($subject) must be of type string, array given
#0 C:\xampp\htdocs\ukom2\system\Validation\Validation.php(269): preg_match('/(.*?)\\[(.*)\\]/', Array, NULL)
#1 C:\xampp\htdocs\ukom2\system\Validation\Validation.php(157): CodeIgniter\Validation\Validation->processRules('0', '0', NULL, Array, Array)
#2 C:\xampp\htdocs\ukom2\system\Controller.php(160): CodeIgniter\Validation\Validation->run()
#3 C:\xampp\htdocs\ukom2\app\Controllers\Masakan.php(155): CodeIgniter\Controller->validate(Array)
#4 C:\xampp\htdocs\ukom2\system\CodeIgniter.php(832): App\Controllers\Masakan->update('1')
#5 C:\xampp\htdocs\ukom2\system\CodeIgniter.php(419): CodeIgniter\CodeIgniter->runController(Object(App\Controllers\Masakan))
#6 C:\xampp\htdocs\ukom2\system\CodeIgniter.php(326): CodeIgniter\CodeIgniter->handleRequest(NULL, Object(Config\Cache), false)
#7 C:\xampp\htdocs\ukom2\public\index.php(37): CodeIgniter\CodeIgniter->run()
#8 C:\xampp\htdocs\ukom2\system\Commands\Server\rewrite.php(43): require_once('C:\\xampp\\htdocs...')
#9 {main}
CRITICAL - 2022-03-10 11:13:29 --> preg_match(): Argument #2 ($subject) must be of type string, array given
#0 C:\xampp\htdocs\ukom2\system\Validation\Validation.php(269): preg_match('/(.*?)\\[(.*)\\]/', Array, NULL)
#1 C:\xampp\htdocs\ukom2\system\Validation\Validation.php(157): CodeIgniter\Validation\Validation->processRules('0', '0', NULL, Array, Array)
#2 C:\xampp\htdocs\ukom2\system\Controller.php(160): CodeIgniter\Validation\Validation->run()
#3 C:\xampp\htdocs\ukom2\app\Controllers\Masakan.php(155): CodeIgniter\Controller->validate(Array)
#4 C:\xampp\htdocs\ukom2\system\CodeIgniter.php(832): App\Controllers\Masakan->update('1')
#5 C:\xampp\htdocs\ukom2\system\CodeIgniter.php(419): CodeIgniter\CodeIgniter->runController(Object(App\Controllers\Masakan))
#6 C:\xampp\htdocs\ukom2\system\CodeIgniter.php(326): CodeIgniter\CodeIgniter->handleRequest(NULL, Object(Config\Cache), false)
#7 C:\xampp\htdocs\ukom2\public\index.php(37): CodeIgniter\CodeIgniter->run()
#8 C:\xampp\htdocs\ukom2\system\Commands\Server\rewrite.php(43): require_once('C:\\xampp\\htdocs...')
#9 {main}
CRITICAL - 2022-03-10 11:26:50 --> Too few arguments to function CodeIgniter\HTTP\URI::getSegment(), 0 passed in C:\xampp\htdocs\ukom2\app\Views\layout.php on line 186 and at least 1 expected
#0 C:\xampp\htdocs\ukom2\app\Views\layout.php(186): CodeIgniter\HTTP\URI->getSegment()
#1 C:\xampp\htdocs\ukom2\system\View\View.php(210): include('C:\\xampp\\htdocs...')
#2 C:\xampp\htdocs\ukom2\system\View\View.php(213): CodeIgniter\View\View->CodeIgniter\View\{closure}()
#3 C:\xampp\htdocs\ukom2\system\View\View.php(226): CodeIgniter\View\View->render('layout', Array, true)
#4 C:\xampp\htdocs\ukom2\system\Common.php(1089): CodeIgniter\View\View->render('dashboard', Array, true)
#5 C:\xampp\htdocs\ukom2\app\Controllers\Dashboard.php(14): view('dashboard', Array)
#6 C:\xampp\htdocs\ukom2\system\CodeIgniter.php(832): App\Controllers\Dashboard->index()
#7 C:\xampp\htdocs\ukom2\system\CodeIgniter.php(419): CodeIgniter\CodeIgniter->runController(Object(App\Controllers\Dashboard))
#8 C:\xampp\htdocs\ukom2\system\CodeIgniter.php(326): CodeIgniter\CodeIgniter->handleRequest(NULL, Object(Config\Cache), false)
#9 C:\xampp\htdocs\ukom2\public\index.php(37): CodeIgniter\CodeIgniter->run()
#10 C:\xampp\htdocs\ukom2\system\Commands\Server\rewrite.php(43): require_once('C:\\xampp\\htdocs...')
#11 {main}
CRITICAL - 2022-03-10 11:26:57 --> Undefined property: CodeIgniter\HTTP\URI::$getSegment
#0 C:\xampp\htdocs\ukom2\app\Views\layout.php(186): CodeIgniter\Debug\Exceptions->errorHandler(2, 'Undefined prope...', 'C:\\xampp\\htdocs...', 186)
#1 C:\xampp\htdocs\ukom2\system\View\View.php(210): include('C:\\xampp\\htdocs...')
#2 C:\xampp\htdocs\ukom2\system\View\View.php(213): CodeIgniter\View\View->CodeIgniter\View\{closure}()
#3 C:\xampp\htdocs\ukom2\system\View\View.php(226): CodeIgniter\View\View->render('layout', Array, true)
#4 C:\xampp\htdocs\ukom2\system\Common.php(1089): CodeIgniter\View\View->render('dashboard', Array, true)
#5 C:\xampp\htdocs\ukom2\app\Controllers\Dashboard.php(14): view('dashboard', Array)
#6 C:\xampp\htdocs\ukom2\system\CodeIgniter.php(832): App\Controllers\Dashboard->index()
#7 C:\xampp\htdocs\ukom2\system\CodeIgniter.php(419): CodeIgniter\CodeIgniter->runController(Object(App\Controllers\Dashboard))
#8 C:\xampp\htdocs\ukom2\system\CodeIgniter.php(326): CodeIgniter\CodeIgniter->handleRequest(NULL, Object(Config\Cache), false)
#9 C:\xampp\htdocs\ukom2\public\index.php(37): CodeIgniter\CodeIgniter->run()
#10 C:\xampp\htdocs\ukom2\system\Commands\Server\rewrite.php(43): require_once('C:\\xampp\\htdocs...')
#11 {main}
