CRITICAL - 2022-03-22 09:41:13 --> Unsupported operand types: string - null
#0 C:\xampp\htdocs\ukom2\system\CodeIgniter.php(832): App\Controllers\DetailOrder->checkout()
#1 C:\xampp\htdocs\ukom2\system\CodeIgniter.php(419): CodeIgniter\CodeIgniter->runController(Object(App\Controllers\DetailOrder))
#2 C:\xampp\htdocs\ukom2\system\CodeIgniter.php(326): CodeIgniter\CodeIgniter->handleRequest(NULL, Object(Config\Cache), false)
#3 C:\xampp\htdocs\ukom2\public\index.php(37): CodeIgniter\CodeIgniter->run()
#4 C:\xampp\htdocs\ukom2\system\Commands\Server\rewrite.php(43): require_once('C:\\xampp\\htdocs...')
#5 {main}
CRITICAL - 2022-03-22 11:14:19 --> Undefined property: stdClass::$status_detail_order
#0 C:\xampp\htdocs\ukom2\app\Views\pesanan\order.php(30): CodeIgniter\Debug\Exceptions->errorHandler(2, 'Undefined prope...', 'C:\\xampp\\htdocs...', 30)
#1 C:\xampp\htdocs\ukom2\system\View\View.php(210): include('C:\\xampp\\htdocs...')
#2 C:\xampp\htdocs\ukom2\system\View\View.php(213): CodeIgniter\View\View->CodeIgniter\View\{closure}()
#3 C:\xampp\htdocs\ukom2\system\Common.php(1089): CodeIgniter\View\View->render('pesanan/order', Array, true)
#4 C:\xampp\htdocs\ukom2\app\Controllers\Order.php(28): view('pesanan/order', Array)
#5 C:\xampp\htdocs\ukom2\system\CodeIgniter.php(832): App\Controllers\Order->index()
#6 C:\xampp\htdocs\ukom2\system\CodeIgniter.php(419): CodeIgniter\CodeIgniter->runController(Object(App\Controllers\Order))
#7 C:\xampp\htdocs\ukom2\system\CodeIgniter.php(326): CodeIgniter\CodeIgniter->handleRequest(NULL, Object(Config\Cache), false)
#8 C:\xampp\htdocs\ukom2\public\index.php(37): CodeIgniter\CodeIgniter->run()
#9 C:\xampp\htdocs\ukom2\system\Commands\Server\rewrite.php(43): require_once('C:\\xampp\\htdocs...')
#10 {main}
CRITICAL - 2022-03-22 11:15:12 --> Undefined property: stdClass::$status_detail_order
#0 C:\xampp\htdocs\ukom2\app\Views\pesanan\order.php(30): CodeIgniter\Debug\Exceptions->errorHandler(2, 'Undefined prope...', 'C:\\xampp\\htdocs...', 30)
#1 C:\xampp\htdocs\ukom2\system\View\View.php(210): include('C:\\xampp\\htdocs...')
#2 C:\xampp\htdocs\ukom2\system\View\View.php(213): CodeIgniter\View\View->CodeIgniter\View\{closure}()
#3 C:\xampp\htdocs\ukom2\system\Common.php(1089): CodeIgniter\View\View->render('pesanan/order', Array, true)
#4 C:\xampp\htdocs\ukom2\app\Controllers\Order.php(28): view('pesanan/order', Array)
#5 C:\xampp\htdocs\ukom2\system\CodeIgniter.php(832): App\Controllers\Order->index()
#6 C:\xampp\htdocs\ukom2\system\CodeIgniter.php(419): CodeIgniter\CodeIgniter->runController(Object(App\Controllers\Order))
#7 C:\xampp\htdocs\ukom2\system\CodeIgniter.php(326): CodeIgniter\CodeIgniter->handleRequest(NULL, Object(Config\Cache), false)
#8 C:\xampp\htdocs\ukom2\public\index.php(37): CodeIgniter\CodeIgniter->run()
#9 C:\xampp\htdocs\ukom2\system\Commands\Server\rewrite.php(43): require_once('C:\\xampp\\htdocs...')
#10 {main}
CRITICAL - 2022-03-22 11:15:24 --> Undefined property: stdClass::$status_detail_order
#0 C:\xampp\htdocs\ukom2\app\Views\pesanan\order.php(30): CodeIgniter\Debug\Exceptions->errorHandler(2, 'Undefined prope...', 'C:\\xampp\\htdocs...', 30)
#1 C:\xampp\htdocs\ukom2\system\View\View.php(210): include('C:\\xampp\\htdocs...')
#2 C:\xampp\htdocs\ukom2\system\View\View.php(213): CodeIgniter\View\View->CodeIgniter\View\{closure}()
#3 C:\xampp\htdocs\ukom2\system\Common.php(1089): CodeIgniter\View\View->render('pesanan/order', Array, true)
#4 C:\xampp\htdocs\ukom2\app\Controllers\Order.php(28): view('pesanan/order', Array)
#5 C:\xampp\htdocs\ukom2\system\CodeIgniter.php(832): App\Controllers\Order->index()
#6 C:\xampp\htdocs\ukom2\system\CodeIgniter.php(419): CodeIgniter\CodeIgniter->runController(Object(App\Controllers\Order))
#7 C:\xampp\htdocs\ukom2\system\CodeIgniter.php(326): CodeIgniter\CodeIgniter->handleRequest(NULL, Object(Config\Cache), false)
#8 C:\xampp\htdocs\ukom2\public\index.php(37): CodeIgniter\CodeIgniter->run()
#9 C:\xampp\htdocs\ukom2\system\Commands\Server\rewrite.php(43): require_once('C:\\xampp\\htdocs...')
#10 {main}
CRITICAL - 2022-03-22 11:16:56 --> Undefined property: stdClass::$status_detail_order
#0 C:\xampp\htdocs\ukom2\app\Views\pesanan\order.php(30): CodeIgniter\Debug\Exceptions->errorHandler(2, 'Undefined prope...', 'C:\\xampp\\htdocs...', 30)
#1 C:\xampp\htdocs\ukom2\system\View\View.php(210): include('C:\\xampp\\htdocs...')
#2 C:\xampp\htdocs\ukom2\system\View\View.php(213): CodeIgniter\View\View->CodeIgniter\View\{closure}()
#3 C:\xampp\htdocs\ukom2\system\Common.php(1089): CodeIgniter\View\View->render('pesanan/order', Array, true)
#4 C:\xampp\htdocs\ukom2\app\Controllers\Order.php(28): view('pesanan/order', Array)
#5 C:\xampp\htdocs\ukom2\system\CodeIgniter.php(832): App\Controllers\Order->index()
#6 C:\xampp\htdocs\ukom2\system\CodeIgniter.php(419): CodeIgniter\CodeIgniter->runController(Object(App\Controllers\Order))
#7 C:\xampp\htdocs\ukom2\system\CodeIgniter.php(326): CodeIgniter\CodeIgniter->handleRequest(NULL, Object(Config\Cache), false)
#8 C:\xampp\htdocs\ukom2\public\index.php(37): CodeIgniter\CodeIgniter->run()
#9 C:\xampp\htdocs\ukom2\system\Commands\Server\rewrite.php(43): require_once('C:\\xampp\\htdocs...')
#10 {main}
CRITICAL - 2022-03-22 11:17:30 --> Undefined property: stdClass::$status_detail_order
#0 C:\xampp\htdocs\ukom2\app\Views\pesanan\order.php(30): CodeIgniter\Debug\Exceptions->errorHandler(2, 'Undefined prope...', 'C:\\xampp\\htdocs...', 30)
#1 C:\xampp\htdocs\ukom2\system\View\View.php(210): include('C:\\xampp\\htdocs...')
#2 C:\xampp\htdocs\ukom2\system\View\View.php(213): CodeIgniter\View\View->CodeIgniter\View\{closure}()
#3 C:\xampp\htdocs\ukom2\system\Common.php(1089): CodeIgniter\View\View->render('pesanan/order', Array, true)
#4 C:\xampp\htdocs\ukom2\app\Controllers\Order.php(28): view('pesanan/order', Array)
#5 C:\xampp\htdocs\ukom2\system\CodeIgniter.php(832): App\Controllers\Order->index()
#6 C:\xampp\htdocs\ukom2\system\CodeIgniter.php(419): CodeIgniter\CodeIgniter->runController(Object(App\Controllers\Order))
#7 C:\xampp\htdocs\ukom2\system\CodeIgniter.php(326): CodeIgniter\CodeIgniter->handleRequest(NULL, Object(Config\Cache), false)
#8 C:\xampp\htdocs\ukom2\public\index.php(37): CodeIgniter\CodeIgniter->run()
#9 C:\xampp\htdocs\ukom2\system\Commands\Server\rewrite.php(43): require_once('C:\\xampp\\htdocs...')
#10 {main}
CRITICAL - 2022-03-22 11:18:21 --> Undefined property: stdClass::$status_detail_order
#0 C:\xampp\htdocs\ukom2\app\Views\pesanan\order.php(37): CodeIgniter\Debug\Exceptions->errorHandler(2, 'Undefined prope...', 'C:\\xampp\\htdocs...', 37)
#1 C:\xampp\htdocs\ukom2\system\View\View.php(210): include('C:\\xampp\\htdocs...')
#2 C:\xampp\htdocs\ukom2\system\View\View.php(213): CodeIgniter\View\View->CodeIgniter\View\{closure}()
#3 C:\xampp\htdocs\ukom2\system\Common.php(1089): CodeIgniter\View\View->render('pesanan/order', Array, true)
#4 C:\xampp\htdocs\ukom2\app\Controllers\Order.php(28): view('pesanan/order', Array)
#5 C:\xampp\htdocs\ukom2\system\CodeIgniter.php(832): App\Controllers\Order->index()
#6 C:\xampp\htdocs\ukom2\system\CodeIgniter.php(419): CodeIgniter\CodeIgniter->runController(Object(App\Controllers\Order))
#7 C:\xampp\htdocs\ukom2\system\CodeIgniter.php(326): CodeIgniter\CodeIgniter->handleRequest(NULL, Object(Config\Cache), false)
#8 C:\xampp\htdocs\ukom2\public\index.php(37): CodeIgniter\CodeIgniter->run()
#9 C:\xampp\htdocs\ukom2\system\Commands\Server\rewrite.php(43): require_once('C:\\xampp\\htdocs...')
#10 {main}
CRITICAL - 2022-03-22 11:23:04 --> syntax error, unexpected token "}"
#0 C:\xampp\htdocs\ukom2\system\View\View.php(213): CodeIgniter\View\View->CodeIgniter\View\{closure}()
#1 C:\xampp\htdocs\ukom2\system\Common.php(1089): CodeIgniter\View\View->render('pesanan/order', Array, true)
#2 C:\xampp\htdocs\ukom2\app\Controllers\Order.php(28): view('pesanan/order', Array)
#3 C:\xampp\htdocs\ukom2\system\CodeIgniter.php(832): App\Controllers\Order->index()
#4 C:\xampp\htdocs\ukom2\system\CodeIgniter.php(419): CodeIgniter\CodeIgniter->runController(Object(App\Controllers\Order))
#5 C:\xampp\htdocs\ukom2\system\CodeIgniter.php(326): CodeIgniter\CodeIgniter->handleRequest(NULL, Object(Config\Cache), false)
#6 C:\xampp\htdocs\ukom2\public\index.php(37): CodeIgniter\CodeIgniter->run()
#7 C:\xampp\htdocs\ukom2\system\Commands\Server\rewrite.php(43): require_once('C:\\xampp\\htdocs...')
#8 {main}
ERROR - 2022-03-22 11:28:55 --> Column 'id_users' in where clause is ambiguous
CRITICAL - 2022-03-22 11:28:55 --> Column 'id_users' in where clause is ambiguous
#0 C:\xampp\htdocs\ukom2\system\Database\MySQLi\Connection.php(292): mysqli->query('SELECT *\nFROM `...', 0)
#1 C:\xampp\htdocs\ukom2\system\Database\BaseConnection.php(670): CodeIgniter\Database\MySQLi\Connection->execute('SELECT *\nFROM `...')
#2 C:\xampp\htdocs\ukom2\system\Database\BaseConnection.php(598): CodeIgniter\Database\BaseConnection->simpleQuery('SELECT *\nFROM `...')
#3 C:\xampp\htdocs\ukom2\system\Database\BaseBuilder.php(1455): CodeIgniter\Database\BaseConnection->query('SELECT *\nFROM `...', Array, false)
#4 C:\xampp\htdocs\ukom2\app\Models\CustomModel.php(61): CodeIgniter\Database\BaseBuilder->get()
#5 C:\xampp\htdocs\ukom2\app\Views\pesanan\order.php(44): App\Models\CustomModel->getOrderKasir()
#6 C:\xampp\htdocs\ukom2\system\View\View.php(210): include('C:\\xampp\\htdocs...')
#7 C:\xampp\htdocs\ukom2\system\View\View.php(213): CodeIgniter\View\View->CodeIgniter\View\{closure}()
#8 C:\xampp\htdocs\ukom2\system\Common.php(1089): CodeIgniter\View\View->render('pesanan/order', Array, true)
#9 C:\xampp\htdocs\ukom2\app\Controllers\Order.php(28): view('pesanan/order', Array)
#10 C:\xampp\htdocs\ukom2\system\CodeIgniter.php(832): App\Controllers\Order->index()
#11 C:\xampp\htdocs\ukom2\system\CodeIgniter.php(419): CodeIgniter\CodeIgniter->runController(Object(App\Controllers\Order))
#12 C:\xampp\htdocs\ukom2\system\CodeIgniter.php(326): CodeIgniter\CodeIgniter->handleRequest(NULL, Object(Config\Cache), false)
#13 C:\xampp\htdocs\ukom2\public\index.php(37): CodeIgniter\CodeIgniter->run()
#14 C:\xampp\htdocs\ukom2\system\Commands\Server\rewrite.php(43): require_once('C:\\xampp\\htdocs...')
#15 {main}
ERROR - 2022-03-22 11:33:42 --> Column 'id_users' in where clause is ambiguous
CRITICAL - 2022-03-22 11:33:42 --> Column 'id_users' in where clause is ambiguous
#0 C:\xampp\htdocs\ukom2\system\Database\MySQLi\Connection.php(292): mysqli->query('SELECT *\nFROM `...', 0)
#1 C:\xampp\htdocs\ukom2\system\Database\BaseConnection.php(670): CodeIgniter\Database\MySQLi\Connection->execute('SELECT *\nFROM `...')
#2 C:\xampp\htdocs\ukom2\system\Database\BaseConnection.php(598): CodeIgniter\Database\BaseConnection->simpleQuery('SELECT *\nFROM `...')
#3 C:\xampp\htdocs\ukom2\system\Database\BaseBuilder.php(1455): CodeIgniter\Database\BaseConnection->query('SELECT *\nFROM `...', Array, false)
#4 C:\xampp\htdocs\ukom2\app\Models\CustomModel.php(64): CodeIgniter\Database\BaseBuilder->get()
#5 C:\xampp\htdocs\ukom2\app\Views\pesanan\order.php(44): App\Models\CustomModel->getOrderKasir()
#6 C:\xampp\htdocs\ukom2\system\View\View.php(210): include('C:\\xampp\\htdocs...')
#7 C:\xampp\htdocs\ukom2\system\View\View.php(213): CodeIgniter\View\View->CodeIgniter\View\{closure}()
#8 C:\xampp\htdocs\ukom2\system\Common.php(1089): CodeIgniter\View\View->render('pesanan/order', Array, true)
#9 C:\xampp\htdocs\ukom2\app\Controllers\Order.php(28): view('pesanan/order', Array)
#10 C:\xampp\htdocs\ukom2\system\CodeIgniter.php(832): App\Controllers\Order->index()
#11 C:\xampp\htdocs\ukom2\system\CodeIgniter.php(419): CodeIgniter\CodeIgniter->runController(Object(App\Controllers\Order))
#12 C:\xampp\htdocs\ukom2\system\CodeIgniter.php(326): CodeIgniter\CodeIgniter->handleRequest(NULL, Object(Config\Cache), false)
#13 C:\xampp\htdocs\ukom2\public\index.php(37): CodeIgniter\CodeIgniter->run()
#14 C:\xampp\htdocs\ukom2\system\Commands\Server\rewrite.php(43): require_once('C:\\xampp\\htdocs...')
#15 {main}
CRITICAL - 2022-03-22 11:34:27 --> whereIn() expects $values to be of type array or closure
#0 C:\xampp\htdocs\ukom2\system\Database\BaseBuilder.php(731): CodeIgniter\Database\BaseBuilder->_whereIn('21', NULL, false, 'AND ', NULL)
#1 C:\xampp\htdocs\ukom2\app\Models\CustomModel.php(64): CodeIgniter\Database\BaseBuilder->whereIn('21')
#2 C:\xampp\htdocs\ukom2\app\Views\pesanan\order.php(44): App\Models\CustomModel->getOrderKasir()
#3 C:\xampp\htdocs\ukom2\system\View\View.php(210): include('C:\\xampp\\htdocs...')
#4 C:\xampp\htdocs\ukom2\system\View\View.php(213): CodeIgniter\View\View->CodeIgniter\View\{closure}()
#5 C:\xampp\htdocs\ukom2\system\Common.php(1089): CodeIgniter\View\View->render('pesanan/order', Array, true)
#6 C:\xampp\htdocs\ukom2\app\Controllers\Order.php(28): view('pesanan/order', Array)
#7 C:\xampp\htdocs\ukom2\system\CodeIgniter.php(832): App\Controllers\Order->index()
#8 C:\xampp\htdocs\ukom2\system\CodeIgniter.php(419): CodeIgniter\CodeIgniter->runController(Object(App\Controllers\Order))
#9 C:\xampp\htdocs\ukom2\system\CodeIgniter.php(326): CodeIgniter\CodeIgniter->handleRequest(NULL, Object(Config\Cache), false)
#10 C:\xampp\htdocs\ukom2\public\index.php(37): CodeIgniter\CodeIgniter->run()
#11 C:\xampp\htdocs\ukom2\system\Commands\Server\rewrite.php(43): require_once('C:\\xampp\\htdocs...')
#12 {main}
ERROR - 2022-03-22 11:35:08 --> Unknown column 'level' in 'where clause'
CRITICAL - 2022-03-22 11:35:08 --> Unknown column 'level' in 'where clause'
#0 C:\xampp\htdocs\ukom2\system\Database\MySQLi\Connection.php(292): mysqli->query('SELECT *\nFROM `...', 0)
#1 C:\xampp\htdocs\ukom2\system\Database\BaseConnection.php(670): CodeIgniter\Database\MySQLi\Connection->execute('SELECT *\nFROM `...')
#2 C:\xampp\htdocs\ukom2\system\Database\BaseConnection.php(598): CodeIgniter\Database\BaseConnection->simpleQuery('SELECT *\nFROM `...')
#3 C:\xampp\htdocs\ukom2\system\Database\BaseBuilder.php(1455): CodeIgniter\Database\BaseConnection->query('SELECT *\nFROM `...', Array, false)
#4 C:\xampp\htdocs\ukom2\app\Models\CustomModel.php(63): CodeIgniter\Database\BaseBuilder->get()
#5 C:\xampp\htdocs\ukom2\app\Views\pesanan\order.php(44): App\Models\CustomModel->getOrderKasir()
#6 C:\xampp\htdocs\ukom2\system\View\View.php(210): include('C:\\xampp\\htdocs...')
#7 C:\xampp\htdocs\ukom2\system\View\View.php(213): CodeIgniter\View\View->CodeIgniter\View\{closure}()
#8 C:\xampp\htdocs\ukom2\system\Common.php(1089): CodeIgniter\View\View->render('pesanan/order', Array, true)
#9 C:\xampp\htdocs\ukom2\app\Controllers\Order.php(28): view('pesanan/order', Array)
#10 C:\xampp\htdocs\ukom2\system\CodeIgniter.php(832): App\Controllers\Order->index()
#11 C:\xampp\htdocs\ukom2\system\CodeIgniter.php(419): CodeIgniter\CodeIgniter->runController(Object(App\Controllers\Order))
#12 C:\xampp\htdocs\ukom2\system\CodeIgniter.php(326): CodeIgniter\CodeIgniter->handleRequest(NULL, Object(Config\Cache), false)
#13 C:\xampp\htdocs\ukom2\public\index.php(37): CodeIgniter\CodeIgniter->run()
#14 C:\xampp\htdocs\ukom2\system\Commands\Server\rewrite.php(43): require_once('C:\\xampp\\htdocs...')
#15 {main}
ERROR - 2022-03-22 11:35:17 --> Column 'id_users' in where clause is ambiguous
CRITICAL - 2022-03-22 11:35:17 --> Column 'id_users' in where clause is ambiguous
#0 C:\xampp\htdocs\ukom2\system\Database\MySQLi\Connection.php(292): mysqli->query('SELECT *\nFROM `...', 0)
#1 C:\xampp\htdocs\ukom2\system\Database\BaseConnection.php(670): CodeIgniter\Database\MySQLi\Connection->execute('SELECT *\nFROM `...')
#2 C:\xampp\htdocs\ukom2\system\Database\BaseConnection.php(598): CodeIgniter\Database\BaseConnection->simpleQuery('SELECT *\nFROM `...')
#3 C:\xampp\htdocs\ukom2\system\Database\BaseBuilder.php(1455): CodeIgniter\Database\BaseConnection->query('SELECT *\nFROM `...', Array, false)
#4 C:\xampp\htdocs\ukom2\app\Models\CustomModel.php(64): CodeIgniter\Database\BaseBuilder->get()
#5 C:\xampp\htdocs\ukom2\app\Views\pesanan\order.php(44): App\Models\CustomModel->getOrderKasir()
#6 C:\xampp\htdocs\ukom2\system\View\View.php(210): include('C:\\xampp\\htdocs...')
#7 C:\xampp\htdocs\ukom2\system\View\View.php(213): CodeIgniter\View\View->CodeIgniter\View\{closure}()
#8 C:\xampp\htdocs\ukom2\system\Common.php(1089): CodeIgniter\View\View->render('pesanan/order', Array, true)
#9 C:\xampp\htdocs\ukom2\app\Controllers\Order.php(28): view('pesanan/order', Array)
#10 C:\xampp\htdocs\ukom2\system\CodeIgniter.php(832): App\Controllers\Order->index()
#11 C:\xampp\htdocs\ukom2\system\CodeIgniter.php(419): CodeIgniter\CodeIgniter->runController(Object(App\Controllers\Order))
#12 C:\xampp\htdocs\ukom2\system\CodeIgniter.php(326): CodeIgniter\CodeIgniter->handleRequest(NULL, Object(Config\Cache), false)
#13 C:\xampp\htdocs\ukom2\public\index.php(37): CodeIgniter\CodeIgniter->run()
#14 C:\xampp\htdocs\ukom2\system\Commands\Server\rewrite.php(43): require_once('C:\\xampp\\htdocs...')
#15 {main}
CRITICAL - 2022-03-22 19:34:58 --> strpos(): Passing null to parameter #1 ($haystack) of type string is deprecated
#0 [internal function]: CodeIgniter\Debug\Exceptions->errorHandler(8192, 'strpos(): Passi...', 'C:\\xampp\\htdocs...', 413)
#1 C:\xampp\htdocs\ukom2\system\Debug\Toolbar.php(413): strpos(NULL, '<head>')
#2 C:\xampp\htdocs\ukom2\system\Filters\DebugToolbar.php(40): CodeIgniter\Debug\Toolbar->prepare(Object(CodeIgniter\HTTP\IncomingRequest), Object(CodeIgniter\HTTP\RedirectResponse))
#3 C:\xampp\htdocs\ukom2\system\Filters\Filters.php(196): CodeIgniter\Filters\DebugToolbar->after(Object(CodeIgniter\HTTP\IncomingRequest), Object(CodeIgniter\HTTP\RedirectResponse), NULL)
#4 C:\xampp\htdocs\ukom2\system\CodeIgniter.php(436): CodeIgniter\Filters\Filters->run('dashboard', 'after')
#5 C:\xampp\htdocs\ukom2\system\CodeIgniter.php(326): CodeIgniter\CodeIgniter->handleRequest(NULL, Object(Config\Cache), false)
#6 C:\xampp\htdocs\ukom2\public\index.php(37): CodeIgniter\CodeIgniter->run()
#7 C:\xampp\htdocs\ukom2\system\Commands\Server\rewrite.php(43): require_once('C:\\xampp\\htdocs...')
#8 {main}
CRITICAL - 2022-03-22 19:36:18 --> strpos(): Passing null to parameter #1 ($haystack) of type string is deprecated
#0 [internal function]: CodeIgniter\Debug\Exceptions->errorHandler(8192, 'strpos(): Passi...', 'C:\\xampp\\htdocs...', 413)
#1 C:\xampp\htdocs\ukom2\system\Debug\Toolbar.php(413): strpos(NULL, '<head>')
#2 C:\xampp\htdocs\ukom2\system\Filters\DebugToolbar.php(40): CodeIgniter\Debug\Toolbar->prepare(Object(CodeIgniter\HTTP\IncomingRequest), Object(CodeIgniter\HTTP\RedirectResponse))
#3 C:\xampp\htdocs\ukom2\system\Filters\Filters.php(196): CodeIgniter\Filters\DebugToolbar->after(Object(CodeIgniter\HTTP\IncomingRequest), Object(CodeIgniter\HTTP\RedirectResponse), NULL)
#4 C:\xampp\htdocs\ukom2\system\CodeIgniter.php(436): CodeIgniter\Filters\Filters->run('dashboard', 'after')
#5 C:\xampp\htdocs\ukom2\system\CodeIgniter.php(326): CodeIgniter\CodeIgniter->handleRequest(NULL, Object(Config\Cache), false)
#6 C:\xampp\htdocs\ukom2\public\index.php(37): CodeIgniter\CodeIgniter->run()
#7 C:\xampp\htdocs\ukom2\system\Commands\Server\rewrite.php(43): require_once('C:\\xampp\\htdocs...')
#8 {main}
CRITICAL - 2022-03-22 19:36:30 --> Unclosed '{' on line 10
#0 C:\xampp\htdocs\ukom2\system\Autoloader\Autoloader.php(241): CodeIgniter\Autoloader\Autoloader->includeFile('C:\\xampp\\htdocs...')
#1 C:\xampp\htdocs\ukom2\system\Autoloader\Autoloader.php(219): CodeIgniter\Autoloader\Autoloader->loadInNamespace('App\\Filters\\Aut...')
#2 C:\xampp\htdocs\ukom2\system\Filters\Filters.php(166): CodeIgniter\Autoloader\Autoloader->loadClass('App\\Filters\\Aut...')
#3 C:\xampp\htdocs\ukom2\system\CodeIgniter.php(393): CodeIgniter\Filters\Filters->run('dashboard', 'before')
#4 C:\xampp\htdocs\ukom2\system\CodeIgniter.php(326): CodeIgniter\CodeIgniter->handleRequest(NULL, Object(Config\Cache), false)
#5 C:\xampp\htdocs\ukom2\public\index.php(37): CodeIgniter\CodeIgniter->run()
#6 C:\xampp\htdocs\ukom2\system\Commands\Server\rewrite.php(43): require_once('C:\\xampp\\htdocs...')
#7 {main}
CRITICAL - 2022-03-22 19:43:07 --> strpos(): Passing null to parameter #1 ($haystack) of type string is deprecated
#0 [internal function]: CodeIgniter\Debug\Exceptions->errorHandler(8192, 'strpos(): Passi...', 'C:\\xampp\\htdocs...', 413)
#1 C:\xampp\htdocs\ukom2\system\Debug\Toolbar.php(413): strpos(NULL, '<head>')
#2 C:\xampp\htdocs\ukom2\system\Filters\DebugToolbar.php(40): CodeIgniter\Debug\Toolbar->prepare(Object(CodeIgniter\HTTP\IncomingRequest), Object(CodeIgniter\HTTP\RedirectResponse))
#3 C:\xampp\htdocs\ukom2\system\Filters\Filters.php(196): CodeIgniter\Filters\DebugToolbar->after(Object(CodeIgniter\HTTP\IncomingRequest), Object(CodeIgniter\HTTP\RedirectResponse), NULL)
#4 C:\xampp\htdocs\ukom2\system\CodeIgniter.php(436): CodeIgniter\Filters\Filters->run('masakan', 'after')
#5 C:\xampp\htdocs\ukom2\system\CodeIgniter.php(326): CodeIgniter\CodeIgniter->handleRequest(NULL, Object(Config\Cache), false)
#6 C:\xampp\htdocs\ukom2\public\index.php(37): CodeIgniter\CodeIgniter->run()
#7 C:\xampp\htdocs\ukom2\system\Commands\Server\rewrite.php(43): require_once('C:\\xampp\\htdocs...')
#8 {main}
CRITICAL - 2022-03-22 21:27:00 --> Constant expression contains invalid operations
#0 [internal function]: CodeIgniter\Debug\Exceptions->shutdownHandler()
#1 {main}
CRITICAL - 2022-03-22 21:27:15 --> Constant expression contains invalid operations
#0 [internal function]: CodeIgniter\Debug\Exceptions->shutdownHandler()
#1 {main}
CRITICAL - 2022-03-22 21:27:33 --> Constant expression contains invalid operations
#0 [internal function]: CodeIgniter\Debug\Exceptions->shutdownHandler()
#1 {main}
CRITICAL - 2022-03-22 21:32:57 --> syntax error, unexpected token "}", expecting ";"
#0 C:\xampp\htdocs\ukom2\system\Autoloader\Autoloader.php(241): CodeIgniter\Autoloader\Autoloader->includeFile('C:\\xampp\\htdocs...')
#1 C:\xampp\htdocs\ukom2\system\Autoloader\Autoloader.php(219): CodeIgniter\Autoloader\Autoloader->loadInNamespace('App\\Filters\\Adm...')
#2 C:\xampp\htdocs\ukom2\system\Filters\Filters.php(166): CodeIgniter\Autoloader\Autoloader->loadClass('App\\Filters\\Adm...')
#3 C:\xampp\htdocs\ukom2\system\CodeIgniter.php(393): CodeIgniter\Filters\Filters->run('masakan', 'before')
#4 C:\xampp\htdocs\ukom2\system\CodeIgniter.php(326): CodeIgniter\CodeIgniter->handleRequest(NULL, Object(Config\Cache), false)
#5 C:\xampp\htdocs\ukom2\public\index.php(37): CodeIgniter\CodeIgniter->run()
#6 C:\xampp\htdocs\ukom2\system\Commands\Server\rewrite.php(43): require_once('C:\\xampp\\htdocs...')
#7 {main}
CRITICAL - 2022-03-22 21:44:35 --> strpos(): Passing null to parameter #1 ($haystack) of type string is deprecated
#0 [internal function]: CodeIgniter\Debug\Exceptions->errorHandler(8192, 'strpos(): Passi...', 'C:\\xampp\\htdocs...', 413)
#1 C:\xampp\htdocs\ukom2\system\Debug\Toolbar.php(413): strpos(NULL, '<head>')
#2 C:\xampp\htdocs\ukom2\system\Filters\DebugToolbar.php(40): CodeIgniter\Debug\Toolbar->prepare(Object(CodeIgniter\HTTP\IncomingRequest), Object(CodeIgniter\HTTP\RedirectResponse))
#3 C:\xampp\htdocs\ukom2\system\Filters\Filters.php(196): CodeIgniter\Filters\DebugToolbar->after(Object(CodeIgniter\HTTP\IncomingRequest), Object(CodeIgniter\HTTP\RedirectResponse), NULL)
#4 C:\xampp\htdocs\ukom2\system\CodeIgniter.php(436): CodeIgniter\Filters\Filters->run('pesanan', 'after')
#5 C:\xampp\htdocs\ukom2\system\CodeIgniter.php(326): CodeIgniter\CodeIgniter->handleRequest(NULL, Object(Config\Cache), false)
#6 C:\xampp\htdocs\ukom2\public\index.php(37): CodeIgniter\CodeIgniter->run()
#7 C:\xampp\htdocs\ukom2\system\Commands\Server\rewrite.php(43): require_once('C:\\xampp\\htdocs...')
#8 {main}
CRITICAL - 2022-03-22 21:46:30 --> strpos(): Passing null to parameter #1 ($haystack) of type string is deprecated
#0 [internal function]: CodeIgniter\Debug\Exceptions->errorHandler(8192, 'strpos(): Passi...', 'C:\\xampp\\htdocs...', 413)
#1 C:\xampp\htdocs\ukom2\system\Debug\Toolbar.php(413): strpos(NULL, '<head>')
#2 C:\xampp\htdocs\ukom2\system\Filters\DebugToolbar.php(40): CodeIgniter\Debug\Toolbar->prepare(Object(CodeIgniter\HTTP\IncomingRequest), Object(CodeIgniter\HTTP\RedirectResponse))
#3 C:\xampp\htdocs\ukom2\system\Filters\Filters.php(196): CodeIgniter\Filters\DebugToolbar->after(Object(CodeIgniter\HTTP\IncomingRequest), Object(CodeIgniter\HTTP\RedirectResponse), NULL)
#4 C:\xampp\htdocs\ukom2\system\CodeIgniter.php(436): CodeIgniter\Filters\Filters->run('masakan', 'after')
#5 C:\xampp\htdocs\ukom2\system\CodeIgniter.php(326): CodeIgniter\CodeIgniter->handleRequest(NULL, Object(Config\Cache), false)
#6 C:\xampp\htdocs\ukom2\public\index.php(37): CodeIgniter\CodeIgniter->run()
#7 C:\xampp\htdocs\ukom2\system\Commands\Server\rewrite.php(43): require_once('C:\\xampp\\htdocs...')
#8 {main}
CRITICAL - 2022-03-22 21:47:07 --> strpos(): Passing null to parameter #1 ($haystack) of type string is deprecated
#0 [internal function]: CodeIgniter\Debug\Exceptions->errorHandler(8192, 'strpos(): Passi...', 'C:\\xampp\\htdocs...', 413)
#1 C:\xampp\htdocs\ukom2\system\Debug\Toolbar.php(413): strpos(NULL, '<head>')
#2 C:\xampp\htdocs\ukom2\system\Filters\DebugToolbar.php(40): CodeIgniter\Debug\Toolbar->prepare(Object(CodeIgniter\HTTP\IncomingRequest), Object(CodeIgniter\HTTP\RedirectResponse))
#3 C:\xampp\htdocs\ukom2\system\Filters\Filters.php(196): CodeIgniter\Filters\DebugToolbar->after(Object(CodeIgniter\HTTP\IncomingRequest), Object(CodeIgniter\HTTP\RedirectResponse), NULL)
#4 C:\xampp\htdocs\ukom2\system\CodeIgniter.php(436): CodeIgniter\Filters\Filters->run('pesanan', 'after')
#5 C:\xampp\htdocs\ukom2\system\CodeIgniter.php(326): CodeIgniter\CodeIgniter->handleRequest(NULL, Object(Config\Cache), false)
#6 C:\xampp\htdocs\ukom2\public\index.php(37): CodeIgniter\CodeIgniter->run()
#7 C:\xampp\htdocs\ukom2\system\Commands\Server\rewrite.php(43): require_once('C:\\xampp\\htdocs...')
#8 {main}
CRITICAL - 2022-03-22 21:49:21 --> strpos(): Passing null to parameter #1 ($haystack) of type string is deprecated
#0 [internal function]: CodeIgniter\Debug\Exceptions->errorHandler(8192, 'strpos(): Passi...', 'C:\\xampp\\htdocs...', 413)
#1 C:\xampp\htdocs\ukom2\system\Debug\Toolbar.php(413): strpos(NULL, '<head>')
#2 C:\xampp\htdocs\ukom2\system\Filters\DebugToolbar.php(40): CodeIgniter\Debug\Toolbar->prepare(Object(CodeIgniter\HTTP\IncomingRequest), Object(CodeIgniter\HTTP\RedirectResponse))
#3 C:\xampp\htdocs\ukom2\system\Filters\Filters.php(196): CodeIgniter\Filters\DebugToolbar->after(Object(CodeIgniter\HTTP\IncomingRequest), Object(CodeIgniter\HTTP\RedirectResponse), NULL)
#4 C:\xampp\htdocs\ukom2\system\CodeIgniter.php(436): CodeIgniter\Filters\Filters->run('dashboard', 'after')
#5 C:\xampp\htdocs\ukom2\system\CodeIgniter.php(326): CodeIgniter\CodeIgniter->handleRequest(NULL, Object(Config\Cache), false)
#6 C:\xampp\htdocs\ukom2\public\index.php(37): CodeIgniter\CodeIgniter->run()
#7 C:\xampp\htdocs\ukom2\system\Commands\Server\rewrite.php(43): require_once('C:\\xampp\\htdocs...')
#8 {main}
CRITICAL - 2022-03-22 22:32:15 --> syntax error, unexpected token "elseif", expecting end of file
#0 C:\xampp\htdocs\ukom2\system\View\View.php(213): CodeIgniter\View\View->CodeIgniter\View\{closure}()
#1 C:\xampp\htdocs\ukom2\system\Common.php(1089): CodeIgniter\View\View->render('transaksi/trans...', Array, true)
#2 C:\xampp\htdocs\ukom2\app\Controllers\Transaksi.php(22): view('transaksi/trans...', Array)
#3 C:\xampp\htdocs\ukom2\system\CodeIgniter.php(832): App\Controllers\Transaksi->index()
#4 C:\xampp\htdocs\ukom2\system\CodeIgniter.php(419): CodeIgniter\CodeIgniter->runController(Object(App\Controllers\Transaksi))
#5 C:\xampp\htdocs\ukom2\system\CodeIgniter.php(326): CodeIgniter\CodeIgniter->handleRequest(NULL, Object(Config\Cache), false)
#6 C:\xampp\htdocs\ukom2\public\index.php(37): CodeIgniter\CodeIgniter->run()
#7 C:\xampp\htdocs\ukom2\system\Commands\Server\rewrite.php(43): require_once('C:\\xampp\\htdocs...')
#8 {main}
CRITICAL - 2022-03-22 22:33:02 --> syntax error, unexpected token "elseif", expecting end of file
#0 C:\xampp\htdocs\ukom2\system\View\View.php(213): CodeIgniter\View\View->CodeIgniter\View\{closure}()
#1 C:\xampp\htdocs\ukom2\system\Common.php(1089): CodeIgniter\View\View->render('transaksi/trans...', Array, true)
#2 C:\xampp\htdocs\ukom2\app\Controllers\Transaksi.php(22): view('transaksi/trans...', Array)
#3 C:\xampp\htdocs\ukom2\system\CodeIgniter.php(832): App\Controllers\Transaksi->index()
#4 C:\xampp\htdocs\ukom2\system\CodeIgniter.php(419): CodeIgniter\CodeIgniter->runController(Object(App\Controllers\Transaksi))
#5 C:\xampp\htdocs\ukom2\system\CodeIgniter.php(326): CodeIgniter\CodeIgniter->handleRequest(NULL, Object(Config\Cache), false)
#6 C:\xampp\htdocs\ukom2\public\index.php(37): CodeIgniter\CodeIgniter->run()
#7 C:\xampp\htdocs\ukom2\system\Commands\Server\rewrite.php(43): require_once('C:\\xampp\\htdocs...')
#8 {main}
CRITICAL - 2022-03-22 23:13:58 --> Cannot redeclare App\Models\CustomModel::getTransaksi()
#0 [internal function]: CodeIgniter\Debug\Exceptions->shutdownHandler()
#1 {main}
CRITICAL - 2022-03-22 23:14:38 --> syntax error, unexpected token "elseif", expecting end of file
#0 C:\xampp\htdocs\ukom2\system\View\View.php(213): CodeIgniter\View\View->CodeIgniter\View\{closure}()
#1 C:\xampp\htdocs\ukom2\system\Common.php(1089): CodeIgniter\View\View->render('transaksi/trans...', Array, true)
#2 C:\xampp\htdocs\ukom2\app\Controllers\Transaksi.php(22): view('transaksi/trans...', Array)
#3 C:\xampp\htdocs\ukom2\system\CodeIgniter.php(832): App\Controllers\Transaksi->index()
#4 C:\xampp\htdocs\ukom2\system\CodeIgniter.php(419): CodeIgniter\CodeIgniter->runController(Object(App\Controllers\Transaksi))
#5 C:\xampp\htdocs\ukom2\system\CodeIgniter.php(326): CodeIgniter\CodeIgniter->handleRequest(NULL, Object(Config\Cache), false)
#6 C:\xampp\htdocs\ukom2\public\index.php(37): CodeIgniter\CodeIgniter->run()
#7 C:\xampp\htdocs\ukom2\system\Commands\Server\rewrite.php(43): require_once('C:\\xampp\\htdocs...')
#8 {main}
ERROR - 2022-03-22 23:18:34 --> Column 'id_users' in where clause is ambiguous
CRITICAL - 2022-03-22 23:18:34 --> Column 'id_users' in where clause is ambiguous
#0 C:\xampp\htdocs\ukom2\system\Database\MySQLi\Connection.php(292): mysqli->query('SELECT *\nFROM `...', 0)
#1 C:\xampp\htdocs\ukom2\system\Database\BaseConnection.php(670): CodeIgniter\Database\MySQLi\Connection->execute('SELECT *\nFROM `...')
#2 C:\xampp\htdocs\ukom2\system\Database\BaseConnection.php(598): CodeIgniter\Database\BaseConnection->simpleQuery('SELECT *\nFROM `...')
#3 C:\xampp\htdocs\ukom2\system\Database\BaseBuilder.php(1455): CodeIgniter\Database\BaseConnection->query('SELECT *\nFROM `...', Array, false)
#4 C:\xampp\htdocs\ukom2\app\Models\CustomModel.php(90): CodeIgniter\Database\BaseBuilder->get()
#5 C:\xampp\htdocs\ukom2\app\Views\transaksi\transaksi.php(44): App\Models\CustomModel->getTransaksiK()
#6 C:\xampp\htdocs\ukom2\system\View\View.php(210): include('C:\\xampp\\htdocs...')
#7 C:\xampp\htdocs\ukom2\system\View\View.php(213): CodeIgniter\View\View->CodeIgniter\View\{closure}()
#8 C:\xampp\htdocs\ukom2\system\Common.php(1089): CodeIgniter\View\View->render('transaksi/trans...', Array, true)
#9 C:\xampp\htdocs\ukom2\app\Controllers\Transaksi.php(22): view('transaksi/trans...', Array)
#10 C:\xampp\htdocs\ukom2\system\CodeIgniter.php(832): App\Controllers\Transaksi->index()
#11 C:\xampp\htdocs\ukom2\system\CodeIgniter.php(419): CodeIgniter\CodeIgniter->runController(Object(App\Controllers\Transaksi))
#12 C:\xampp\htdocs\ukom2\system\CodeIgniter.php(326): CodeIgniter\CodeIgniter->handleRequest(NULL, Object(Config\Cache), false)
#13 C:\xampp\htdocs\ukom2\public\index.php(37): CodeIgniter\CodeIgniter->run()
#14 C:\xampp\htdocs\ukom2\system\Commands\Server\rewrite.php(43): require_once('C:\\xampp\\htdocs...')
#15 {main}
ERROR - 2022-03-22 23:20:42 --> Column 'id_users' in where clause is ambiguous
CRITICAL - 2022-03-22 23:20:42 --> Column 'id_users' in where clause is ambiguous
#0 C:\xampp\htdocs\ukom2\system\Database\MySQLi\Connection.php(292): mysqli->query('SELECT *\nFROM `...', 0)
#1 C:\xampp\htdocs\ukom2\system\Database\BaseConnection.php(670): CodeIgniter\Database\MySQLi\Connection->execute('SELECT *\nFROM `...')
#2 C:\xampp\htdocs\ukom2\system\Database\BaseConnection.php(598): CodeIgniter\Database\BaseConnection->simpleQuery('SELECT *\nFROM `...')
#3 C:\xampp\htdocs\ukom2\system\Database\BaseBuilder.php(1455): CodeIgniter\Database\BaseConnection->query('SELECT *\nFROM `...', Array, false)
#4 C:\xampp\htdocs\ukom2\app\Models\CustomModel.php(89): CodeIgniter\Database\BaseBuilder->get()
#5 C:\xampp\htdocs\ukom2\app\Views\transaksi\transaksi.php(43): App\Models\CustomModel->getTransaksiK()
#6 C:\xampp\htdocs\ukom2\system\View\View.php(210): include('C:\\xampp\\htdocs...')
#7 C:\xampp\htdocs\ukom2\system\View\View.php(213): CodeIgniter\View\View->CodeIgniter\View\{closure}()
#8 C:\xampp\htdocs\ukom2\system\Common.php(1089): CodeIgniter\View\View->render('transaksi/trans...', Array, true)
#9 C:\xampp\htdocs\ukom2\app\Controllers\Transaksi.php(22): view('transaksi/trans...', Array)
#10 C:\xampp\htdocs\ukom2\system\CodeIgniter.php(832): App\Controllers\Transaksi->index()
#11 C:\xampp\htdocs\ukom2\system\CodeIgniter.php(419): CodeIgniter\CodeIgniter->runController(Object(App\Controllers\Transaksi))
#12 C:\xampp\htdocs\ukom2\system\CodeIgniter.php(326): CodeIgniter\CodeIgniter->handleRequest(NULL, Object(Config\Cache), false)
#13 C:\xampp\htdocs\ukom2\public\index.php(37): CodeIgniter\CodeIgniter->run()
#14 C:\xampp\htdocs\ukom2\system\Commands\Server\rewrite.php(43): require_once('C:\\xampp\\htdocs...')
#15 {main}
ERROR - 2022-03-22 23:21:07 --> Column 'id_users' in where clause is ambiguous
CRITICAL - 2022-03-22 23:21:07 --> Column 'id_users' in where clause is ambiguous
#0 C:\xampp\htdocs\ukom2\system\Database\MySQLi\Connection.php(292): mysqli->query('SELECT *\nFROM `...', 0)
#1 C:\xampp\htdocs\ukom2\system\Database\BaseConnection.php(670): CodeIgniter\Database\MySQLi\Connection->execute('SELECT *\nFROM `...')
#2 C:\xampp\htdocs\ukom2\system\Database\BaseConnection.php(598): CodeIgniter\Database\BaseConnection->simpleQuery('SELECT *\nFROM `...')
#3 C:\xampp\htdocs\ukom2\system\Database\BaseBuilder.php(1455): CodeIgniter\Database\BaseConnection->query('SELECT *\nFROM `...', Array, false)
#4 C:\xampp\htdocs\ukom2\app\Models\CustomModel.php(89): CodeIgniter\Database\BaseBuilder->get()
#5 C:\xampp\htdocs\ukom2\app\Views\transaksi\transaksi.php(43): App\Models\CustomModel->getTransaksiK()
#6 C:\xampp\htdocs\ukom2\system\View\View.php(210): include('C:\\xampp\\htdocs...')
#7 C:\xampp\htdocs\ukom2\system\View\View.php(213): CodeIgniter\View\View->CodeIgniter\View\{closure}()
#8 C:\xampp\htdocs\ukom2\system\Common.php(1089): CodeIgniter\View\View->render('transaksi/trans...', Array, true)
#9 C:\xampp\htdocs\ukom2\app\Controllers\Transaksi.php(22): view('transaksi/trans...', Array)
#10 C:\xampp\htdocs\ukom2\system\CodeIgniter.php(832): App\Controllers\Transaksi->index()
#11 C:\xampp\htdocs\ukom2\system\CodeIgniter.php(419): CodeIgniter\CodeIgniter->runController(Object(App\Controllers\Transaksi))
#12 C:\xampp\htdocs\ukom2\system\CodeIgniter.php(326): CodeIgniter\CodeIgniter->handleRequest(NULL, Object(Config\Cache), false)
#13 C:\xampp\htdocs\ukom2\public\index.php(37): CodeIgniter\CodeIgniter->run()
#14 C:\xampp\htdocs\ukom2\system\Commands\Server\rewrite.php(43): require_once('C:\\xampp\\htdocs...')
#15 {main}
CRITICAL - 2022-03-22 23:22:04 --> Undefined property: stdClass::$nama_users
#0 C:\xampp\htdocs\ukom2\app\Views\transaksi\transaksi.php(46): CodeIgniter\Debug\Exceptions->errorHandler(2, 'Undefined prope...', 'C:\\xampp\\htdocs...', 46)
#1 C:\xampp\htdocs\ukom2\system\View\View.php(210): include('C:\\xampp\\htdocs...')
#2 C:\xampp\htdocs\ukom2\system\View\View.php(213): CodeIgniter\View\View->CodeIgniter\View\{closure}()
#3 C:\xampp\htdocs\ukom2\system\Common.php(1089): CodeIgniter\View\View->render('transaksi/trans...', Array, true)
#4 C:\xampp\htdocs\ukom2\app\Controllers\Transaksi.php(22): view('transaksi/trans...', Array)
#5 C:\xampp\htdocs\ukom2\system\CodeIgniter.php(832): App\Controllers\Transaksi->index()
#6 C:\xampp\htdocs\ukom2\system\CodeIgniter.php(419): CodeIgniter\CodeIgniter->runController(Object(App\Controllers\Transaksi))
#7 C:\xampp\htdocs\ukom2\system\CodeIgniter.php(326): CodeIgniter\CodeIgniter->handleRequest(NULL, Object(Config\Cache), false)
#8 C:\xampp\htdocs\ukom2\public\index.php(37): CodeIgniter\CodeIgniter->run()
#9 C:\xampp\htdocs\ukom2\system\Commands\Server\rewrite.php(43): require_once('C:\\xampp\\htdocs...')
#10 {main}
