CRITICAL - 2022-03-29 00:19:07 --> Can't use function return value in write context
#0 [internal function]: CodeIgniter\Debug\Exceptions->shutdownHandler()
#1 {main}
CRITICAL - 2022-03-29 00:21:26 --> Undefined array key 0
#0 C:\xampp\htdocs\ukom2\app\Filters\Auth.php(51): CodeIgniter\Debug\Exceptions->errorHandler(2, 'Undefined array...', 'C:\\xampp\\htdocs...', 51)
#1 C:\xampp\htdocs\ukom2\system\Filters\Filters.php(196): App\Filters\Auth->after(Object(CodeIgniter\HTTP\IncomingRequest), Object(CodeIgniter\HTTP\Response), NULL)
#2 C:\xampp\htdocs\ukom2\system\CodeIgniter.php(436): CodeIgniter\Filters\Filters->run('dashboard', 'after')
#3 C:\xampp\htdocs\ukom2\system\CodeIgniter.php(326): CodeIgniter\CodeIgniter->handleRequest(NULL, Object(Config\Cache), false)
#4 C:\xampp\htdocs\ukom2\public\index.php(37): CodeIgniter\CodeIgniter->run()
#5 C:\xampp\htdocs\ukom2\system\Commands\Server\rewrite.php(43): require_once('C:\\xampp\\htdocs...')
#6 {main}
CRITICAL - 2022-03-29 00:21:33 --> Cannot use [] for reading
#0 C:\xampp\htdocs\ukom2\system\Filters\Filters.php(196): App\Filters\Auth->after(Object(CodeIgniter\HTTP\IncomingRequest), Object(CodeIgniter\HTTP\Response), NULL)
#1 C:\xampp\htdocs\ukom2\system\CodeIgniter.php(436): CodeIgniter\Filters\Filters->run('dashboard', 'after')
#2 C:\xampp\htdocs\ukom2\system\CodeIgniter.php(326): CodeIgniter\CodeIgniter->handleRequest(NULL, Object(Config\Cache), false)
#3 C:\xampp\htdocs\ukom2\public\index.php(37): CodeIgniter\CodeIgniter->run()
#4 C:\xampp\htdocs\ukom2\system\Commands\Server\rewrite.php(43): require_once('C:\\xampp\\htdocs...')
#5 {main}
CRITICAL - 2022-03-29 00:44:07 --> strpos(): Passing null to parameter #1 ($haystack) of type string is deprecated
#0 [internal function]: CodeIgniter\Debug\Exceptions->errorHandler(8192, 'strpos(): Passi...', 'C:\\xampp\\htdocs...', 413)
#1 C:\xampp\htdocs\ukom2\system\Debug\Toolbar.php(413): strpos(NULL, '<head>')
#2 C:\xampp\htdocs\ukom2\system\Filters\DebugToolbar.php(40): CodeIgniter\Debug\Toolbar->prepare(Object(CodeIgniter\HTTP\IncomingRequest), Object(CodeIgniter\HTTP\RedirectResponse))
#3 C:\xampp\htdocs\ukom2\system\Filters\Filters.php(196): CodeIgniter\Filters\DebugToolbar->after(Object(CodeIgniter\HTTP\IncomingRequest), Object(CodeIgniter\HTTP\RedirectResponse), NULL)
#4 C:\xampp\htdocs\ukom2\system\CodeIgniter.php(436): CodeIgniter\Filters\Filters->run('dashboard', 'after')
#5 C:\xampp\htdocs\ukom2\system\CodeIgniter.php(326): CodeIgniter\CodeIgniter->handleRequest(NULL, Object(Config\Cache), false)
#6 C:\xampp\htdocs\ukom2\public\index.php(37): CodeIgniter\CodeIgniter->run()
#7 C:\xampp\htdocs\ukom2\system\Commands\Server\rewrite.php(43): require_once('C:\\xampp\\htdocs...')
#8 {main}
CRITICAL - 2022-03-29 00:45:19 --> strpos(): Passing null to parameter #1 ($haystack) of type string is deprecated
#0 [internal function]: CodeIgniter\Debug\Exceptions->errorHandler(8192, 'strpos(): Passi...', 'C:\\xampp\\htdocs...', 413)
#1 C:\xampp\htdocs\ukom2\system\Debug\Toolbar.php(413): strpos(NULL, '<head>')
#2 C:\xampp\htdocs\ukom2\system\Filters\DebugToolbar.php(40): CodeIgniter\Debug\Toolbar->prepare(Object(CodeIgniter\HTTP\IncomingRequest), Object(CodeIgniter\HTTP\RedirectResponse))
#3 C:\xampp\htdocs\ukom2\system\Filters\Filters.php(196): CodeIgniter\Filters\DebugToolbar->after(Object(CodeIgniter\HTTP\IncomingRequest), Object(CodeIgniter\HTTP\RedirectResponse), NULL)
#4 C:\xampp\htdocs\ukom2\system\CodeIgniter.php(436): CodeIgniter\Filters\Filters->run('dashboard', 'after')
#5 C:\xampp\htdocs\ukom2\system\CodeIgniter.php(326): CodeIgniter\CodeIgniter->handleRequest(NULL, Object(Config\Cache), false)
#6 C:\xampp\htdocs\ukom2\public\index.php(37): CodeIgniter\CodeIgniter->run()
#7 C:\xampp\htdocs\ukom2\system\Commands\Server\rewrite.php(43): require_once('C:\\xampp\\htdocs...')
#8 {main}
CRITICAL - 2022-03-29 00:46:36 --> strpos(): Passing null to parameter #1 ($haystack) of type string is deprecated
#0 [internal function]: CodeIgniter\Debug\Exceptions->errorHandler(8192, 'strpos(): Passi...', 'C:\\xampp\\htdocs...', 413)
#1 C:\xampp\htdocs\ukom2\system\Debug\Toolbar.php(413): strpos(NULL, '<head>')
#2 C:\xampp\htdocs\ukom2\system\Filters\DebugToolbar.php(40): CodeIgniter\Debug\Toolbar->prepare(Object(CodeIgniter\HTTP\IncomingRequest), Object(CodeIgniter\HTTP\RedirectResponse))
#3 C:\xampp\htdocs\ukom2\system\Filters\Filters.php(196): CodeIgniter\Filters\DebugToolbar->after(Object(CodeIgniter\HTTP\IncomingRequest), Object(CodeIgniter\HTTP\RedirectResponse), NULL)
#4 C:\xampp\htdocs\ukom2\system\CodeIgniter.php(436): CodeIgniter\Filters\Filters->run('dashboard', 'after')
#5 C:\xampp\htdocs\ukom2\system\CodeIgniter.php(326): CodeIgniter\CodeIgniter->handleRequest(NULL, Object(Config\Cache), false)
#6 C:\xampp\htdocs\ukom2\public\index.php(37): CodeIgniter\CodeIgniter->run()
#7 C:\xampp\htdocs\ukom2\system\Commands\Server\rewrite.php(43): require_once('C:\\xampp\\htdocs...')
#8 {main}
CRITICAL - 2022-03-29 00:47:18 --> strpos(): Passing null to parameter #1 ($haystack) of type string is deprecated
#0 [internal function]: CodeIgniter\Debug\Exceptions->errorHandler(8192, 'strpos(): Passi...', 'C:\\xampp\\htdocs...', 413)
#1 C:\xampp\htdocs\ukom2\system\Debug\Toolbar.php(413): strpos(NULL, '<head>')
#2 C:\xampp\htdocs\ukom2\system\Filters\DebugToolbar.php(40): CodeIgniter\Debug\Toolbar->prepare(Object(CodeIgniter\HTTP\IncomingRequest), Object(CodeIgniter\HTTP\RedirectResponse))
#3 C:\xampp\htdocs\ukom2\system\Filters\Filters.php(196): CodeIgniter\Filters\DebugToolbar->after(Object(CodeIgniter\HTTP\IncomingRequest), Object(CodeIgniter\HTTP\RedirectResponse), NULL)
#4 C:\xampp\htdocs\ukom2\system\CodeIgniter.php(436): CodeIgniter\Filters\Filters->run('log-aktivitas', 'after')
#5 C:\xampp\htdocs\ukom2\system\CodeIgniter.php(326): CodeIgniter\CodeIgniter->handleRequest(NULL, Object(Config\Cache), false)
#6 C:\xampp\htdocs\ukom2\public\index.php(37): CodeIgniter\CodeIgniter->run()
#7 C:\xampp\htdocs\ukom2\system\Commands\Server\rewrite.php(43): require_once('C:\\xampp\\htdocs...')
#8 {main}
CRITICAL - 2022-03-29 00:52:30 --> Call to undefined method CodeIgniter\HTTP\URI::uri_string()
#0 C:\xampp\htdocs\ukom2\system\Filters\Filters.php(196): App\Filters\Auth->after(Object(CodeIgniter\HTTP\IncomingRequest), Object(CodeIgniter\HTTP\Response), NULL)
#1 C:\xampp\htdocs\ukom2\system\CodeIgniter.php(436): CodeIgniter\Filters\Filters->run('dashboard', 'after')
#2 C:\xampp\htdocs\ukom2\system\CodeIgniter.php(326): CodeIgniter\CodeIgniter->handleRequest(NULL, Object(Config\Cache), false)
#3 C:\xampp\htdocs\ukom2\public\index.php(37): CodeIgniter\CodeIgniter->run()
#4 C:\xampp\htdocs\ukom2\system\Commands\Server\rewrite.php(43): require_once('C:\\xampp\\htdocs...')
#5 {main}
CRITICAL - 2022-03-29 00:55:04 --> Too few arguments to function CodeIgniter\HTTP\URI::getSegment(), 0 passed in C:\xampp\htdocs\ukom2\app\Filters\Auth.php on line 69 and at least 1 expected
#0 C:\xampp\htdocs\ukom2\app\Filters\Auth.php(69): CodeIgniter\HTTP\URI->getSegment()
#1 C:\xampp\htdocs\ukom2\system\Filters\Filters.php(196): App\Filters\Auth->after(Object(CodeIgniter\HTTP\IncomingRequest), Object(CodeIgniter\HTTP\Response), NULL)
#2 C:\xampp\htdocs\ukom2\system\CodeIgniter.php(436): CodeIgniter\Filters\Filters->run('profile', 'after')
#3 C:\xampp\htdocs\ukom2\system\CodeIgniter.php(326): CodeIgniter\CodeIgniter->handleRequest(NULL, Object(Config\Cache), false)
#4 C:\xampp\htdocs\ukom2\public\index.php(37): CodeIgniter\CodeIgniter->run()
#5 C:\xampp\htdocs\ukom2\system\Commands\Server\rewrite.php(43): require_once('C:\\xampp\\htdocs...')
#6 {main}
CRITICAL - 2022-03-29 00:58:37 --> Undefined property: App\Filters\Auth::$request
#0 C:\xampp\htdocs\ukom2\app\Filters\Auth.php(69): CodeIgniter\Debug\Exceptions->errorHandler(2, 'Undefined prope...', 'C:\\xampp\\htdocs...', 69)
#1 C:\xampp\htdocs\ukom2\system\Filters\Filters.php(196): App\Filters\Auth->after(Object(CodeIgniter\HTTP\IncomingRequest), Object(CodeIgniter\HTTP\Response), NULL)
#2 C:\xampp\htdocs\ukom2\system\CodeIgniter.php(436): CodeIgniter\Filters\Filters->run('dashboard', 'after')
#3 C:\xampp\htdocs\ukom2\system\CodeIgniter.php(326): CodeIgniter\CodeIgniter->handleRequest(NULL, Object(Config\Cache), false)
#4 C:\xampp\htdocs\ukom2\public\index.php(37): CodeIgniter\CodeIgniter->run()
#5 C:\xampp\htdocs\ukom2\system\Commands\Server\rewrite.php(43): require_once('C:\\xampp\\htdocs...')
#6 {main}
CRITICAL - 2022-03-29 00:59:59 --> Call to undefined method CodeIgniter\HTTP\URI::current_url()
#0 C:\xampp\htdocs\ukom2\system\Filters\Filters.php(196): App\Filters\Auth->after(Object(CodeIgniter\HTTP\IncomingRequest), Object(CodeIgniter\HTTP\Response), NULL)
#1 C:\xampp\htdocs\ukom2\system\CodeIgniter.php(436): CodeIgniter\Filters\Filters->run('dashboard', 'after')
#2 C:\xampp\htdocs\ukom2\system\CodeIgniter.php(326): CodeIgniter\CodeIgniter->handleRequest(NULL, Object(Config\Cache), false)
#3 C:\xampp\htdocs\ukom2\public\index.php(37): CodeIgniter\CodeIgniter->run()
#4 C:\xampp\htdocs\ukom2\system\Commands\Server\rewrite.php(43): require_once('C:\\xampp\\htdocs...')
#5 {main}
CRITICAL - 2022-03-29 01:01:08 --> Call to undefined method CodeIgniter\HTTP\URI::segment()
#0 C:\xampp\htdocs\ukom2\system\Filters\Filters.php(196): App\Filters\Auth->after(Object(CodeIgniter\HTTP\IncomingRequest), Object(CodeIgniter\HTTP\Response), NULL)
#1 C:\xampp\htdocs\ukom2\system\CodeIgniter.php(436): CodeIgniter\Filters\Filters->run('profile', 'after')
#2 C:\xampp\htdocs\ukom2\system\CodeIgniter.php(326): CodeIgniter\CodeIgniter->handleRequest(NULL, Object(Config\Cache), false)
#3 C:\xampp\htdocs\ukom2\public\index.php(37): CodeIgniter\CodeIgniter->run()
#4 C:\xampp\htdocs\ukom2\system\Commands\Server\rewrite.php(43): require_once('C:\\xampp\\htdocs...')
#5 {main}
CRITICAL - 2022-03-29 01:09:20 --> Undefined property: App\Filters\Auth::$request
#0 C:\xampp\htdocs\ukom2\app\Filters\Auth.php(71): CodeIgniter\Debug\Exceptions->errorHandler(2, 'Undefined prope...', 'C:\\xampp\\htdocs...', 71)
#1 C:\xampp\htdocs\ukom2\system\Filters\Filters.php(196): App\Filters\Auth->after(Object(CodeIgniter\HTTP\IncomingRequest), Object(CodeIgniter\HTTP\Response), NULL)
#2 C:\xampp\htdocs\ukom2\system\CodeIgniter.php(436): CodeIgniter\Filters\Filters->run('log-aktivitas', 'after')
#3 C:\xampp\htdocs\ukom2\system\CodeIgniter.php(326): CodeIgniter\CodeIgniter->handleRequest(NULL, Object(Config\Cache), false)
#4 C:\xampp\htdocs\ukom2\public\index.php(37): CodeIgniter\CodeIgniter->run()
#5 C:\xampp\htdocs\ukom2\system\Commands\Server\rewrite.php(43): require_once('C:\\xampp\\htdocs...')
#6 {main}
CRITICAL - 2022-03-29 01:10:11 --> strpos(): Passing null to parameter #1 ($haystack) of type string is deprecated
#0 [internal function]: CodeIgniter\Debug\Exceptions->errorHandler(8192, 'strpos(): Passi...', 'C:\\xampp\\htdocs...', 413)
#1 C:\xampp\htdocs\ukom2\system\Debug\Toolbar.php(413): strpos(NULL, '<head>')
#2 C:\xampp\htdocs\ukom2\system\Filters\DebugToolbar.php(40): CodeIgniter\Debug\Toolbar->prepare(Object(CodeIgniter\HTTP\IncomingRequest), Object(CodeIgniter\HTTP\RedirectResponse))
#3 C:\xampp\htdocs\ukom2\system\Filters\Filters.php(196): CodeIgniter\Filters\DebugToolbar->after(Object(CodeIgniter\HTTP\IncomingRequest), Object(CodeIgniter\HTTP\RedirectResponse), NULL)
#4 C:\xampp\htdocs\ukom2\system\CodeIgniter.php(436): CodeIgniter\Filters\Filters->run('dashboard', 'after')
#5 C:\xampp\htdocs\ukom2\system\CodeIgniter.php(326): CodeIgniter\CodeIgniter->handleRequest(NULL, Object(Config\Cache), false)
#6 C:\xampp\htdocs\ukom2\public\index.php(37): CodeIgniter\CodeIgniter->run()
#7 C:\xampp\htdocs\ukom2\system\Commands\Server\rewrite.php(43): require_once('C:\\xampp\\htdocs...')
#8 {main}
ERROR - 2022-03-29 09:06:08 --> Error connecting to the database: No connection could be made because the target machine actively refused it
CRITICAL - 2022-03-29 09:06:08 --> Unable to connect to the database.
Main connection [MySQLi]: No connection could be made because the target machine actively refused it
#0 C:\xampp\htdocs\ukom2\system\Database\BaseConnection.php(577): CodeIgniter\Database\BaseConnection->initialize()
#1 C:\xampp\htdocs\ukom2\system\Database\BaseBuilder.php(1455): CodeIgniter\Database\BaseConnection->query('SELECT *\nFROM `...', Array, false)
#2 C:\xampp\htdocs\ukom2\system\Model.php(210): CodeIgniter\Database\BaseBuilder->get()
#3 C:\xampp\htdocs\ukom2\system\BaseModel.php(622): CodeIgniter\Model->doFirst()
#4 C:\xampp\htdocs\ukom2\app\Validation\UsersRules.php(17): CodeIgniter\BaseModel->first()
#5 C:\xampp\htdocs\ukom2\system\Validation\Validation.php(292): App\Validation\UsersRules->validateUsername('admin', 'username', Array, NULL)
#6 C:\xampp\htdocs\ukom2\system\Validation\Validation.php(157): CodeIgniter\Validation\Validation->processRules('username', 'username', 'admin', Array, Array)
#7 C:\xampp\htdocs\ukom2\system\Controller.php(160): CodeIgniter\Validation\Validation->run()
#8 C:\xampp\htdocs\ukom2\app\Controllers\Login.php(42): CodeIgniter\Controller->validate(Array)
#9 C:\xampp\htdocs\ukom2\system\CodeIgniter.php(832): App\Controllers\Login->index()
#10 C:\xampp\htdocs\ukom2\system\CodeIgniter.php(419): CodeIgniter\CodeIgniter->runController(Object(App\Controllers\Login))
#11 C:\xampp\htdocs\ukom2\system\CodeIgniter.php(326): CodeIgniter\CodeIgniter->handleRequest(NULL, Object(Config\Cache), false)
#12 C:\xampp\htdocs\ukom2\public\index.php(37): CodeIgniter\CodeIgniter->run()
#13 C:\xampp\htdocs\ukom2\system\Commands\Server\rewrite.php(43): require_once('C:\\xampp\\htdocs...')
#14 {main}
ERROR - 2022-03-29 11:24:06 --> Error connecting to the database: No connection could be made because the target machine actively refused it
CRITICAL - 2022-03-29 11:24:06 --> Unable to connect to the database.
Main connection [MySQLi]: No connection could be made because the target machine actively refused it
#0 C:\xampp\htdocs\ukom2\system\Database\BaseConnection.php(577): CodeIgniter\Database\BaseConnection->initialize()
#1 C:\xampp\htdocs\ukom2\system\Database\BaseBuilder.php(1455): CodeIgniter\Database\BaseConnection->query('SELECT *\nFROM `...', Array, false)
#2 C:\xampp\htdocs\ukom2\system\Model.php(142): CodeIgniter\Database\BaseBuilder->get()
#3 C:\xampp\htdocs\ukom2\system\BaseModel.php(523): CodeIgniter\Model->doFind(true, '21')
#4 C:\xampp\htdocs\ukom2\app\Filters\Auth.php(38): CodeIgniter\BaseModel->find('21')
#5 C:\xampp\htdocs\ukom2\system\Filters\Filters.php(173): App\Filters\Auth->before(Object(CodeIgniter\HTTP\IncomingRequest), NULL)
#6 C:\xampp\htdocs\ukom2\system\CodeIgniter.php(393): CodeIgniter\Filters\Filters->run('masakan', 'before')
#7 C:\xampp\htdocs\ukom2\system\CodeIgniter.php(326): CodeIgniter\CodeIgniter->handleRequest(NULL, Object(Config\Cache), false)
#8 C:\xampp\htdocs\ukom2\public\index.php(37): CodeIgniter\CodeIgniter->run()
#9 C:\xampp\htdocs\ukom2\system\Commands\Server\rewrite.php(43): require_once('C:\\xampp\\htdocs...')
#10 {main}
ERROR - 2022-03-29 17:32:57 --> Error connecting to the database: No connection could be made because the target machine actively refused it
CRITICAL - 2022-03-29 17:32:57 --> Unable to connect to the database.
Main connection [MySQLi]: No connection could be made because the target machine actively refused it
#0 C:\xampp\htdocs\ukom2\system\Database\BaseConnection.php(577): CodeIgniter\Database\BaseConnection->initialize()
#1 C:\xampp\htdocs\ukom2\system\Database\BaseBuilder.php(1455): CodeIgniter\Database\BaseConnection->query('SELECT *\nFROM `...', Array, false)
#2 C:\xampp\htdocs\ukom2\system\Model.php(210): CodeIgniter\Database\BaseBuilder->get()
#3 C:\xampp\htdocs\ukom2\system\BaseModel.php(622): CodeIgniter\Model->doFirst()
#4 C:\xampp\htdocs\ukom2\app\Validation\UsersRules.php(17): CodeIgniter\BaseModel->first()
#5 C:\xampp\htdocs\ukom2\system\Validation\Validation.php(292): App\Validation\UsersRules->validateUsername('admin', 'username', Array, NULL)
#6 C:\xampp\htdocs\ukom2\system\Validation\Validation.php(157): CodeIgniter\Validation\Validation->processRules('username', 'username', 'admin', Array, Array)
#7 C:\xampp\htdocs\ukom2\system\Controller.php(160): CodeIgniter\Validation\Validation->run()
#8 C:\xampp\htdocs\ukom2\app\Controllers\Login.php(42): CodeIgniter\Controller->validate(Array)
#9 C:\xampp\htdocs\ukom2\system\CodeIgniter.php(832): App\Controllers\Login->index()
#10 C:\xampp\htdocs\ukom2\system\CodeIgniter.php(419): CodeIgniter\CodeIgniter->runController(Object(App\Controllers\Login))
#11 C:\xampp\htdocs\ukom2\system\CodeIgniter.php(326): CodeIgniter\CodeIgniter->handleRequest(NULL, Object(Config\Cache), false)
#12 C:\xampp\htdocs\ukom2\public\index.php(37): CodeIgniter\CodeIgniter->run()
#13 C:\xampp\htdocs\ukom2\system\Commands\Server\rewrite.php(43): require_once('C:\\xampp\\htdocs...')
#14 {main}
