CRITICAL - 2022-03-17 00:50:25 --> Undefined array key "telp"
#0 C:\xampp\htdocs\ukom2\app\Views\profile.php(51): CodeIgniter\Debug\Exceptions->errorHandler(2, 'Undefined array...', 'C:\\xampp\\htdocs...', 51)
#1 C:\xampp\htdocs\ukom2\system\View\View.php(210): include('C:\\xampp\\htdocs...')
#2 C:\xampp\htdocs\ukom2\system\View\View.php(213): CodeIgniter\View\View->CodeIgniter\View\{closure}()
#3 C:\xampp\htdocs\ukom2\system\Common.php(1089): CodeIgniter\View\View->render('profile', Array, true)
#4 C:\xampp\htdocs\ukom2\app\Controllers\Users.php(449): view('profile', Array)
#5 C:\xampp\htdocs\ukom2\system\CodeIgniter.php(832): App\Controllers\Users->profile()
#6 C:\xampp\htdocs\ukom2\system\CodeIgniter.php(419): CodeIgniter\CodeIgniter->runController(Object(App\Controllers\Users))
#7 C:\xampp\htdocs\ukom2\system\CodeIgniter.php(326): CodeIgniter\CodeIgniter->handleRequest(NULL, Object(Config\Cache), false)
#8 C:\xampp\htdocs\ukom2\public\index.php(37): CodeIgniter\CodeIgniter->run()
#9 C:\xampp\htdocs\ukom2\system\Commands\Server\rewrite.php(43): require_once('C:\\xampp\\htdocs...')
#10 {main}
CRITICAL - 2022-03-17 05:08:11 --> Invalid file: .php
#0 C:\xampp\htdocs\ukom2\system\View\View.php(198): CodeIgniter\Exceptions\FrameworkException::forInvalidFile('.php')
#1 C:\xampp\htdocs\ukom2\system\Common.php(1089): CodeIgniter\View\View->render('', Array, true)
#2 C:\xampp\htdocs\ukom2\app\Controllers\Transaksi.php(17): view('', Array)
#3 C:\xampp\htdocs\ukom2\system\CodeIgniter.php(832): App\Controllers\Transaksi->index()
#4 C:\xampp\htdocs\ukom2\system\CodeIgniter.php(419): CodeIgniter\CodeIgniter->runController(Object(App\Controllers\Transaksi))
#5 C:\xampp\htdocs\ukom2\system\CodeIgniter.php(326): CodeIgniter\CodeIgniter->handleRequest(NULL, Object(Config\Cache), false)
#6 C:\xampp\htdocs\ukom2\public\index.php(37): CodeIgniter\CodeIgniter->run()
#7 C:\xampp\htdocs\ukom2\system\Commands\Server\rewrite.php(43): require_once('C:\\xampp\\htdocs...')
#8 {main}
CRITICAL - 2022-03-17 05:08:28 --> Undefined variable $title
#0 C:\xampp\htdocs\ukom2\app\Views\layout.php(8): CodeIgniter\Debug\Exceptions->errorHandler(2, 'Undefined varia...', 'C:\\xampp\\htdocs...', 8)
#1 C:\xampp\htdocs\ukom2\system\View\View.php(210): include('C:\\xampp\\htdocs...')
#2 C:\xampp\htdocs\ukom2\system\View\View.php(213): CodeIgniter\View\View->CodeIgniter\View\{closure}()
#3 C:\xampp\htdocs\ukom2\system\View\View.php(226): CodeIgniter\View\View->render('layout', Array, true)
#4 C:\xampp\htdocs\ukom2\system\Common.php(1089): CodeIgniter\View\View->render('transaksi/trans...', Array, true)
#5 C:\xampp\htdocs\ukom2\app\Controllers\Transaksi.php(17): view('transaksi/trans...', Array)
#6 C:\xampp\htdocs\ukom2\system\CodeIgniter.php(832): App\Controllers\Transaksi->index()
#7 C:\xampp\htdocs\ukom2\system\CodeIgniter.php(419): CodeIgniter\CodeIgniter->runController(Object(App\Controllers\Transaksi))
#8 C:\xampp\htdocs\ukom2\system\CodeIgniter.php(326): CodeIgniter\CodeIgniter->handleRequest(NULL, Object(Config\Cache), false)
#9 C:\xampp\htdocs\ukom2\public\index.php(37): CodeIgniter\CodeIgniter->run()
#10 C:\xampp\htdocs\ukom2\system\Commands\Server\rewrite.php(43): require_once('C:\\xampp\\htdocs...')
#11 {main}
CRITICAL - 2022-03-17 07:22:53 --> Call to undefined function format_number()
#0 C:\xampp\htdocs\ukom2\system\View\View.php(210): include()
#1 C:\xampp\htdocs\ukom2\system\View\View.php(213): CodeIgniter\View\View->CodeIgniter\View\{closure}()
#2 C:\xampp\htdocs\ukom2\system\Common.php(1089): CodeIgniter\View\View->render('pesanan/detail_...', Array, true)
#3 C:\xampp\htdocs\ukom2\app\Controllers\DetailOrder.php(24): view('pesanan/detail_...', Array)
#4 C:\xampp\htdocs\ukom2\system\CodeIgniter.php(832): App\Controllers\DetailOrder->index()
#5 C:\xampp\htdocs\ukom2\system\CodeIgniter.php(419): CodeIgniter\CodeIgniter->runController(Object(App\Controllers\DetailOrder))
#6 C:\xampp\htdocs\ukom2\system\CodeIgniter.php(326): CodeIgniter\CodeIgniter->handleRequest(NULL, Object(Config\Cache), false)
#7 C:\xampp\htdocs\ukom2\public\index.php(37): CodeIgniter\CodeIgniter->run()
#8 C:\xampp\htdocs\ukom2\system\Commands\Server\rewrite.php(43): require_once('C:\\xampp\\htdocs...')
#9 {main}
CRITICAL - 2022-03-17 07:24:51 --> Call to undefined function format_number()
#0 C:\xampp\htdocs\ukom2\system\View\View.php(210): include()
#1 C:\xampp\htdocs\ukom2\system\View\View.php(213): CodeIgniter\View\View->CodeIgniter\View\{closure}()
#2 C:\xampp\htdocs\ukom2\system\Common.php(1089): CodeIgniter\View\View->render('pesanan/detail_...', Array, true)
#3 C:\xampp\htdocs\ukom2\app\Controllers\DetailOrder.php(24): view('pesanan/detail_...', Array)
#4 C:\xampp\htdocs\ukom2\system\CodeIgniter.php(832): App\Controllers\DetailOrder->index()
#5 C:\xampp\htdocs\ukom2\system\CodeIgniter.php(419): CodeIgniter\CodeIgniter->runController(Object(App\Controllers\DetailOrder))
#6 C:\xampp\htdocs\ukom2\system\CodeIgniter.php(326): CodeIgniter\CodeIgniter->handleRequest(NULL, Object(Config\Cache), false)
#7 C:\xampp\htdocs\ukom2\public\index.php(37): CodeIgniter\CodeIgniter->run()
#8 C:\xampp\htdocs\ukom2\system\Commands\Server\rewrite.php(43): require_once('C:\\xampp\\htdocs...')
#9 {main}
CRITICAL - 2022-03-17 07:25:04 --> Call to undefined function format_number()
#0 C:\xampp\htdocs\ukom2\system\View\View.php(210): include()
#1 C:\xampp\htdocs\ukom2\system\View\View.php(213): CodeIgniter\View\View->CodeIgniter\View\{closure}()
#2 C:\xampp\htdocs\ukom2\system\Common.php(1089): CodeIgniter\View\View->render('pesanan/detail_...', Array, true)
#3 C:\xampp\htdocs\ukom2\app\Controllers\DetailOrder.php(24): view('pesanan/detail_...', Array)
#4 C:\xampp\htdocs\ukom2\system\CodeIgniter.php(832): App\Controllers\DetailOrder->index()
#5 C:\xampp\htdocs\ukom2\system\CodeIgniter.php(419): CodeIgniter\CodeIgniter->runController(Object(App\Controllers\DetailOrder))
#6 C:\xampp\htdocs\ukom2\system\CodeIgniter.php(326): CodeIgniter\CodeIgniter->handleRequest(NULL, Object(Config\Cache), false)
#7 C:\xampp\htdocs\ukom2\public\index.php(37): CodeIgniter\CodeIgniter->run()
#8 C:\xampp\htdocs\ukom2\system\Commands\Server\rewrite.php(43): require_once('C:\\xampp\\htdocs...')
#9 {main}
CRITICAL - 2022-03-17 07:25:05 --> Call to undefined function format_number()
#0 C:\xampp\htdocs\ukom2\system\View\View.php(210): include()
#1 C:\xampp\htdocs\ukom2\system\View\View.php(213): CodeIgniter\View\View->CodeIgniter\View\{closure}()
#2 C:\xampp\htdocs\ukom2\system\Common.php(1089): CodeIgniter\View\View->render('pesanan/detail_...', Array, true)
#3 C:\xampp\htdocs\ukom2\app\Controllers\DetailOrder.php(24): view('pesanan/detail_...', Array)
#4 C:\xampp\htdocs\ukom2\system\CodeIgniter.php(832): App\Controllers\DetailOrder->index()
#5 C:\xampp\htdocs\ukom2\system\CodeIgniter.php(419): CodeIgniter\CodeIgniter->runController(Object(App\Controllers\DetailOrder))
#6 C:\xampp\htdocs\ukom2\system\CodeIgniter.php(326): CodeIgniter\CodeIgniter->handleRequest(NULL, Object(Config\Cache), false)
#7 C:\xampp\htdocs\ukom2\public\index.php(37): CodeIgniter\CodeIgniter->run()
#8 C:\xampp\htdocs\ukom2\system\Commands\Server\rewrite.php(43): require_once('C:\\xampp\\htdocs...')
#9 {main}
CRITICAL - 2022-03-17 07:33:30 --> Cannot use object of type stdClass as array
#0 C:\xampp\htdocs\ukom2\system\View\View.php(210): include()
#1 C:\xampp\htdocs\ukom2\system\View\View.php(213): CodeIgniter\View\View->CodeIgniter\View\{closure}()
#2 C:\xampp\htdocs\ukom2\system\Common.php(1089): CodeIgniter\View\View->render('pesanan/detail_...', Array, true)
#3 C:\xampp\htdocs\ukom2\app\Controllers\DetailOrder.php(24): view('pesanan/detail_...', Array)
#4 C:\xampp\htdocs\ukom2\system\CodeIgniter.php(832): App\Controllers\DetailOrder->index()
#5 C:\xampp\htdocs\ukom2\system\CodeIgniter.php(419): CodeIgniter\CodeIgniter->runController(Object(App\Controllers\DetailOrder))
#6 C:\xampp\htdocs\ukom2\system\CodeIgniter.php(326): CodeIgniter\CodeIgniter->handleRequest(NULL, Object(Config\Cache), false)
#7 C:\xampp\htdocs\ukom2\public\index.php(37): CodeIgniter\CodeIgniter->run()
#8 C:\xampp\htdocs\ukom2\system\Commands\Server\rewrite.php(43): require_once('C:\\xampp\\htdocs...')
#9 {main}
ERROR - 2022-03-17 08:03:32 --> Column 'id_masakan' in where clause is ambiguous
CRITICAL - 2022-03-17 08:03:32 --> Column 'id_masakan' in where clause is ambiguous
#0 C:\xampp\htdocs\ukom2\system\Database\MySQLi\Connection.php(292): mysqli->query('SELECT COUNT(*)...', 0)
#1 C:\xampp\htdocs\ukom2\system\Database\BaseConnection.php(670): CodeIgniter\Database\MySQLi\Connection->execute('SELECT COUNT(*)...')
#2 C:\xampp\htdocs\ukom2\system\Database\BaseConnection.php(598): CodeIgniter\Database\BaseConnection->simpleQuery('SELECT COUNT(*)...')
#3 C:\xampp\htdocs\ukom2\system\Database\BaseBuilder.php(1539): CodeIgniter\Database\BaseConnection->query('SELECT COUNT(*)...', Array, false)
#4 C:\xampp\htdocs\ukom2\app\Models\CustomModel.php(37): CodeIgniter\Database\BaseBuilder->countAllResults()
#5 C:\xampp\htdocs\ukom2\app\Views\pesanan\detail_order.php(30): App\Models\CustomModel->JPesanan('5')
#6 C:\xampp\htdocs\ukom2\system\View\View.php(210): include('C:\\xampp\\htdocs...')
#7 C:\xampp\htdocs\ukom2\system\View\View.php(213): CodeIgniter\View\View->CodeIgniter\View\{closure}()
#8 C:\xampp\htdocs\ukom2\system\Common.php(1089): CodeIgniter\View\View->render('pesanan/detail_...', Array, true)
#9 C:\xampp\htdocs\ukom2\app\Controllers\DetailOrder.php(24): view('pesanan/detail_...', Array)
#10 C:\xampp\htdocs\ukom2\system\CodeIgniter.php(832): App\Controllers\DetailOrder->index()
#11 C:\xampp\htdocs\ukom2\system\CodeIgniter.php(419): CodeIgniter\CodeIgniter->runController(Object(App\Controllers\DetailOrder))
#12 C:\xampp\htdocs\ukom2\system\CodeIgniter.php(326): CodeIgniter\CodeIgniter->handleRequest(NULL, Object(Config\Cache), false)
#13 C:\xampp\htdocs\ukom2\public\index.php(37): CodeIgniter\CodeIgniter->run()
#14 C:\xampp\htdocs\ukom2\system\Commands\Server\rewrite.php(43): require_once('C:\\xampp\\htdocs...')
#15 {main}
CRITICAL - 2022-03-17 08:09:30 --> Cannot redeclare App\Models\CustomModel::JHargaP()
#0 [internal function]: CodeIgniter\Debug\Exceptions->shutdownHandler()
#1 {main}
CRITICAL - 2022-03-17 08:09:48 --> number_format(): Argument #1 ($num) must be of type float, array given
#0 C:\xampp\htdocs\ukom2\app\Views\pesanan\detail_order.php(31): number_format(Array)
#1 C:\xampp\htdocs\ukom2\system\View\View.php(210): include('C:\\xampp\\htdocs...')
#2 C:\xampp\htdocs\ukom2\system\View\View.php(213): CodeIgniter\View\View->CodeIgniter\View\{closure}()
#3 C:\xampp\htdocs\ukom2\system\Common.php(1089): CodeIgniter\View\View->render('pesanan/detail_...', Array, true)
#4 C:\xampp\htdocs\ukom2\app\Controllers\DetailOrder.php(24): view('pesanan/detail_...', Array)
#5 C:\xampp\htdocs\ukom2\system\CodeIgniter.php(832): App\Controllers\DetailOrder->index()
#6 C:\xampp\htdocs\ukom2\system\CodeIgniter.php(419): CodeIgniter\CodeIgniter->runController(Object(App\Controllers\DetailOrder))
#7 C:\xampp\htdocs\ukom2\system\CodeIgniter.php(326): CodeIgniter\CodeIgniter->handleRequest(NULL, Object(Config\Cache), false)
#8 C:\xampp\htdocs\ukom2\public\index.php(37): CodeIgniter\CodeIgniter->run()
#9 C:\xampp\htdocs\ukom2\system\Commands\Server\rewrite.php(43): require_once('C:\\xampp\\htdocs...')
#10 {main}
CRITICAL - 2022-03-17 08:11:41 --> foreach() argument must be of type array|object, int given
#0 C:\xampp\htdocs\ukom2\app\Views\pesanan\detail_order.php(44): CodeIgniter\Debug\Exceptions->errorHandler(2, 'foreach() argum...', 'C:\\xampp\\htdocs...', 44)
#1 C:\xampp\htdocs\ukom2\system\View\View.php(210): include('C:\\xampp\\htdocs...')
#2 C:\xampp\htdocs\ukom2\system\View\View.php(213): CodeIgniter\View\View->CodeIgniter\View\{closure}()
#3 C:\xampp\htdocs\ukom2\system\Common.php(1089): CodeIgniter\View\View->render('pesanan/detail_...', Array, true)
#4 C:\xampp\htdocs\ukom2\app\Controllers\DetailOrder.php(24): view('pesanan/detail_...', Array)
#5 C:\xampp\htdocs\ukom2\system\CodeIgniter.php(832): App\Controllers\DetailOrder->index()
#6 C:\xampp\htdocs\ukom2\system\CodeIgniter.php(419): CodeIgniter\CodeIgniter->runController(Object(App\Controllers\DetailOrder))
#7 C:\xampp\htdocs\ukom2\system\CodeIgniter.php(326): CodeIgniter\CodeIgniter->handleRequest(NULL, Object(Config\Cache), false)
#8 C:\xampp\htdocs\ukom2\public\index.php(37): CodeIgniter\CodeIgniter->run()
#9 C:\xampp\htdocs\ukom2\system\Commands\Server\rewrite.php(43): require_once('C:\\xampp\\htdocs...')
#10 {main}
CRITICAL - 2022-03-17 08:14:42 --> Too few arguments to function App\Models\CustomModel::JHargaM(), 0 passed in C:\xampp\htdocs\ukom2\app\Views\pesanan\detail_order.php on line 31 and exactly 1 expected
#0 C:\xampp\htdocs\ukom2\app\Views\pesanan\detail_order.php(31): App\Models\CustomModel->JHargaM()
#1 C:\xampp\htdocs\ukom2\system\View\View.php(210): include('C:\\xampp\\htdocs...')
#2 C:\xampp\htdocs\ukom2\system\View\View.php(213): CodeIgniter\View\View->CodeIgniter\View\{closure}()
#3 C:\xampp\htdocs\ukom2\system\Common.php(1089): CodeIgniter\View\View->render('pesanan/detail_...', Array, true)
#4 C:\xampp\htdocs\ukom2\app\Controllers\DetailOrder.php(24): view('pesanan/detail_...', Array)
#5 C:\xampp\htdocs\ukom2\system\CodeIgniter.php(832): App\Controllers\DetailOrder->index()
#6 C:\xampp\htdocs\ukom2\system\CodeIgniter.php(419): CodeIgniter\CodeIgniter->runController(Object(App\Controllers\DetailOrder))
#7 C:\xampp\htdocs\ukom2\system\CodeIgniter.php(326): CodeIgniter\CodeIgniter->handleRequest(NULL, Object(Config\Cache), false)
#8 C:\xampp\htdocs\ukom2\public\index.php(37): CodeIgniter\CodeIgniter->run()
#9 C:\xampp\htdocs\ukom2\system\Commands\Server\rewrite.php(43): require_once('C:\\xampp\\htdocs...')
#10 {main}
CRITICAL - 2022-03-17 08:14:55 --> syntax error, unexpected token "}", expecting identifier or variable or "{" or "$"
#0 C:\xampp\htdocs\ukom2\system\Autoloader\Autoloader.php(241): CodeIgniter\Autoloader\Autoloader->includeFile('C:\\xampp\\htdocs...')
#1 C:\xampp\htdocs\ukom2\system\Autoloader\Autoloader.php(219): CodeIgniter\Autoloader\Autoloader->loadInNamespace('App\\Models\\Cust...')
#2 C:\xampp\htdocs\ukom2\app\Controllers\DetailOrder.php(14): CodeIgniter\Autoloader\Autoloader->loadClass('App\\Models\\Cust...')
#3 C:\xampp\htdocs\ukom2\system\CodeIgniter.php(809): App\Controllers\DetailOrder->__construct()
#4 C:\xampp\htdocs\ukom2\system\CodeIgniter.php(410): CodeIgniter\CodeIgniter->createController()
#5 C:\xampp\htdocs\ukom2\system\CodeIgniter.php(326): CodeIgniter\CodeIgniter->handleRequest(NULL, Object(Config\Cache), false)
#6 C:\xampp\htdocs\ukom2\public\index.php(37): CodeIgniter\CodeIgniter->run()
#7 C:\xampp\htdocs\ukom2\system\Commands\Server\rewrite.php(43): require_once('C:\\xampp\\htdocs...')
#8 {main}
ERROR - 2022-03-17 08:18:04 --> Unknown column 'harga' in 'field list'
CRITICAL - 2022-03-17 08:18:04 --> Unknown column 'harga' in 'field list'
#0 C:\xampp\htdocs\ukom2\system\Database\MySQLi\Connection.php(292): mysqli->query('SELECT SUM(`har...', 0)
#1 C:\xampp\htdocs\ukom2\system\Database\BaseConnection.php(670): CodeIgniter\Database\MySQLi\Connection->execute('SELECT SUM(`har...')
#2 C:\xampp\htdocs\ukom2\system\Database\BaseConnection.php(598): CodeIgniter\Database\BaseConnection->simpleQuery('SELECT SUM(`har...')
#3 C:\xampp\htdocs\ukom2\system\Database\BaseBuilder.php(1455): CodeIgniter\Database\BaseConnection->query('SELECT SUM(`har...', Array, false)
#4 C:\xampp\htdocs\ukom2\app\Models\CustomModel.php(42): CodeIgniter\Database\BaseBuilder->get()
#5 C:\xampp\htdocs\ukom2\app\Views\pesanan\detail_order.php(31): App\Models\CustomModel->JHargaM('5')
#6 C:\xampp\htdocs\ukom2\system\View\View.php(210): include('C:\\xampp\\htdocs...')
#7 C:\xampp\htdocs\ukom2\system\View\View.php(213): CodeIgniter\View\View->CodeIgniter\View\{closure}()
#8 C:\xampp\htdocs\ukom2\system\Common.php(1089): CodeIgniter\View\View->render('pesanan/detail_...', Array, true)
#9 C:\xampp\htdocs\ukom2\app\Controllers\DetailOrder.php(24): view('pesanan/detail_...', Array)
#10 C:\xampp\htdocs\ukom2\system\CodeIgniter.php(832): App\Controllers\DetailOrder->index()
#11 C:\xampp\htdocs\ukom2\system\CodeIgniter.php(419): CodeIgniter\CodeIgniter->runController(Object(App\Controllers\DetailOrder))
#12 C:\xampp\htdocs\ukom2\system\CodeIgniter.php(326): CodeIgniter\CodeIgniter->handleRequest(NULL, Object(Config\Cache), false)
#13 C:\xampp\htdocs\ukom2\public\index.php(37): CodeIgniter\CodeIgniter->run()
#14 C:\xampp\htdocs\ukom2\system\Commands\Server\rewrite.php(43): require_once('C:\\xampp\\htdocs...')
#15 {main}
ERROR - 2022-03-17 08:22:05 --> Unknown column 'harga' in 'field list'
CRITICAL - 2022-03-17 08:22:05 --> Unknown column 'harga' in 'field list'
#0 C:\xampp\htdocs\ukom2\system\Database\MySQLi\Connection.php(292): mysqli->query('SELECT SUM(`har...', 0)
#1 C:\xampp\htdocs\ukom2\system\Database\BaseConnection.php(670): CodeIgniter\Database\MySQLi\Connection->execute('SELECT SUM(`har...')
#2 C:\xampp\htdocs\ukom2\system\Database\BaseConnection.php(598): CodeIgniter\Database\BaseConnection->simpleQuery('SELECT SUM(`har...')
#3 C:\xampp\htdocs\ukom2\system\Database\BaseBuilder.php(1455): CodeIgniter\Database\BaseConnection->query('SELECT SUM(`har...', Array, false)
#4 C:\xampp\htdocs\ukom2\app\Models\CustomModel.php(42): CodeIgniter\Database\BaseBuilder->get()
#5 C:\xampp\htdocs\ukom2\app\Views\pesanan\detail_order.php(31): App\Models\CustomModel->JHargaM('5')
#6 C:\xampp\htdocs\ukom2\system\View\View.php(210): include('C:\\xampp\\htdocs...')
#7 C:\xampp\htdocs\ukom2\system\View\View.php(213): CodeIgniter\View\View->CodeIgniter\View\{closure}()
#8 C:\xampp\htdocs\ukom2\system\Common.php(1089): CodeIgniter\View\View->render('pesanan/detail_...', Array, true)
#9 C:\xampp\htdocs\ukom2\app\Controllers\DetailOrder.php(24): view('pesanan/detail_...', Array)
#10 C:\xampp\htdocs\ukom2\system\CodeIgniter.php(832): App\Controllers\DetailOrder->index()
#11 C:\xampp\htdocs\ukom2\system\CodeIgniter.php(419): CodeIgniter\CodeIgniter->runController(Object(App\Controllers\DetailOrder))
#12 C:\xampp\htdocs\ukom2\system\CodeIgniter.php(326): CodeIgniter\CodeIgniter->handleRequest(NULL, Object(Config\Cache), false)
#13 C:\xampp\htdocs\ukom2\public\index.php(37): CodeIgniter\CodeIgniter->run()
#14 C:\xampp\htdocs\ukom2\system\Commands\Server\rewrite.php(43): require_once('C:\\xampp\\htdocs...')
#15 {main}
ERROR - 2022-03-17 08:22:55 --> Column 'id_masakan' in where clause is ambiguous
CRITICAL - 2022-03-17 08:22:55 --> Column 'id_masakan' in where clause is ambiguous
#0 C:\xampp\htdocs\ukom2\system\Database\MySQLi\Connection.php(292): mysqli->query('SELECT SUM(`har...', 0)
#1 C:\xampp\htdocs\ukom2\system\Database\BaseConnection.php(670): CodeIgniter\Database\MySQLi\Connection->execute('SELECT SUM(`har...')
#2 C:\xampp\htdocs\ukom2\system\Database\BaseConnection.php(598): CodeIgniter\Database\BaseConnection->simpleQuery('SELECT SUM(`har...')
#3 C:\xampp\htdocs\ukom2\system\Database\BaseBuilder.php(1455): CodeIgniter\Database\BaseConnection->query('SELECT SUM(`har...', Array, false)
#4 C:\xampp\htdocs\ukom2\app\Models\CustomModel.php(43): CodeIgniter\Database\BaseBuilder->get()
#5 C:\xampp\htdocs\ukom2\app\Views\pesanan\detail_order.php(31): App\Models\CustomModel->JHargaM('5')
#6 C:\xampp\htdocs\ukom2\system\View\View.php(210): include('C:\\xampp\\htdocs...')
#7 C:\xampp\htdocs\ukom2\system\View\View.php(213): CodeIgniter\View\View->CodeIgniter\View\{closure}()
#8 C:\xampp\htdocs\ukom2\system\Common.php(1089): CodeIgniter\View\View->render('pesanan/detail_...', Array, true)
#9 C:\xampp\htdocs\ukom2\app\Controllers\DetailOrder.php(24): view('pesanan/detail_...', Array)
#10 C:\xampp\htdocs\ukom2\system\CodeIgniter.php(832): App\Controllers\DetailOrder->index()
#11 C:\xampp\htdocs\ukom2\system\CodeIgniter.php(419): CodeIgniter\CodeIgniter->runController(Object(App\Controllers\DetailOrder))
#12 C:\xampp\htdocs\ukom2\system\CodeIgniter.php(326): CodeIgniter\CodeIgniter->handleRequest(NULL, Object(Config\Cache), false)
#13 C:\xampp\htdocs\ukom2\public\index.php(37): CodeIgniter\CodeIgniter->run()
#14 C:\xampp\htdocs\ukom2\system\Commands\Server\rewrite.php(43): require_once('C:\\xampp\\htdocs...')
#15 {main}
ERROR - 2022-03-17 08:23:38 --> Column 'id_masakan' in where clause is ambiguous
CRITICAL - 2022-03-17 08:23:38 --> Column 'id_masakan' in where clause is ambiguous
#0 C:\xampp\htdocs\ukom2\system\Database\MySQLi\Connection.php(292): mysqli->query('SELECT SUM(`har...', 0)
#1 C:\xampp\htdocs\ukom2\system\Database\BaseConnection.php(670): CodeIgniter\Database\MySQLi\Connection->execute('SELECT SUM(`har...')
#2 C:\xampp\htdocs\ukom2\system\Database\BaseConnection.php(598): CodeIgniter\Database\BaseConnection->simpleQuery('SELECT SUM(`har...')
#3 C:\xampp\htdocs\ukom2\system\Database\BaseBuilder.php(1455): CodeIgniter\Database\BaseConnection->query('SELECT SUM(`har...', Array, false)
#4 C:\xampp\htdocs\ukom2\app\Models\CustomModel.php(45): CodeIgniter\Database\BaseBuilder->get()
#5 C:\xampp\htdocs\ukom2\app\Views\pesanan\detail_order.php(31): App\Models\CustomModel->JHargaM('5')
#6 C:\xampp\htdocs\ukom2\system\View\View.php(210): include('C:\\xampp\\htdocs...')
#7 C:\xampp\htdocs\ukom2\system\View\View.php(213): CodeIgniter\View\View->CodeIgniter\View\{closure}()
#8 C:\xampp\htdocs\ukom2\system\Common.php(1089): CodeIgniter\View\View->render('pesanan/detail_...', Array, true)
#9 C:\xampp\htdocs\ukom2\app\Controllers\DetailOrder.php(24): view('pesanan/detail_...', Array)
#10 C:\xampp\htdocs\ukom2\system\CodeIgniter.php(832): App\Controllers\DetailOrder->index()
#11 C:\xampp\htdocs\ukom2\system\CodeIgniter.php(419): CodeIgniter\CodeIgniter->runController(Object(App\Controllers\DetailOrder))
#12 C:\xampp\htdocs\ukom2\system\CodeIgniter.php(326): CodeIgniter\CodeIgniter->handleRequest(NULL, Object(Config\Cache), false)
#13 C:\xampp\htdocs\ukom2\public\index.php(37): CodeIgniter\CodeIgniter->run()
#14 C:\xampp\htdocs\ukom2\system\Commands\Server\rewrite.php(43): require_once('C:\\xampp\\htdocs...')
#15 {main}
ERROR - 2022-03-17 08:24:41 --> Column 'id_masakan' in where clause is ambiguous
CRITICAL - 2022-03-17 08:24:41 --> Column 'id_masakan' in where clause is ambiguous
#0 C:\xampp\htdocs\ukom2\system\Database\MySQLi\Connection.php(292): mysqli->query('SELECT SUM(`har...', 0)
#1 C:\xampp\htdocs\ukom2\system\Database\BaseConnection.php(670): CodeIgniter\Database\MySQLi\Connection->execute('SELECT SUM(`har...')
#2 C:\xampp\htdocs\ukom2\system\Database\BaseConnection.php(598): CodeIgniter\Database\BaseConnection->simpleQuery('SELECT SUM(`har...')
#3 C:\xampp\htdocs\ukom2\system\Database\BaseBuilder.php(1455): CodeIgniter\Database\BaseConnection->query('SELECT SUM(`har...', Array, false)
#4 C:\xampp\htdocs\ukom2\app\Models\CustomModel.php(43): CodeIgniter\Database\BaseBuilder->get()
#5 C:\xampp\htdocs\ukom2\app\Views\pesanan\detail_order.php(31): App\Models\CustomModel->JHargaM('5')
#6 C:\xampp\htdocs\ukom2\system\View\View.php(210): include('C:\\xampp\\htdocs...')
#7 C:\xampp\htdocs\ukom2\system\View\View.php(213): CodeIgniter\View\View->CodeIgniter\View\{closure}()
#8 C:\xampp\htdocs\ukom2\system\Common.php(1089): CodeIgniter\View\View->render('pesanan/detail_...', Array, true)
#9 C:\xampp\htdocs\ukom2\app\Controllers\DetailOrder.php(24): view('pesanan/detail_...', Array)
#10 C:\xampp\htdocs\ukom2\system\CodeIgniter.php(832): App\Controllers\DetailOrder->index()
#11 C:\xampp\htdocs\ukom2\system\CodeIgniter.php(419): CodeIgniter\CodeIgniter->runController(Object(App\Controllers\DetailOrder))
#12 C:\xampp\htdocs\ukom2\system\CodeIgniter.php(326): CodeIgniter\CodeIgniter->handleRequest(NULL, Object(Config\Cache), false)
#13 C:\xampp\htdocs\ukom2\public\index.php(37): CodeIgniter\CodeIgniter->run()
#14 C:\xampp\htdocs\ukom2\system\Commands\Server\rewrite.php(43): require_once('C:\\xampp\\htdocs...')
#15 {main}
ERROR - 2022-03-17 08:24:58 --> Column 'id_masakan' in where clause is ambiguous
CRITICAL - 2022-03-17 08:24:58 --> Column 'id_masakan' in where clause is ambiguous
#0 C:\xampp\htdocs\ukom2\system\Database\MySQLi\Connection.php(292): mysqli->query('SELECT SUM(`har...', 0)
#1 C:\xampp\htdocs\ukom2\system\Database\BaseConnection.php(670): CodeIgniter\Database\MySQLi\Connection->execute('SELECT SUM(`har...')
#2 C:\xampp\htdocs\ukom2\system\Database\BaseConnection.php(598): CodeIgniter\Database\BaseConnection->simpleQuery('SELECT SUM(`har...')
#3 C:\xampp\htdocs\ukom2\system\Database\BaseBuilder.php(1455): CodeIgniter\Database\BaseConnection->query('SELECT SUM(`har...', Array, false)
#4 C:\xampp\htdocs\ukom2\app\Models\CustomModel.php(43): CodeIgniter\Database\BaseBuilder->get()
#5 C:\xampp\htdocs\ukom2\app\Views\pesanan\detail_order.php(31): App\Models\CustomModel->JHargaM('5')
#6 C:\xampp\htdocs\ukom2\system\View\View.php(210): include('C:\\xampp\\htdocs...')
#7 C:\xampp\htdocs\ukom2\system\View\View.php(213): CodeIgniter\View\View->CodeIgniter\View\{closure}()
#8 C:\xampp\htdocs\ukom2\system\Common.php(1089): CodeIgniter\View\View->render('pesanan/detail_...', Array, true)
#9 C:\xampp\htdocs\ukom2\app\Controllers\DetailOrder.php(24): view('pesanan/detail_...', Array)
#10 C:\xampp\htdocs\ukom2\system\CodeIgniter.php(832): App\Controllers\DetailOrder->index()
#11 C:\xampp\htdocs\ukom2\system\CodeIgniter.php(419): CodeIgniter\CodeIgniter->runController(Object(App\Controllers\DetailOrder))
#12 C:\xampp\htdocs\ukom2\system\CodeIgniter.php(326): CodeIgniter\CodeIgniter->handleRequest(NULL, Object(Config\Cache), false)
#13 C:\xampp\htdocs\ukom2\public\index.php(37): CodeIgniter\CodeIgniter->run()
#14 C:\xampp\htdocs\ukom2\system\Commands\Server\rewrite.php(43): require_once('C:\\xampp\\htdocs...')
#15 {main}
ERROR - 2022-03-17 08:25:11 --> Column 'id_masakan' in where clause is ambiguous
CRITICAL - 2022-03-17 08:25:11 --> Column 'id_masakan' in where clause is ambiguous
#0 C:\xampp\htdocs\ukom2\system\Database\MySQLi\Connection.php(292): mysqli->query('SELECT SUM(`har...', 0)
#1 C:\xampp\htdocs\ukom2\system\Database\BaseConnection.php(670): CodeIgniter\Database\MySQLi\Connection->execute('SELECT SUM(`har...')
#2 C:\xampp\htdocs\ukom2\system\Database\BaseConnection.php(598): CodeIgniter\Database\BaseConnection->simpleQuery('SELECT SUM(`har...')
#3 C:\xampp\htdocs\ukom2\system\Database\BaseBuilder.php(1455): CodeIgniter\Database\BaseConnection->query('SELECT SUM(`har...', Array, false)
#4 C:\xampp\htdocs\ukom2\app\Models\CustomModel.php(43): CodeIgniter\Database\BaseBuilder->get()
#5 C:\xampp\htdocs\ukom2\app\Views\pesanan\detail_order.php(31): App\Models\CustomModel->JHargaM('5')
#6 C:\xampp\htdocs\ukom2\system\View\View.php(210): include('C:\\xampp\\htdocs...')
#7 C:\xampp\htdocs\ukom2\system\View\View.php(213): CodeIgniter\View\View->CodeIgniter\View\{closure}()
#8 C:\xampp\htdocs\ukom2\system\Common.php(1089): CodeIgniter\View\View->render('pesanan/detail_...', Array, true)
#9 C:\xampp\htdocs\ukom2\app\Controllers\DetailOrder.php(24): view('pesanan/detail_...', Array)
#10 C:\xampp\htdocs\ukom2\system\CodeIgniter.php(832): App\Controllers\DetailOrder->index()
#11 C:\xampp\htdocs\ukom2\system\CodeIgniter.php(419): CodeIgniter\CodeIgniter->runController(Object(App\Controllers\DetailOrder))
#12 C:\xampp\htdocs\ukom2\system\CodeIgniter.php(326): CodeIgniter\CodeIgniter->handleRequest(NULL, Object(Config\Cache), false)
#13 C:\xampp\htdocs\ukom2\public\index.php(37): CodeIgniter\CodeIgniter->run()
#14 C:\xampp\htdocs\ukom2\system\Commands\Server\rewrite.php(43): require_once('C:\\xampp\\htdocs...')
#15 {main}
ERROR - 2022-03-17 08:25:51 --> Column 'id_masakan' in where clause is ambiguous
CRITICAL - 2022-03-17 08:25:51 --> Column 'id_masakan' in where clause is ambiguous
#0 C:\xampp\htdocs\ukom2\system\Database\MySQLi\Connection.php(292): mysqli->query('SELECT SUM(`har...', 0)
#1 C:\xampp\htdocs\ukom2\system\Database\BaseConnection.php(670): CodeIgniter\Database\MySQLi\Connection->execute('SELECT SUM(`har...')
#2 C:\xampp\htdocs\ukom2\system\Database\BaseConnection.php(598): CodeIgniter\Database\BaseConnection->simpleQuery('SELECT SUM(`har...')
#3 C:\xampp\htdocs\ukom2\system\Database\BaseBuilder.php(1455): CodeIgniter\Database\BaseConnection->query('SELECT SUM(`har...', Array, false)
#4 C:\xampp\htdocs\ukom2\app\Models\CustomModel.php(43): CodeIgniter\Database\BaseBuilder->get()
#5 C:\xampp\htdocs\ukom2\app\Views\pesanan\detail_order.php(31): App\Models\CustomModel->JHargaM('5')
#6 C:\xampp\htdocs\ukom2\system\View\View.php(210): include('C:\\xampp\\htdocs...')
#7 C:\xampp\htdocs\ukom2\system\View\View.php(213): CodeIgniter\View\View->CodeIgniter\View\{closure}()
#8 C:\xampp\htdocs\ukom2\system\Common.php(1089): CodeIgniter\View\View->render('pesanan/detail_...', Array, true)
#9 C:\xampp\htdocs\ukom2\app\Controllers\DetailOrder.php(24): view('pesanan/detail_...', Array)
#10 C:\xampp\htdocs\ukom2\system\CodeIgniter.php(832): App\Controllers\DetailOrder->index()
#11 C:\xampp\htdocs\ukom2\system\CodeIgniter.php(419): CodeIgniter\CodeIgniter->runController(Object(App\Controllers\DetailOrder))
#12 C:\xampp\htdocs\ukom2\system\CodeIgniter.php(326): CodeIgniter\CodeIgniter->handleRequest(NULL, Object(Config\Cache), false)
#13 C:\xampp\htdocs\ukom2\public\index.php(37): CodeIgniter\CodeIgniter->run()
#14 C:\xampp\htdocs\ukom2\system\Commands\Server\rewrite.php(43): require_once('C:\\xampp\\htdocs...')
#15 {main}
ERROR - 2022-03-17 08:25:52 --> Column 'id_masakan' in where clause is ambiguous
CRITICAL - 2022-03-17 08:25:52 --> Column 'id_masakan' in where clause is ambiguous
#0 C:\xampp\htdocs\ukom2\system\Database\MySQLi\Connection.php(292): mysqli->query('SELECT SUM(`har...', 0)
#1 C:\xampp\htdocs\ukom2\system\Database\BaseConnection.php(670): CodeIgniter\Database\MySQLi\Connection->execute('SELECT SUM(`har...')
#2 C:\xampp\htdocs\ukom2\system\Database\BaseConnection.php(598): CodeIgniter\Database\BaseConnection->simpleQuery('SELECT SUM(`har...')
#3 C:\xampp\htdocs\ukom2\system\Database\BaseBuilder.php(1455): CodeIgniter\Database\BaseConnection->query('SELECT SUM(`har...', Array, false)
#4 C:\xampp\htdocs\ukom2\app\Models\CustomModel.php(43): CodeIgniter\Database\BaseBuilder->get()
#5 C:\xampp\htdocs\ukom2\app\Views\pesanan\detail_order.php(31): App\Models\CustomModel->JHargaM('5')
#6 C:\xampp\htdocs\ukom2\system\View\View.php(210): include('C:\\xampp\\htdocs...')
#7 C:\xampp\htdocs\ukom2\system\View\View.php(213): CodeIgniter\View\View->CodeIgniter\View\{closure}()
#8 C:\xampp\htdocs\ukom2\system\Common.php(1089): CodeIgniter\View\View->render('pesanan/detail_...', Array, true)
#9 C:\xampp\htdocs\ukom2\app\Controllers\DetailOrder.php(24): view('pesanan/detail_...', Array)
#10 C:\xampp\htdocs\ukom2\system\CodeIgniter.php(832): App\Controllers\DetailOrder->index()
#11 C:\xampp\htdocs\ukom2\system\CodeIgniter.php(419): CodeIgniter\CodeIgniter->runController(Object(App\Controllers\DetailOrder))
#12 C:\xampp\htdocs\ukom2\system\CodeIgniter.php(326): CodeIgniter\CodeIgniter->handleRequest(NULL, Object(Config\Cache), false)
#13 C:\xampp\htdocs\ukom2\public\index.php(37): CodeIgniter\CodeIgniter->run()
#14 C:\xampp\htdocs\ukom2\system\Commands\Server\rewrite.php(43): require_once('C:\\xampp\\htdocs...')
#15 {main}
ERROR - 2022-03-17 08:31:30 --> You have an error in your SQL syntax; check the manual that corresponds to your MariaDB server version for the right syntax to use near '`Bakar`' at line 4
CRITICAL - 2022-03-17 08:31:30 --> You have an error in your SQL syntax; check the manual that corresponds to your MariaDB server version for the right syntax to use near '`Bakar`' at line 4
#0 C:\xampp\htdocs\ukom2\system\Database\MySQLi\Connection.php(292): mysqli->query('SELECT SUM(`har...', 0)
#1 C:\xampp\htdocs\ukom2\system\Database\BaseConnection.php(670): CodeIgniter\Database\MySQLi\Connection->execute('SELECT SUM(`har...')
#2 C:\xampp\htdocs\ukom2\system\Database\BaseConnection.php(598): CodeIgniter\Database\BaseConnection->simpleQuery('SELECT SUM(`har...')
#3 C:\xampp\htdocs\ukom2\system\Database\BaseBuilder.php(1455): CodeIgniter\Database\BaseConnection->query('SELECT SUM(`har...', Array, false)
#4 C:\xampp\htdocs\ukom2\app\Models\CustomModel.php(43): CodeIgniter\Database\BaseBuilder->get()
#5 C:\xampp\htdocs\ukom2\app\Views\pesanan\detail_order.php(31): App\Models\CustomModel->JHargaM('Ayam Bakar')
#6 C:\xampp\htdocs\ukom2\system\View\View.php(210): include('C:\\xampp\\htdocs...')
#7 C:\xampp\htdocs\ukom2\system\View\View.php(213): CodeIgniter\View\View->CodeIgniter\View\{closure}()
#8 C:\xampp\htdocs\ukom2\system\Common.php(1089): CodeIgniter\View\View->render('pesanan/detail_...', Array, true)
#9 C:\xampp\htdocs\ukom2\app\Controllers\DetailOrder.php(24): view('pesanan/detail_...', Array)
#10 C:\xampp\htdocs\ukom2\system\CodeIgniter.php(832): App\Controllers\DetailOrder->index()
#11 C:\xampp\htdocs\ukom2\system\CodeIgniter.php(419): CodeIgniter\CodeIgniter->runController(Object(App\Controllers\DetailOrder))
#12 C:\xampp\htdocs\ukom2\system\CodeIgniter.php(326): CodeIgniter\CodeIgniter->handleRequest(NULL, Object(Config\Cache), false)
#13 C:\xampp\htdocs\ukom2\public\index.php(37): CodeIgniter\CodeIgniter->run()
#14 C:\xampp\htdocs\ukom2\system\Commands\Server\rewrite.php(43): require_once('C:\\xampp\\htdocs...')
#15 {main}
ERROR - 2022-03-17 08:32:23 --> Unknown column '5' in 'group statement'
CRITICAL - 2022-03-17 08:32:23 --> Unknown column '5' in 'group statement'
#0 C:\xampp\htdocs\ukom2\system\Database\MySQLi\Connection.php(292): mysqli->query('SELECT SUM(`har...', 0)
#1 C:\xampp\htdocs\ukom2\system\Database\BaseConnection.php(670): CodeIgniter\Database\MySQLi\Connection->execute('SELECT SUM(`har...')
#2 C:\xampp\htdocs\ukom2\system\Database\BaseConnection.php(598): CodeIgniter\Database\BaseConnection->simpleQuery('SELECT SUM(`har...')
#3 C:\xampp\htdocs\ukom2\system\Database\BaseBuilder.php(1455): CodeIgniter\Database\BaseConnection->query('SELECT SUM(`har...', Array, false)
#4 C:\xampp\htdocs\ukom2\app\Models\CustomModel.php(43): CodeIgniter\Database\BaseBuilder->get()
#5 C:\xampp\htdocs\ukom2\app\Views\pesanan\detail_order.php(31): App\Models\CustomModel->JHargaM('5')
#6 C:\xampp\htdocs\ukom2\system\View\View.php(210): include('C:\\xampp\\htdocs...')
#7 C:\xampp\htdocs\ukom2\system\View\View.php(213): CodeIgniter\View\View->CodeIgniter\View\{closure}()
#8 C:\xampp\htdocs\ukom2\system\Common.php(1089): CodeIgniter\View\View->render('pesanan/detail_...', Array, true)
#9 C:\xampp\htdocs\ukom2\app\Controllers\DetailOrder.php(24): view('pesanan/detail_...', Array)
#10 C:\xampp\htdocs\ukom2\system\CodeIgniter.php(832): App\Controllers\DetailOrder->index()
#11 C:\xampp\htdocs\ukom2\system\CodeIgniter.php(419): CodeIgniter\CodeIgniter->runController(Object(App\Controllers\DetailOrder))
#12 C:\xampp\htdocs\ukom2\system\CodeIgniter.php(326): CodeIgniter\CodeIgniter->handleRequest(NULL, Object(Config\Cache), false)
#13 C:\xampp\htdocs\ukom2\public\index.php(37): CodeIgniter\CodeIgniter->run()
#14 C:\xampp\htdocs\ukom2\system\Commands\Server\rewrite.php(43): require_once('C:\\xampp\\htdocs...')
#15 {main}
ERROR - 2022-03-17 08:33:17 --> Column 'id_masakan' in group statement is ambiguous
CRITICAL - 2022-03-17 08:33:17 --> Column 'id_masakan' in group statement is ambiguous
#0 C:\xampp\htdocs\ukom2\system\Database\MySQLi\Connection.php(292): mysqli->query('SELECT SUM(`har...', 0)
#1 C:\xampp\htdocs\ukom2\system\Database\BaseConnection.php(670): CodeIgniter\Database\MySQLi\Connection->execute('SELECT SUM(`har...')
#2 C:\xampp\htdocs\ukom2\system\Database\BaseConnection.php(598): CodeIgniter\Database\BaseConnection->simpleQuery('SELECT SUM(`har...')
#3 C:\xampp\htdocs\ukom2\system\Database\BaseBuilder.php(1455): CodeIgniter\Database\BaseConnection->query('SELECT SUM(`har...', Array, false)
#4 C:\xampp\htdocs\ukom2\app\Models\CustomModel.php(44): CodeIgniter\Database\BaseBuilder->get()
#5 C:\xampp\htdocs\ukom2\app\Views\pesanan\detail_order.php(31): App\Models\CustomModel->JHargaM('5')
#6 C:\xampp\htdocs\ukom2\system\View\View.php(210): include('C:\\xampp\\htdocs...')
#7 C:\xampp\htdocs\ukom2\system\View\View.php(213): CodeIgniter\View\View->CodeIgniter\View\{closure}()
#8 C:\xampp\htdocs\ukom2\system\Common.php(1089): CodeIgniter\View\View->render('pesanan/detail_...', Array, true)
#9 C:\xampp\htdocs\ukom2\app\Controllers\DetailOrder.php(24): view('pesanan/detail_...', Array)
#10 C:\xampp\htdocs\ukom2\system\CodeIgniter.php(832): App\Controllers\DetailOrder->index()
#11 C:\xampp\htdocs\ukom2\system\CodeIgniter.php(419): CodeIgniter\CodeIgniter->runController(Object(App\Controllers\DetailOrder))
#12 C:\xampp\htdocs\ukom2\system\CodeIgniter.php(326): CodeIgniter\CodeIgniter->handleRequest(NULL, Object(Config\Cache), false)
#13 C:\xampp\htdocs\ukom2\public\index.php(37): CodeIgniter\CodeIgniter->run()
#14 C:\xampp\htdocs\ukom2\system\Commands\Server\rewrite.php(43): require_once('C:\\xampp\\htdocs...')
#15 {main}
ERROR - 2022-03-17 08:33:23 --> Column 'id_masakan' in group statement is ambiguous
CRITICAL - 2022-03-17 08:33:23 --> Column 'id_masakan' in group statement is ambiguous
#0 C:\xampp\htdocs\ukom2\system\Database\MySQLi\Connection.php(292): mysqli->query('SELECT SUM(`har...', 0)
#1 C:\xampp\htdocs\ukom2\system\Database\BaseConnection.php(670): CodeIgniter\Database\MySQLi\Connection->execute('SELECT SUM(`har...')
#2 C:\xampp\htdocs\ukom2\system\Database\BaseConnection.php(598): CodeIgniter\Database\BaseConnection->simpleQuery('SELECT SUM(`har...')
#3 C:\xampp\htdocs\ukom2\system\Database\BaseBuilder.php(1455): CodeIgniter\Database\BaseConnection->query('SELECT SUM(`har...', Array, false)
#4 C:\xampp\htdocs\ukom2\app\Models\CustomModel.php(43): CodeIgniter\Database\BaseBuilder->get()
#5 C:\xampp\htdocs\ukom2\app\Views\pesanan\detail_order.php(31): App\Models\CustomModel->JHargaM('5')
#6 C:\xampp\htdocs\ukom2\system\View\View.php(210): include('C:\\xampp\\htdocs...')
#7 C:\xampp\htdocs\ukom2\system\View\View.php(213): CodeIgniter\View\View->CodeIgniter\View\{closure}()
#8 C:\xampp\htdocs\ukom2\system\Common.php(1089): CodeIgniter\View\View->render('pesanan/detail_...', Array, true)
#9 C:\xampp\htdocs\ukom2\app\Controllers\DetailOrder.php(24): view('pesanan/detail_...', Array)
#10 C:\xampp\htdocs\ukom2\system\CodeIgniter.php(832): App\Controllers\DetailOrder->index()
#11 C:\xampp\htdocs\ukom2\system\CodeIgniter.php(419): CodeIgniter\CodeIgniter->runController(Object(App\Controllers\DetailOrder))
#12 C:\xampp\htdocs\ukom2\system\CodeIgniter.php(326): CodeIgniter\CodeIgniter->handleRequest(NULL, Object(Config\Cache), false)
#13 C:\xampp\htdocs\ukom2\public\index.php(37): CodeIgniter\CodeIgniter->run()
#14 C:\xampp\htdocs\ukom2\system\Commands\Server\rewrite.php(43): require_once('C:\\xampp\\htdocs...')
#15 {main}
ERROR - 2022-03-17 08:33:33 --> Unknown column '5' in 'group statement'
CRITICAL - 2022-03-17 08:33:33 --> Unknown column '5' in 'group statement'
#0 C:\xampp\htdocs\ukom2\system\Database\MySQLi\Connection.php(292): mysqli->query('SELECT SUM(`har...', 0)
#1 C:\xampp\htdocs\ukom2\system\Database\BaseConnection.php(670): CodeIgniter\Database\MySQLi\Connection->execute('SELECT SUM(`har...')
#2 C:\xampp\htdocs\ukom2\system\Database\BaseConnection.php(598): CodeIgniter\Database\BaseConnection->simpleQuery('SELECT SUM(`har...')
#3 C:\xampp\htdocs\ukom2\system\Database\BaseBuilder.php(1455): CodeIgniter\Database\BaseConnection->query('SELECT SUM(`har...', Array, false)
#4 C:\xampp\htdocs\ukom2\app\Models\CustomModel.php(43): CodeIgniter\Database\BaseBuilder->get()
#5 C:\xampp\htdocs\ukom2\app\Views\pesanan\detail_order.php(31): App\Models\CustomModel->JHargaM('5')
#6 C:\xampp\htdocs\ukom2\system\View\View.php(210): include('C:\\xampp\\htdocs...')
#7 C:\xampp\htdocs\ukom2\system\View\View.php(213): CodeIgniter\View\View->CodeIgniter\View\{closure}()
#8 C:\xampp\htdocs\ukom2\system\Common.php(1089): CodeIgniter\View\View->render('pesanan/detail_...', Array, true)
#9 C:\xampp\htdocs\ukom2\app\Controllers\DetailOrder.php(24): view('pesanan/detail_...', Array)
#10 C:\xampp\htdocs\ukom2\system\CodeIgniter.php(832): App\Controllers\DetailOrder->index()
#11 C:\xampp\htdocs\ukom2\system\CodeIgniter.php(419): CodeIgniter\CodeIgniter->runController(Object(App\Controllers\DetailOrder))
#12 C:\xampp\htdocs\ukom2\system\CodeIgniter.php(326): CodeIgniter\CodeIgniter->handleRequest(NULL, Object(Config\Cache), false)
#13 C:\xampp\htdocs\ukom2\public\index.php(37): CodeIgniter\CodeIgniter->run()
#14 C:\xampp\htdocs\ukom2\system\Commands\Server\rewrite.php(43): require_once('C:\\xampp\\htdocs...')
#15 {main}
ERROR - 2022-03-17 08:34:31 --> Column 'id_masakan' in where clause is ambiguous
CRITICAL - 2022-03-17 08:34:31 --> Column 'id_masakan' in where clause is ambiguous
#0 C:\xampp\htdocs\ukom2\system\Database\MySQLi\Connection.php(292): mysqli->query('SELECT SUM(`har...', 0)
#1 C:\xampp\htdocs\ukom2\system\Database\BaseConnection.php(670): CodeIgniter\Database\MySQLi\Connection->execute('SELECT SUM(`har...')
#2 C:\xampp\htdocs\ukom2\system\Database\BaseConnection.php(598): CodeIgniter\Database\BaseConnection->simpleQuery('SELECT SUM(`har...')
#3 C:\xampp\htdocs\ukom2\system\Database\BaseBuilder.php(1455): CodeIgniter\Database\BaseConnection->query('SELECT SUM(`har...', Array, false)
#4 C:\xampp\htdocs\ukom2\app\Models\CustomModel.php(47): CodeIgniter\Database\BaseBuilder->get()
#5 C:\xampp\htdocs\ukom2\app\Views\pesanan\detail_order.php(31): App\Models\CustomModel->JHargaM('5')
#6 C:\xampp\htdocs\ukom2\system\View\View.php(210): include('C:\\xampp\\htdocs...')
#7 C:\xampp\htdocs\ukom2\system\View\View.php(213): CodeIgniter\View\View->CodeIgniter\View\{closure}()
#8 C:\xampp\htdocs\ukom2\system\Common.php(1089): CodeIgniter\View\View->render('pesanan/detail_...', Array, true)
#9 C:\xampp\htdocs\ukom2\app\Controllers\DetailOrder.php(24): view('pesanan/detail_...', Array)
#10 C:\xampp\htdocs\ukom2\system\CodeIgniter.php(832): App\Controllers\DetailOrder->index()
#11 C:\xampp\htdocs\ukom2\system\CodeIgniter.php(419): CodeIgniter\CodeIgniter->runController(Object(App\Controllers\DetailOrder))
#12 C:\xampp\htdocs\ukom2\system\CodeIgniter.php(326): CodeIgniter\CodeIgniter->handleRequest(NULL, Object(Config\Cache), false)
#13 C:\xampp\htdocs\ukom2\public\index.php(37): CodeIgniter\CodeIgniter->run()
#14 C:\xampp\htdocs\ukom2\system\Commands\Server\rewrite.php(43): require_once('C:\\xampp\\htdocs...')
#15 {main}
ERROR - 2022-03-17 08:34:46 --> Column 'id_masakan' in where clause is ambiguous
CRITICAL - 2022-03-17 08:34:46 --> Column 'id_masakan' in where clause is ambiguous
#0 C:\xampp\htdocs\ukom2\system\Database\MySQLi\Connection.php(292): mysqli->query('SELECT SUM(`har...', 0)
#1 C:\xampp\htdocs\ukom2\system\Database\BaseConnection.php(670): CodeIgniter\Database\MySQLi\Connection->execute('SELECT SUM(`har...')
#2 C:\xampp\htdocs\ukom2\system\Database\BaseConnection.php(598): CodeIgniter\Database\BaseConnection->simpleQuery('SELECT SUM(`har...')
#3 C:\xampp\htdocs\ukom2\system\Database\BaseBuilder.php(1455): CodeIgniter\Database\BaseConnection->query('SELECT SUM(`har...', Array, false)
#4 C:\xampp\htdocs\ukom2\app\Models\CustomModel.php(46): CodeIgniter\Database\BaseBuilder->get()
#5 C:\xampp\htdocs\ukom2\app\Views\pesanan\detail_order.php(31): App\Models\CustomModel->JHargaM('5')
#6 C:\xampp\htdocs\ukom2\system\View\View.php(210): include('C:\\xampp\\htdocs...')
#7 C:\xampp\htdocs\ukom2\system\View\View.php(213): CodeIgniter\View\View->CodeIgniter\View\{closure}()
#8 C:\xampp\htdocs\ukom2\system\Common.php(1089): CodeIgniter\View\View->render('pesanan/detail_...', Array, true)
#9 C:\xampp\htdocs\ukom2\app\Controllers\DetailOrder.php(24): view('pesanan/detail_...', Array)
#10 C:\xampp\htdocs\ukom2\system\CodeIgniter.php(832): App\Controllers\DetailOrder->index()
#11 C:\xampp\htdocs\ukom2\system\CodeIgniter.php(419): CodeIgniter\CodeIgniter->runController(Object(App\Controllers\DetailOrder))
#12 C:\xampp\htdocs\ukom2\system\CodeIgniter.php(326): CodeIgniter\CodeIgniter->handleRequest(NULL, Object(Config\Cache), false)
#13 C:\xampp\htdocs\ukom2\public\index.php(37): CodeIgniter\CodeIgniter->run()
#14 C:\xampp\htdocs\ukom2\system\Commands\Server\rewrite.php(43): require_once('C:\\xampp\\htdocs...')
#15 {main}
ERROR - 2022-03-17 08:34:52 --> Unknown column 'harga' in 'field list'
CRITICAL - 2022-03-17 08:34:52 --> Unknown column 'harga' in 'field list'
#0 C:\xampp\htdocs\ukom2\system\Database\MySQLi\Connection.php(292): mysqli->query('SELECT SUM(`har...', 0)
#1 C:\xampp\htdocs\ukom2\system\Database\BaseConnection.php(670): CodeIgniter\Database\MySQLi\Connection->execute('SELECT SUM(`har...')
#2 C:\xampp\htdocs\ukom2\system\Database\BaseConnection.php(598): CodeIgniter\Database\BaseConnection->simpleQuery('SELECT SUM(`har...')
#3 C:\xampp\htdocs\ukom2\system\Database\BaseBuilder.php(1455): CodeIgniter\Database\BaseConnection->query('SELECT SUM(`har...', Array, false)
#4 C:\xampp\htdocs\ukom2\app\Models\CustomModel.php(45): CodeIgniter\Database\BaseBuilder->get()
#5 C:\xampp\htdocs\ukom2\app\Views\pesanan\detail_order.php(31): App\Models\CustomModel->JHargaM('5')
#6 C:\xampp\htdocs\ukom2\system\View\View.php(210): include('C:\\xampp\\htdocs...')
#7 C:\xampp\htdocs\ukom2\system\View\View.php(213): CodeIgniter\View\View->CodeIgniter\View\{closure}()
#8 C:\xampp\htdocs\ukom2\system\Common.php(1089): CodeIgniter\View\View->render('pesanan/detail_...', Array, true)
#9 C:\xampp\htdocs\ukom2\app\Controllers\DetailOrder.php(24): view('pesanan/detail_...', Array)
#10 C:\xampp\htdocs\ukom2\system\CodeIgniter.php(832): App\Controllers\DetailOrder->index()
#11 C:\xampp\htdocs\ukom2\system\CodeIgniter.php(419): CodeIgniter\CodeIgniter->runController(Object(App\Controllers\DetailOrder))
#12 C:\xampp\htdocs\ukom2\system\CodeIgniter.php(326): CodeIgniter\CodeIgniter->handleRequest(NULL, Object(Config\Cache), false)
#13 C:\xampp\htdocs\ukom2\public\index.php(37): CodeIgniter\CodeIgniter->run()
#14 C:\xampp\htdocs\ukom2\system\Commands\Server\rewrite.php(43): require_once('C:\\xampp\\htdocs...')
#15 {main}
ERROR - 2022-03-17 08:34:56 --> Column 'id_masakan' in where clause is ambiguous
CRITICAL - 2022-03-17 08:34:56 --> Column 'id_masakan' in where clause is ambiguous
#0 C:\xampp\htdocs\ukom2\system\Database\MySQLi\Connection.php(292): mysqli->query('SELECT SUM(`har...', 0)
#1 C:\xampp\htdocs\ukom2\system\Database\BaseConnection.php(670): CodeIgniter\Database\MySQLi\Connection->execute('SELECT SUM(`har...')
#2 C:\xampp\htdocs\ukom2\system\Database\BaseConnection.php(598): CodeIgniter\Database\BaseConnection->simpleQuery('SELECT SUM(`har...')
#3 C:\xampp\htdocs\ukom2\system\Database\BaseBuilder.php(1455): CodeIgniter\Database\BaseConnection->query('SELECT SUM(`har...', Array, false)
#4 C:\xampp\htdocs\ukom2\app\Models\CustomModel.php(46): CodeIgniter\Database\BaseBuilder->get()
#5 C:\xampp\htdocs\ukom2\app\Views\pesanan\detail_order.php(31): App\Models\CustomModel->JHargaM('5')
#6 C:\xampp\htdocs\ukom2\system\View\View.php(210): include('C:\\xampp\\htdocs...')
#7 C:\xampp\htdocs\ukom2\system\View\View.php(213): CodeIgniter\View\View->CodeIgniter\View\{closure}()
#8 C:\xampp\htdocs\ukom2\system\Common.php(1089): CodeIgniter\View\View->render('pesanan/detail_...', Array, true)
#9 C:\xampp\htdocs\ukom2\app\Controllers\DetailOrder.php(24): view('pesanan/detail_...', Array)
#10 C:\xampp\htdocs\ukom2\system\CodeIgniter.php(832): App\Controllers\DetailOrder->index()
#11 C:\xampp\htdocs\ukom2\system\CodeIgniter.php(419): CodeIgniter\CodeIgniter->runController(Object(App\Controllers\DetailOrder))
#12 C:\xampp\htdocs\ukom2\system\CodeIgniter.php(326): CodeIgniter\CodeIgniter->handleRequest(NULL, Object(Config\Cache), false)
#13 C:\xampp\htdocs\ukom2\public\index.php(37): CodeIgniter\CodeIgniter->run()
#14 C:\xampp\htdocs\ukom2\system\Commands\Server\rewrite.php(43): require_once('C:\\xampp\\htdocs...')
#15 {main}
ERROR - 2022-03-17 08:37:50 --> Unknown column 'detail_order.5' in 'on clause'
CRITICAL - 2022-03-17 08:37:50 --> Unknown column 'detail_order.5' in 'on clause'
#0 C:\xampp\htdocs\ukom2\system\Database\MySQLi\Connection.php(292): mysqli->query('SELECT SUM(`har...', 0)
#1 C:\xampp\htdocs\ukom2\system\Database\BaseConnection.php(670): CodeIgniter\Database\MySQLi\Connection->execute('SELECT SUM(`har...')
#2 C:\xampp\htdocs\ukom2\system\Database\BaseConnection.php(598): CodeIgniter\Database\BaseConnection->simpleQuery('SELECT SUM(`har...')
#3 C:\xampp\htdocs\ukom2\system\Database\BaseBuilder.php(1455): CodeIgniter\Database\BaseConnection->query('SELECT SUM(`har...', Array, false)
#4 C:\xampp\htdocs\ukom2\app\Models\CustomModel.php(45): CodeIgniter\Database\BaseBuilder->get()
#5 C:\xampp\htdocs\ukom2\app\Views\pesanan\detail_order.php(31): App\Models\CustomModel->JHargaM('5')
#6 C:\xampp\htdocs\ukom2\system\View\View.php(210): include('C:\\xampp\\htdocs...')
#7 C:\xampp\htdocs\ukom2\system\View\View.php(213): CodeIgniter\View\View->CodeIgniter\View\{closure}()
#8 C:\xampp\htdocs\ukom2\system\Common.php(1089): CodeIgniter\View\View->render('pesanan/detail_...', Array, true)
#9 C:\xampp\htdocs\ukom2\app\Controllers\DetailOrder.php(24): view('pesanan/detail_...', Array)
#10 C:\xampp\htdocs\ukom2\system\CodeIgniter.php(832): App\Controllers\DetailOrder->index()
#11 C:\xampp\htdocs\ukom2\system\CodeIgniter.php(419): CodeIgniter\CodeIgniter->runController(Object(App\Controllers\DetailOrder))
#12 C:\xampp\htdocs\ukom2\system\CodeIgniter.php(326): CodeIgniter\CodeIgniter->handleRequest(NULL, Object(Config\Cache), false)
#13 C:\xampp\htdocs\ukom2\public\index.php(37): CodeIgniter\CodeIgniter->run()
#14 C:\xampp\htdocs\ukom2\system\Commands\Server\rewrite.php(43): require_once('C:\\xampp\\htdocs...')
#15 {main}
ERROR - 2022-03-17 08:42:32 --> Column 'id_masakan' in where clause is ambiguous
CRITICAL - 2022-03-17 08:42:32 --> Column 'id_masakan' in where clause is ambiguous
#0 C:\xampp\htdocs\ukom2\system\Database\MySQLi\Connection.php(292): mysqli->query('SELECT SUM(`har...', 0)
#1 C:\xampp\htdocs\ukom2\system\Database\BaseConnection.php(670): CodeIgniter\Database\MySQLi\Connection->execute('SELECT SUM(`har...')
#2 C:\xampp\htdocs\ukom2\system\Database\BaseConnection.php(598): CodeIgniter\Database\BaseConnection->simpleQuery('SELECT SUM(`har...')
#3 C:\xampp\htdocs\ukom2\system\Database\BaseBuilder.php(1455): CodeIgniter\Database\BaseConnection->query('SELECT SUM(`har...', Array, false)
#4 C:\xampp\htdocs\ukom2\app\Models\CustomModel.php(46): CodeIgniter\Database\BaseBuilder->get()
#5 C:\xampp\htdocs\ukom2\app\Views\pesanan\detail_order.php(31): App\Models\CustomModel->JHargaM('5')
#6 C:\xampp\htdocs\ukom2\system\View\View.php(210): include('C:\\xampp\\htdocs...')
#7 C:\xampp\htdocs\ukom2\system\View\View.php(213): CodeIgniter\View\View->CodeIgniter\View\{closure}()
#8 C:\xampp\htdocs\ukom2\system\Common.php(1089): CodeIgniter\View\View->render('pesanan/detail_...', Array, true)
#9 C:\xampp\htdocs\ukom2\app\Controllers\DetailOrder.php(24): view('pesanan/detail_...', Array)
#10 C:\xampp\htdocs\ukom2\system\CodeIgniter.php(832): App\Controllers\DetailOrder->index()
#11 C:\xampp\htdocs\ukom2\system\CodeIgniter.php(419): CodeIgniter\CodeIgniter->runController(Object(App\Controllers\DetailOrder))
#12 C:\xampp\htdocs\ukom2\system\CodeIgniter.php(326): CodeIgniter\CodeIgniter->handleRequest(NULL, Object(Config\Cache), false)
#13 C:\xampp\htdocs\ukom2\public\index.php(37): CodeIgniter\CodeIgniter->run()
#14 C:\xampp\htdocs\ukom2\system\Commands\Server\rewrite.php(43): require_once('C:\\xampp\\htdocs...')
#15 {main}
CRITICAL - 2022-03-17 08:45:40 --> Undefined property: stdClass::$image
#0 C:\xampp\htdocs\ukom2\app\Views\pesanan\detail_order.php(28): CodeIgniter\Debug\Exceptions->errorHandler(2, 'Undefined prope...', 'C:\\xampp\\htdocs...', 28)
#1 C:\xampp\htdocs\ukom2\system\View\View.php(210): include('C:\\xampp\\htdocs...')
#2 C:\xampp\htdocs\ukom2\system\View\View.php(213): CodeIgniter\View\View->CodeIgniter\View\{closure}()
#3 C:\xampp\htdocs\ukom2\system\Common.php(1089): CodeIgniter\View\View->render('pesanan/detail_...', Array, true)
#4 C:\xampp\htdocs\ukom2\app\Controllers\DetailOrder.php(24): view('pesanan/detail_...', Array)
#5 C:\xampp\htdocs\ukom2\system\CodeIgniter.php(832): App\Controllers\DetailOrder->index()
#6 C:\xampp\htdocs\ukom2\system\CodeIgniter.php(419): CodeIgniter\CodeIgniter->runController(Object(App\Controllers\DetailOrder))
#7 C:\xampp\htdocs\ukom2\system\CodeIgniter.php(326): CodeIgniter\CodeIgniter->handleRequest(NULL, Object(Config\Cache), false)
#8 C:\xampp\htdocs\ukom2\public\index.php(37): CodeIgniter\CodeIgniter->run()
#9 C:\xampp\htdocs\ukom2\system\Commands\Server\rewrite.php(43): require_once('C:\\xampp\\htdocs...')
#10 {main}
CRITICAL - 2022-03-17 08:59:29 --> Undefined property: stdClass::$image
#0 C:\xampp\htdocs\ukom2\app\Views\pesanan\detail_order.php(28): CodeIgniter\Debug\Exceptions->errorHandler(2, 'Undefined prope...', 'C:\\xampp\\htdocs...', 28)
#1 C:\xampp\htdocs\ukom2\system\View\View.php(210): include('C:\\xampp\\htdocs...')
#2 C:\xampp\htdocs\ukom2\system\View\View.php(213): CodeIgniter\View\View->CodeIgniter\View\{closure}()
#3 C:\xampp\htdocs\ukom2\system\Common.php(1089): CodeIgniter\View\View->render('pesanan/detail_...', Array, true)
#4 C:\xampp\htdocs\ukom2\app\Controllers\DetailOrder.php(24): view('pesanan/detail_...', Array)
#5 C:\xampp\htdocs\ukom2\system\CodeIgniter.php(832): App\Controllers\DetailOrder->index()
#6 C:\xampp\htdocs\ukom2\system\CodeIgniter.php(419): CodeIgniter\CodeIgniter->runController(Object(App\Controllers\DetailOrder))
#7 C:\xampp\htdocs\ukom2\system\CodeIgniter.php(326): CodeIgniter\CodeIgniter->handleRequest(NULL, Object(Config\Cache), false)
#8 C:\xampp\htdocs\ukom2\public\index.php(37): CodeIgniter\CodeIgniter->run()
#9 C:\xampp\htdocs\ukom2\system\Commands\Server\rewrite.php(43): require_once('C:\\xampp\\htdocs...')
#10 {main}
CRITICAL - 2022-03-17 09:02:53 --> Too few arguments to function App\Models\CustomModel::JPesanan(), 0 passed in C:\xampp\htdocs\ukom2\app\Views\pesanan\detail_order.php on line 26 and exactly 1 expected
#0 C:\xampp\htdocs\ukom2\app\Views\pesanan\detail_order.php(26): App\Models\CustomModel->JPesanan()
#1 C:\xampp\htdocs\ukom2\system\View\View.php(210): include('C:\\xampp\\htdocs...')
#2 C:\xampp\htdocs\ukom2\system\View\View.php(213): CodeIgniter\View\View->CodeIgniter\View\{closure}()
#3 C:\xampp\htdocs\ukom2\system\Common.php(1089): CodeIgniter\View\View->render('pesanan/detail_...', Array, true)
#4 C:\xampp\htdocs\ukom2\app\Controllers\DetailOrder.php(24): view('pesanan/detail_...', Array)
#5 C:\xampp\htdocs\ukom2\system\CodeIgniter.php(832): App\Controllers\DetailOrder->index()
#6 C:\xampp\htdocs\ukom2\system\CodeIgniter.php(419): CodeIgniter\CodeIgniter->runController(Object(App\Controllers\DetailOrder))
#7 C:\xampp\htdocs\ukom2\system\CodeIgniter.php(326): CodeIgniter\CodeIgniter->handleRequest(NULL, Object(Config\Cache), false)
#8 C:\xampp\htdocs\ukom2\public\index.php(37): CodeIgniter\CodeIgniter->run()
#9 C:\xampp\htdocs\ukom2\system\Commands\Server\rewrite.php(43): require_once('C:\\xampp\\htdocs...')
#10 {main}
CRITICAL - 2022-03-17 09:03:15 --> Too few arguments to function App\Models\CustomModel::JPesanan(), 0 passed in C:\xampp\htdocs\ukom2\app\Views\pesanan\detail_order.php on line 26 and exactly 1 expected
#0 C:\xampp\htdocs\ukom2\app\Views\pesanan\detail_order.php(26): App\Models\CustomModel->JPesanan()
#1 C:\xampp\htdocs\ukom2\system\View\View.php(210): include('C:\\xampp\\htdocs...')
#2 C:\xampp\htdocs\ukom2\system\View\View.php(213): CodeIgniter\View\View->CodeIgniter\View\{closure}()
#3 C:\xampp\htdocs\ukom2\system\Common.php(1089): CodeIgniter\View\View->render('pesanan/detail_...', Array, true)
#4 C:\xampp\htdocs\ukom2\app\Controllers\DetailOrder.php(24): view('pesanan/detail_...', Array)
#5 C:\xampp\htdocs\ukom2\system\CodeIgniter.php(832): App\Controllers\DetailOrder->index()
#6 C:\xampp\htdocs\ukom2\system\CodeIgniter.php(419): CodeIgniter\CodeIgniter->runController(Object(App\Controllers\DetailOrder))
#7 C:\xampp\htdocs\ukom2\system\CodeIgniter.php(326): CodeIgniter\CodeIgniter->handleRequest(NULL, Object(Config\Cache), false)
#8 C:\xampp\htdocs\ukom2\public\index.php(37): CodeIgniter\CodeIgniter->run()
#9 C:\xampp\htdocs\ukom2\system\Commands\Server\rewrite.php(43): require_once('C:\\xampp\\htdocs...')
#10 {main}
ERROR - 2022-03-17 09:11:10 --> Column 'id_masakan' in group statement is ambiguous
CRITICAL - 2022-03-17 09:11:10 --> Column 'id_masakan' in group statement is ambiguous
#0 C:\xampp\htdocs\ukom2\system\Database\MySQLi\Connection.php(292): mysqli->query('SELECT *\nFROM `...', 0)
#1 C:\xampp\htdocs\ukom2\system\Database\BaseConnection.php(670): CodeIgniter\Database\MySQLi\Connection->execute('SELECT *\nFROM `...')
#2 C:\xampp\htdocs\ukom2\system\Database\BaseConnection.php(598): CodeIgniter\Database\BaseConnection->simpleQuery('SELECT *\nFROM `...')
#3 C:\xampp\htdocs\ukom2\system\Database\BaseBuilder.php(1455): CodeIgniter\Database\BaseConnection->query('SELECT *\nFROM `...', Array, false)
#4 C:\xampp\htdocs\ukom2\app\Models\CustomModel.php(26): CodeIgniter\Database\BaseBuilder->get()
#5 C:\xampp\htdocs\ukom2\app\Controllers\DetailOrder.php(18): App\Models\CustomModel->getPesanan()
#6 C:\xampp\htdocs\ukom2\system\CodeIgniter.php(832): App\Controllers\DetailOrder->index()
#7 C:\xampp\htdocs\ukom2\system\CodeIgniter.php(419): CodeIgniter\CodeIgniter->runController(Object(App\Controllers\DetailOrder))
#8 C:\xampp\htdocs\ukom2\system\CodeIgniter.php(326): CodeIgniter\CodeIgniter->handleRequest(NULL, Object(Config\Cache), false)
#9 C:\xampp\htdocs\ukom2\public\index.php(37): CodeIgniter\CodeIgniter->run()
#10 C:\xampp\htdocs\ukom2\system\Commands\Server\rewrite.php(43): require_once('C:\\xampp\\htdocs...')
#11 {main}
ERROR - 2022-03-17 09:12:00 --> Column 'id_masakan' in group statement is ambiguous
CRITICAL - 2022-03-17 09:12:00 --> Column 'id_masakan' in group statement is ambiguous
#0 C:\xampp\htdocs\ukom2\system\Database\MySQLi\Connection.php(292): mysqli->query('SELECT *\nFROM `...', 0)
#1 C:\xampp\htdocs\ukom2\system\Database\BaseConnection.php(670): CodeIgniter\Database\MySQLi\Connection->execute('SELECT *\nFROM `...')
#2 C:\xampp\htdocs\ukom2\system\Database\BaseConnection.php(598): CodeIgniter\Database\BaseConnection->simpleQuery('SELECT *\nFROM `...')
#3 C:\xampp\htdocs\ukom2\system\Database\BaseBuilder.php(1455): CodeIgniter\Database\BaseConnection->query('SELECT *\nFROM `...', Array, false)
#4 C:\xampp\htdocs\ukom2\app\Models\CustomModel.php(26): CodeIgniter\Database\BaseBuilder->get()
#5 C:\xampp\htdocs\ukom2\app\Controllers\DetailOrder.php(18): App\Models\CustomModel->getPesanan()
#6 C:\xampp\htdocs\ukom2\system\CodeIgniter.php(832): App\Controllers\DetailOrder->index()
#7 C:\xampp\htdocs\ukom2\system\CodeIgniter.php(419): CodeIgniter\CodeIgniter->runController(Object(App\Controllers\DetailOrder))
#8 C:\xampp\htdocs\ukom2\system\CodeIgniter.php(326): CodeIgniter\CodeIgniter->handleRequest(NULL, Object(Config\Cache), false)
#9 C:\xampp\htdocs\ukom2\public\index.php(37): CodeIgniter\CodeIgniter->run()
#10 C:\xampp\htdocs\ukom2\system\Commands\Server\rewrite.php(43): require_once('C:\\xampp\\htdocs...')
#11 {main}
ERROR - 2022-03-17 21:23:13 --> Error connecting to the database: No connection could be made because the target machine actively refused it
CRITICAL - 2022-03-17 21:23:13 --> Unable to connect to the database.
Main connection [MySQLi]: No connection could be made because the target machine actively refused it
#0 C:\xampp\htdocs\ukom2\system\Database\BaseConnection.php(577): CodeIgniter\Database\BaseConnection->initialize()
#1 C:\xampp\htdocs\ukom2\system\Database\BaseBuilder.php(1455): CodeIgniter\Database\BaseConnection->query('SELECT *\nFROM `...', Array, false)
#2 C:\xampp\htdocs\ukom2\system\Model.php(210): CodeIgniter\Database\BaseBuilder->get()
#3 C:\xampp\htdocs\ukom2\system\BaseModel.php(622): CodeIgniter\Model->doFirst()
#4 C:\xampp\htdocs\ukom2\app\Validation\UsersRules.php(14): CodeIgniter\BaseModel->first()
#5 C:\xampp\htdocs\ukom2\system\Validation\Validation.php(292): App\Validation\UsersRules->validateUsers('admin', 'username,passwo...', Array, NULL)
#6 C:\xampp\htdocs\ukom2\system\Validation\Validation.php(157): CodeIgniter\Validation\Validation->processRules('password', 'password', 'admin', Array, Array)
#7 C:\xampp\htdocs\ukom2\system\Controller.php(160): CodeIgniter\Validation\Validation->run()
#8 C:\xampp\htdocs\ukom2\app\Controllers\Login.php(39): CodeIgniter\Controller->validate(Array)
#9 C:\xampp\htdocs\ukom2\system\CodeIgniter.php(832): App\Controllers\Login->index()
#10 C:\xampp\htdocs\ukom2\system\CodeIgniter.php(419): CodeIgniter\CodeIgniter->runController(Object(App\Controllers\Login))
#11 C:\xampp\htdocs\ukom2\system\CodeIgniter.php(326): CodeIgniter\CodeIgniter->handleRequest(NULL, Object(Config\Cache), false)
#12 C:\xampp\htdocs\ukom2\public\index.php(37): CodeIgniter\CodeIgniter->run()
#13 C:\xampp\htdocs\ukom2\system\Commands\Server\rewrite.php(43): require_once('C:\\xampp\\htdocs...')
#14 {main}
CRITICAL - 2022-03-17 22:30:57 --> Attempt to read property "id_masakan" on array
#0 C:\xampp\htdocs\ukom2\app\Views\pesanan\masakan\masakan.php(347): CodeIgniter\Debug\Exceptions->errorHandler(2, 'Attempt to read...', 'C:\\xampp\\htdocs...', 347)
#1 C:\xampp\htdocs\ukom2\system\View\View.php(210): include('C:\\xampp\\htdocs...')
#2 C:\xampp\htdocs\ukom2\system\View\View.php(213): CodeIgniter\View\View->CodeIgniter\View\{closure}()
#3 C:\xampp\htdocs\ukom2\system\Common.php(1089): CodeIgniter\View\View->render('pesanan/masakan...', Array, true)
#4 C:\xampp\htdocs\ukom2\app\Controllers\Masakan.php(38): view('pesanan/masakan...', Array)
#5 C:\xampp\htdocs\ukom2\system\CodeIgniter.php(832): App\Controllers\Masakan->index()
#6 C:\xampp\htdocs\ukom2\system\CodeIgniter.php(419): CodeIgniter\CodeIgniter->runController(Object(App\Controllers\Masakan))
#7 C:\xampp\htdocs\ukom2\system\CodeIgniter.php(326): CodeIgniter\CodeIgniter->handleRequest(NULL, Object(Config\Cache), false)
#8 C:\xampp\htdocs\ukom2\public\index.php(37): CodeIgniter\CodeIgniter->run()
#9 C:\xampp\htdocs\ukom2\system\Commands\Server\rewrite.php(43): require_once('C:\\xampp\\htdocs...')
#10 {main}
CRITICAL - 2022-03-17 22:30:58 --> Attempt to read property "id_masakan" on array
#0 C:\xampp\htdocs\ukom2\app\Views\pesanan\masakan\masakan.php(347): CodeIgniter\Debug\Exceptions->errorHandler(2, 'Attempt to read...', 'C:\\xampp\\htdocs...', 347)
#1 C:\xampp\htdocs\ukom2\system\View\View.php(210): include('C:\\xampp\\htdocs...')
#2 C:\xampp\htdocs\ukom2\system\View\View.php(213): CodeIgniter\View\View->CodeIgniter\View\{closure}()
#3 C:\xampp\htdocs\ukom2\system\Common.php(1089): CodeIgniter\View\View->render('pesanan/masakan...', Array, true)
#4 C:\xampp\htdocs\ukom2\app\Controllers\Masakan.php(38): view('pesanan/masakan...', Array)
#5 C:\xampp\htdocs\ukom2\system\CodeIgniter.php(832): App\Controllers\Masakan->index()
#6 C:\xampp\htdocs\ukom2\system\CodeIgniter.php(419): CodeIgniter\CodeIgniter->runController(Object(App\Controllers\Masakan))
#7 C:\xampp\htdocs\ukom2\system\CodeIgniter.php(326): CodeIgniter\CodeIgniter->handleRequest(NULL, Object(Config\Cache), false)
#8 C:\xampp\htdocs\ukom2\public\index.php(37): CodeIgniter\CodeIgniter->run()
#9 C:\xampp\htdocs\ukom2\system\Commands\Server\rewrite.php(43): require_once('C:\\xampp\\htdocs...')
#10 {main}
